2009-09-23T20:34:56	s1vc	-0.00375
2009-09-23T20:34:56	s2vc	-0.00124
2009-09-23T20:34:56	PolZ1	20.0276
2009-09-23T20:34:56	PolZ2	0.773
2009-09-23T20:34:56	PolTh2	0.0045
2009-09-23T20:34:57	s1vc	-0.00950
2009-09-23T20:34:57	s2vc	-0.00699
2009-09-23T20:34:57	s4vc	0.00425
2009-09-23T20:34:57	b2s	-7.952
2009-09-23T20:34:57	PolZ1	20.0273
2009-09-23T20:34:57	PolZ2	1.7321
2009-09-23T20:34:57	PolTh2	0
2009-09-23T20:34:59	s1vc	-0.01149
2009-09-23T20:34:59	s2vc	-0.00749
2009-09-23T20:34:59	s4vc	-0.00049
2009-09-23T20:34:59	b2s	-7.953
2009-09-23T20:34:59	PolZ2	2.6543
2009-09-23T20:35:00	s1vc	-0.00675
2009-09-23T20:35:00	s2vc	-0.00100
2009-09-23T20:35:00	s4vc	-0.00050
2009-09-23T20:35:00	b2s	-7.952
2009-09-23T20:35:00	PolZ1	20.0274
2009-09-23T20:35:00	PolZ2	3.8109
2009-09-23T20:35:01	s1vc	-0.00025
2009-09-23T20:35:01	s2vc	0.00024
2009-09-23T20:35:01	b2s	-7.953
2009-09-23T20:35:01	PolZ2	4.8573
2009-09-23T20:35:02	s1vc	0.00025
2009-09-23T20:35:02	s2vc	0.00049
2009-09-23T20:35:02	b2s	-7.951
2009-09-23T20:35:02	PolZ2	5.8515
2009-09-23T20:35:03	s1vc	0
2009-09-23T20:35:03	b2s	-7.953
2009-09-23T20:35:03	PolZ1	20.0276
2009-09-23T20:35:03	PolZ2	6.7691
2009-09-23T20:35:05	PolZ1	20.0275
2009-09-23T20:35:05	PolZ2	7.8059
2009-09-23T20:35:06	PolZ2	8.7931
2009-09-23T20:35:07	PolZ2	9.826
2009-09-23T20:35:08	PolZ2	10.6075
2009-09-23T20:35:09	PolZ1	20.0274
2009-09-23T20:35:09	PolZ2	11.6362
2009-09-23T20:35:10	PolZ1	20.0276
2009-09-23T20:35:10	PolZ2	12.6784
2009-09-23T20:35:12	PolZ2	13.466
2009-09-23T20:35:13	PolZ2	14.4707
2009-09-23T20:35:14	PolZ1	20.0275
2009-09-23T20:35:14	PolZ2	15.4846
2009-09-23T20:35:15	b2s	-7.952
2009-09-23T20:35:15	PolZ2	16.2529
2009-09-23T20:35:16	b2s	-7.953
2009-09-23T20:35:16	PolZ1	20.0274
2009-09-23T20:35:16	PolZ2	17.3123
2009-09-23T20:35:17	PolZ1	20.0276
2009-09-23T20:35:17	PolZ2	18.3111
2009-09-23T20:35:18	PolZ1	20.0274
2009-09-23T20:35:18	PolZ2	19.3777
2009-09-23T20:35:20	b2s	-7.952
2009-09-23T20:35:20	PolZ1	20.0275
2009-09-23T20:35:20	PolZ2	19.9681
2009-09-23T20:35:21	b2s	-7.953
2009-09-23T20:35:21	PolZ2	19.9999
2009-09-23T20:35:22	PolZ2	20.0001
2009-09-23T20:35:25	b1v1	23.954
2009-09-23T20:35:25	b1v2	64.631
2009-09-23T20:35:25	b1s	-7.795
2009-09-23T20:35:25	b1va	1.49556
2009-09-23T20:35:25	b1vh	44.2925
2009-09-23T20:35:25	b2v1	177.196
2009-09-23T20:35:25	b2v2	261.78
2009-09-23T20:35:25	b2s	-8.032
2009-09-23T20:35:25	b2va	3.10754
2009-09-23T20:35:25	b2vh	219.488
2009-09-23T20:35:25	sv2	112.185
2009-09-23T20:35:25	svtotal	129.425
2009-09-23T20:35:26	b1v1	23.71
2009-09-23T20:35:26	b1v2	63.969
2009-09-23T20:35:26	b1s	-7.917
2009-09-23T20:35:26	b1va	1.48020
2009-09-23T20:35:26	b1vh	43.8395
2009-09-23T20:35:26	b2v1	176.365
2009-09-23T20:35:26	b2v2	261.37
2009-09-23T20:35:26	b2s	-8.177
2009-09-23T20:35:26	b2va	3.12298
2009-09-23T20:35:26	b2vh	218.8675
2009-09-23T20:35:26	sv2	111.32
2009-09-23T20:35:26	svtotal	128.56
2009-09-23T20:35:28	b1v1	23.472
2009-09-23T20:35:28	b1v2	63.329
2009-09-23T20:35:28	b1s	-8.035
2009-09-23T20:35:28	b1va	1.46542
2009-09-23T20:35:28	b1vh	43.4005
2009-09-23T20:35:28	b2v1	175.499
2009-09-23T20:35:28	b2v2	260.94
2009-09-23T20:35:28	b2s	-8.333
2009-09-23T20:35:28	b2va	3.13896
2009-09-23T20:35:28	b2vh	218.2195
2009-09-23T20:35:28	sv2	110.015
2009-09-23T20:35:28	svtotal	127.255
2009-09-23T20:35:29	b1v1	23.208
2009-09-23T20:35:29	b1v2	62.621
2009-09-23T20:35:29	b1s	-8.166
2009-09-23T20:35:29	b1va	1.44911
2009-09-23T20:35:29	b1vh	42.9145
2009-09-23T20:35:29	b2v1	174.683
2009-09-23T20:35:29	b2v2	260.535
2009-09-23T20:35:29	b2s	-8.476
2009-09-23T20:35:29	b2va	3.15403
2009-09-23T20:35:29	b2vh	217.609
2009-09-23T20:35:29	sv2	108.785
2009-09-23T20:35:29	svtotal	126.025
2009-09-23T20:35:29	PolZ2	20.0002
2009-09-23T20:35:30	b1v1	22.946
2009-09-23T20:35:30	b1v2	61.911
2009-09-23T20:35:30	b1s	-8.305
2009-09-23T20:35:30	b1va	1.43264
2009-09-23T20:35:30	b1vh	42.4285
2009-09-23T20:35:30	b2v1	173.794
2009-09-23T20:35:30	b2v2	260.094
2009-09-23T20:35:30	b2s	-8.631
2009-09-23T20:35:30	b2va	3.17046
2009-09-23T20:35:30	b2vh	216.944
2009-09-23T20:35:30	sv2	107.545
2009-09-23T20:35:30	svtotal	124.785
2009-09-23T20:35:31	b1v1	22.685
2009-09-23T20:35:31	b1v2	61.205
2009-09-23T20:35:31	b1s	-8.441
2009-09-23T20:35:31	b1va	1.41629
2009-09-23T20:35:31	b1vh	41.945
2009-09-23T20:35:31	b2v1	172.914
2009-09-23T20:35:31	b2v2	259.656
2009-09-23T20:35:31	b2s	-8.794
2009-09-23T20:35:31	b2va	3.18666
2009-09-23T20:35:31	b2vh	216.285
2009-09-23T20:35:31	sv2	106.505
2009-09-23T20:35:31	svtotal	123.745
2009-09-23T20:35:32	b1v1	22.457
2009-09-23T20:35:32	b1v2	60.596
2009-09-23T20:35:32	b1s	-8.562
2009-09-23T20:35:32	b1va	1.39971
2009-09-23T20:35:32	b1vh	41.4515
2009-09-23T20:35:32	b2v1	172.081
2009-09-23T20:35:32	b2v2	259.243
2009-09-23T20:35:32	b2s	-8.945
2009-09-23T20:35:32	b2va	3.20206
2009-09-23T20:35:32	b2vh	215.662
2009-09-23T20:35:32	sv2	105.255
2009-09-23T20:35:32	svtotal	122.495
2009-09-23T20:35:33	b1v1	22.224
2009-09-23T20:35:33	b1v2	59.97
2009-09-23T20:35:33	b1s	-8.686
2009-09-23T20:35:33	b1va	1.38784
2009-09-23T20:35:33	b1vh	41.097
2009-09-23T20:35:33	b2v1	171.362
2009-09-23T20:35:33	b2v2	258.887
2009-09-23T20:35:33	b2s	-9.079
2009-09-23T20:35:33	b2va	3.21537
2009-09-23T20:35:33	b2vh	215.1245
2009-09-23T20:35:33	sv2	104.095
2009-09-23T20:35:33	svtotal	121.335
2009-09-23T20:35:35	b1v1	21.949
2009-09-23T20:35:35	b1v2	59.22
2009-09-23T20:35:35	b1s	-8.832
2009-09-23T20:35:35	b1va	1.37038
2009-09-23T20:35:35	b1vh	40.5845
2009-09-23T20:35:35	b2v1	170.424
2009-09-23T20:35:35	b2v2	258.423
2009-09-23T20:35:35	b2s	-9.25
2009-09-23T20:35:35	b2va	3.23274
2009-09-23T20:35:35	b2vh	214.4235
2009-09-23T20:35:35	sv2	102.875
2009-09-23T20:35:35	svtotal	120.115
2009-09-23T20:35:36	b1v1	21.686
2009-09-23T20:35:36	b1v2	58.509
2009-09-23T20:35:36	b1s	-8.972
2009-09-23T20:35:36	b1va	1.35392
2009-09-23T20:35:36	b1vh	40.0975
2009-09-23T20:35:36	b2v1	169.537
2009-09-23T20:35:36	b2v2	257.983
2009-09-23T20:35:36	b2s	-9.411
2009-09-23T20:35:36	b2va	3.24913
2009-09-23T20:35:36	b2vh	213.76
2009-09-23T20:35:36	sv2	101.825
2009-09-23T20:35:36	svtotal	119.065
2009-09-23T20:35:37	b1v1	21.476
2009-09-23T20:35:37	b1v2	57.945
2009-09-23T20:35:37	b1s	-9.082
2009-09-23T20:35:37	b1va	1.34091
2009-09-23T20:35:37	b1vh	39.7105
2009-09-23T20:35:37	b2v1	168.664
2009-09-23T20:35:37	b2v2	257.549
2009-09-23T20:35:37	b2s	-9.563
2009-09-23T20:35:37	b2va	3.26522
2009-09-23T20:35:37	b2vh	213.1065
2009-09-23T20:35:37	sv2	100.65
2009-09-23T20:35:37	svtotal	117.89
2009-09-23T20:35:38	b1v1	21.198
2009-09-23T20:35:38	b1v2	57.197
2009-09-23T20:35:38	b1s	-9.23
2009-09-23T20:35:38	b1va	1.32363
2009-09-23T20:35:38	b1vh	39.1975
2009-09-23T20:35:38	b2v1	167.968
2009-09-23T20:35:38	b2v2	257.203
2009-09-23T20:35:38	b2s	-9.687
2009-09-23T20:35:38	b2va	3.27805
2009-09-23T20:35:38	b2vh	212.5855
2009-09-23T20:35:38	sv2	99.36
2009-09-23T20:35:38	svtotal	116.6
2009-09-23T20:35:39	b1v1	20.944
2009-09-23T20:35:39	b1v2	56.51
2009-09-23T20:35:39	b1s	-9.364
2009-09-23T20:35:39	b1va	1.30772
2009-09-23T20:35:39	b1vh	38.727
2009-09-23T20:35:39	b2v1	167.04
2009-09-23T20:35:39	b2v2	256.742
2009-09-23T20:35:39	b2s	-9.851
2009-09-23T20:35:39	b2va	3.29517
2009-09-23T20:35:39	b2vh	211.891
2009-09-23T20:35:39	sv2	98.365
2009-09-23T20:35:39	svtotal	115.605
2009-09-23T20:35:40	b1v1	20.729
2009-09-23T20:35:40	b1v2	55.93
2009-09-23T20:35:40	b1s	-9.478
2009-09-23T20:35:40	b1va	1.29430
2009-09-23T20:35:40	b1vh	38.3295
2009-09-23T20:35:40	b2v1	166.147
2009-09-23T20:35:40	b2v2	256.3
2009-09-23T20:35:40	b2s	-10.003
2009-09-23T20:35:40	b2va	3.31170
2009-09-23T20:35:40	b2vh	211.2235
2009-09-23T20:35:40	sv2	97.165
2009-09-23T20:35:40	svtotal	114.405
2009-09-23T20:35:41	b1v1	20.458
2009-09-23T20:35:41	b1v2	55.203
2009-09-23T20:35:41	b1s	-9.622
2009-09-23T20:35:41	b1va	1.27754
2009-09-23T20:35:41	b1vh	37.8305
2009-09-23T20:35:41	b2v1	165.471
2009-09-23T20:35:41	b2v2	255.966
2009-09-23T20:35:41	b2s	-10.124
2009-09-23T20:35:41	b2va	3.32423
2009-09-23T20:35:41	b2vh	210.7185
2009-09-23T20:35:41	sv2	95.855
2009-09-23T20:35:41	svtotal	113.095
2009-09-23T20:35:43	b1v1	20.197
2009-09-23T20:35:43	b1v2	54.501
2009-09-23T20:35:43	b1s	-9.759
2009-09-23T20:35:43	b1va	1.26133
2009-09-23T20:35:43	b1vh	37.349
2009-09-23T20:35:43	b2v1	164.591
2009-09-23T20:35:43	b2v2	255.531
2009-09-23T20:35:43	b2s	-10.276
2009-09-23T20:35:43	b2va	3.34054
2009-09-23T20:35:43	b2vh	210.061
2009-09-23T20:35:43	sv2	94.875
2009-09-23T20:35:43	svtotal	112.115
2009-09-23T20:35:44	b1v1	19.928
2009-09-23T20:35:44	b1v2	53.771
2009-09-23T20:35:44	b1s	-9.904
2009-09-23T20:35:44	b1va	1.24438
2009-09-23T20:35:44	b1vh	36.8495
2009-09-23T20:35:44	b2v1	163.692
2009-09-23T20:35:44	b2v2	255.084
2009-09-23T20:35:44	b2s	-10.432
2009-09-23T20:35:44	b2va	3.35711
2009-09-23T20:35:44	b2vh	209.388
2009-09-23T20:35:44	sv2	93.63
2009-09-23T20:35:44	svtotal	110.87
2009-09-23T20:35:45	b1v1	19.687
2009-09-23T20:35:45	b1v2	53.118
2009-09-23T20:35:45	b1s	-10.031
2009-09-23T20:35:45	b1va	1.22924
2009-09-23T20:35:45	b1vh	36.4025
2009-09-23T20:35:45	b2v1	162.794
2009-09-23T20:35:45	b2v2	254.638
2009-09-23T20:35:45	b2s	-10.589
2009-09-23T20:35:45	b2va	3.37367
2009-09-23T20:35:45	b2vh	208.716
2009-09-23T20:35:45	sv2	92.38
2009-09-23T20:35:45	svtotal	109.62
2009-09-23T20:35:46	b1v1	19.481
2009-09-23T20:35:46	b1v2	52.566
2009-09-23T20:35:46	b1s	-10.14
2009-09-23T20:35:46	b1va	1.21652
2009-09-23T20:35:46	b1vh	36.0235
2009-09-23T20:35:46	b2v1	161.897
2009-09-23T20:35:46	b2v2	254.192
2009-09-23T20:35:46	b2s	-10.744
2009-09-23T20:35:46	b2va	3.39020
2009-09-23T20:35:46	b2vh	208.0445
2009-09-23T20:35:46	sv2	91.245
2009-09-23T20:35:46	svtotal	108.485
2009-09-23T20:35:47	b1v1	19.188
2009-09-23T20:35:47	b1v2	51.781
2009-09-23T20:35:47	b1s	-10.293
2009-09-23T20:35:47	b1va	1.19843
2009-09-23T20:35:47	b1vh	35.4845
2009-09-23T20:35:47	b2v1	161.188
2009-09-23T20:35:47	b2v2	253.84
2009-09-23T20:35:47	b2s	-10.865
2009-09-23T20:35:47	b2va	3.40328
2009-09-23T20:35:47	b2vh	207.514
2009-09-23T20:35:47	sv2	90.055
2009-09-23T20:35:47	svtotal	107.295
2009-09-23T20:35:48	b1v1	18.965
2009-09-23T20:35:48	b1v2	51.065
2009-09-23T20:35:48	b1s	-10.433
2009-09-23T20:35:48	b1va	1.18178
2009-09-23T20:35:48	b1vh	34.995
2009-09-23T20:35:48	b2v1	160.295
2009-09-23T20:35:48	b2v2	253.397
2009-09-23T20:35:48	b2s	-11.02
2009-09-23T20:35:48	b2va	3.41977
2009-09-23T20:35:48	b2vh	206.846
2009-09-23T20:35:48	sv2	88.915
2009-09-23T20:35:48	svtotal	106.155
2009-09-23T20:35:50	b1v1	18.717
2009-09-23T20:35:50	b1v2	50.503
2009-09-23T20:35:50	b1s	-10.543
2009-09-23T20:35:50	b1va	1.16877
2009-09-23T20:35:50	b1vh	34.61
2009-09-23T20:35:50	b2v1	159.456
2009-09-23T20:35:50	b2v2	252.982
2009-09-23T20:35:50	b2s	-11.165
2009-09-23T20:35:50	b2va	3.43531
2009-09-23T20:35:50	b2vh	206.219
2009-09-23T20:35:50	sv2	87.755
2009-09-23T20:35:50	svtotal	104.995
2009-09-23T20:35:51	b1v1	18.441
2009-09-23T20:35:51	b1v2	49.764
2009-09-23T20:35:51	b1s	-10.687
2009-09-23T20:35:51	b1va	1.15175
2009-09-23T20:35:51	b1vh	34.1025
2009-09-23T20:35:51	b2v1	158.664
2009-09-23T20:35:51	b2v2	252.589
2009-09-23T20:35:51	b2s	-11.306
2009-09-23T20:35:51	b2va	3.44993
2009-09-23T20:35:51	b2vh	205.6265
2009-09-23T20:35:51	sv2	86.465
2009-09-23T20:35:51	svtotal	103.705
2009-09-23T20:35:52	b1v1	18.179
2009-09-23T20:35:52	b1v2	49.059
2009-09-23T20:35:52	b1s	-10.826
2009-09-23T20:35:52	b1va	1.13546
2009-09-23T20:35:52	b1vh	33.619
2009-09-23T20:35:52	b2v1	157.783
2009-09-23T20:35:52	b2v2	252.153
2009-09-23T20:35:52	b2s	-11.463
2009-09-23T20:35:52	b2va	3.46624
2009-09-23T20:35:52	b2vh	204.968
2009-09-23T20:35:52	sv2	85.43
2009-09-23T20:35:52	svtotal	102.67
2009-09-23T20:35:53	b1v1	17.973
2009-09-23T20:35:53	b1v2	48.389
2009-09-23T20:35:53	b1s	-10.955
2009-09-23T20:35:53	b1va	1.11988
2009-09-23T20:35:53	b1vh	33.161
2009-09-23T20:35:53	b2v1	156.881
2009-09-23T20:35:53	b2v2	251.703
2009-09-23T20:35:53	b2s	-11.62
2009-09-23T20:35:53	b2va	3.48280
2009-09-23T20:35:53	b2vh	204.292
2009-09-23T20:35:53	sv2	84.275
2009-09-23T20:35:53	svtotal	101.515
2009-09-23T20:35:54	b1v1	17.708
2009-09-23T20:35:54	b1v2	47.781
2009-09-23T20:35:54	b1s	-11.075
2009-09-23T20:35:54	b1va	1.10580
2009-09-23T20:35:54	b1vh	32.7445
2009-09-23T20:35:54	b2v1	156.049
2009-09-23T20:35:54	b2v2	251.291
2009-09-23T20:35:54	b2s	-11.76
2009-09-23T20:35:54	b2va	3.49819
2009-09-23T20:35:54	b2vh	203.67
2009-09-23T20:35:54	sv2	83.03
2009-09-23T20:35:54	svtotal	100.27
2009-09-23T20:35:55	b1v1	17.457
2009-09-23T20:35:55	b1v2	47.109
2009-09-23T20:35:55	b1s	-11.206
2009-09-23T20:35:55	b1va	1.09032
2009-09-23T20:35:55	b1vh	32.283
2009-09-23T20:35:55	b2v1	155.372
2009-09-23T20:35:55	b2v2	250.956
2009-09-23T20:35:55	b2s	-11.924
2009-09-23T20:35:55	b2va	3.51544
2009-09-23T20:35:55	b2vh	202.9705
2009-09-23T20:35:55	sv2	81.815
2009-09-23T20:35:55	svtotal	99.055
2009-09-23T20:35:56	b1v1	17.179
2009-09-23T20:35:56	b1v2	46.362
2009-09-23T20:35:56	b1s	-11.353
2009-09-23T20:35:56	b1va	1.07308
2009-09-23T20:35:56	b1vh	31.7705
2009-09-23T20:35:56	b2v1	154.411
2009-09-23T20:35:56	b2v2	250.479
2009-09-23T20:35:56	b2s	-12.046
2009-09-23T20:35:56	b2va	3.52845
2009-09-23T20:35:56	b2vh	202.445
2009-09-23T20:35:56	sv2	80.75
2009-09-23T20:35:56	svtotal	97.99
2009-09-23T20:35:58	b1v1	16.929
2009-09-23T20:35:58	b1v2	45.682
2009-09-23T20:35:58	b1s	-11.487
2009-09-23T20:35:58	b1va	1.05727
2009-09-23T20:35:58	b1vh	31.3055
2009-09-23T20:35:58	b2v1	153.559
2009-09-23T20:35:58	b2v2	250.057
2009-09-23T20:35:58	b2s	-12.193
2009-09-23T20:35:58	b2va	3.54420
2009-09-23T20:35:58	b2vh	201.808
2009-09-23T20:35:58	sv2	79.575
2009-09-23T20:35:58	svtotal	96.815
2009-09-23T20:35:59	b1v1	16.717
2009-09-23T20:35:59	b1v2	45.11
2009-09-23T20:35:59	b1s	-11.599
2009-09-23T20:35:59	b1va	1.04404
2009-09-23T20:35:59	b1vh	30.9135
2009-09-23T20:35:59	b2v1	152.679
2009-09-23T20:35:59	b2v2	249.621
2009-09-23T20:35:59	b2s	-12.353
2009-09-23T20:35:59	b2va	3.56047
2009-09-23T20:35:59	b2vh	201.15
2009-09-23T20:35:59	sv2	78.355
2009-09-23T20:35:59	svtotal	95.595
2009-09-23T20:36:00	b1v1	16.44
2009-09-23T20:36:00	b1v2	44.368
2009-09-23T20:36:00	b1s	-11.746
2009-09-23T20:36:00	b1va	1.02694
2009-09-23T20:36:00	b1vh	30.404
2009-09-23T20:36:00	b2v1	151.947
2009-09-23T20:36:00	b2v2	249.257
2009-09-23T20:36:00	b2s	-12.48
2009-09-23T20:36:00	b2va	3.57395
2009-09-23T20:36:00	b2vh	200.602
2009-09-23T20:36:00	sv2	77.105
2009-09-23T20:36:00	svtotal	94.345
2009-09-23T20:36:01	b1v1	16.197
2009-09-23T20:36:01	b1v2	43.715
2009-09-23T20:36:01	b1s	-11.873
2009-09-23T20:36:01	b1va	1.01187
2009-09-23T20:36:01	b1vh	29.956
2009-09-23T20:36:01	b2v1	151.031
2009-09-23T20:36:01	b2v2	248.803
2009-09-23T20:36:01	b2s	-12.639
2009-09-23T20:36:01	b2va	3.59087
2009-09-23T20:36:01	b2vh	199.917
2009-09-23T20:36:01	sv2	76.155
2009-09-23T20:36:01	svtotal	93.395
2009-09-23T20:36:02	b1v1	15.982
2009-09-23T20:36:02	b1v2	43.13
2009-09-23T20:36:02	b1s	-11.988
2009-09-23T20:36:02	b1va	0.99827
2009-09-23T20:36:02	b1vh	29.556
2009-09-23T20:36:02	b2v1	150.202
2009-09-23T20:36:02	b2v2	248.392
2009-09-23T20:36:02	b2s	-12.786
2009-09-23T20:36:02	b2va	3.60618
2009-09-23T20:36:02	b2vh	199.297
2009-09-23T20:36:02	sv2	74.915
2009-09-23T20:36:02	svtotal	92.155
2009-09-23T20:36:03	b1v1	15.699
2009-09-23T20:36:03	b1v2	42.363
2009-09-23T20:36:03	b1s	-12.138
2009-09-23T20:36:03	b1va	0.98047
2009-09-23T20:36:03	b1vh	29.031
2009-09-23T20:36:03	b2v1	149.408
2009-09-23T20:36:03	b2v2	247.999
2009-09-23T20:36:03	b2s	-12.922
2009-09-23T20:36:03	b2va	3.62087
2009-09-23T20:36:03	b2vh	198.6005
2009-09-23T20:36:03	sv2	73.635
2009-09-23T20:36:03	svtotal	90.875
2009-09-23T20:36:05	b1v1	15.448
2009-09-23T20:36:05	b1v2	41.689
2009-09-23T20:36:05	b1s	-12.271
2009-09-23T20:36:05	b1va	0.96492
2009-09-23T20:36:05	b1vh	28.5685
2009-09-23T20:36:05	b2v1	148.495
2009-09-23T20:36:05	b2v2	247.546
2009-09-23T20:36:05	b2s	-13.079
2009-09-23T20:36:05	b2va	3.63772
2009-09-23T20:36:05	b2vh	198.0205
2009-09-23T20:36:05	sv2	72.65
2009-09-23T20:36:05	svtotal	89.89
2009-09-23T20:36:05	PolZ1	20.0276
2009-09-23T20:36:06	b1v1	15.231
2009-09-23T20:36:06	b1v2	41.108
2009-09-23T20:36:06	b1s	-12.385
2009-09-23T20:36:06	b1va	0.95154
2009-09-23T20:36:06	b1vh	28.1695
2009-09-23T20:36:06	b2v1	147.601
2009-09-23T20:36:06	b2v2	247.102
2009-09-23T20:36:06	b2s	-13.239
2009-09-23T20:36:06	b2va	3.65420
2009-09-23T20:36:06	b2vh	197.3515
2009-09-23T20:36:06	sv2	71.4
2009-09-23T20:36:06	svtotal	88.64
2009-09-23T20:36:06	PolZ1	20.0275
2009-09-23T20:36:07	b1v1	14.976
2009-09-23T20:36:07	b1v2	40.418
2009-09-23T20:36:07	b1s	-12.52
2009-09-23T20:36:07	b1va	0.93555
2009-09-23T20:36:07	b1vh	27.697
2009-09-23T20:36:07	b2v1	146.81
2009-09-23T20:36:07	b2v2	246.71
2009-09-23T20:36:07	b2s	-13.381
2009-09-23T20:36:07	b2va	3.66882
2009-09-23T20:36:07	b2vh	196.76
2009-09-23T20:36:07	sv2	70.21
2009-09-23T20:36:07	svtotal	87.45
2009-09-23T20:36:08	b1v1	14.701
2009-09-23T20:36:08	b1v2	39.674
2009-09-23T20:36:08	b1s	-12.668
2009-09-23T20:36:08	b1va	0.91830
2009-09-23T20:36:08	b1vh	27.1875
2009-09-23T20:36:08	b2v1	146.056
2009-09-23T20:36:08	b2v2	246.337
2009-09-23T20:36:08	b2s	-13.518
2009-09-23T20:36:08	b2va	3.68277
2009-09-23T20:36:08	b2vh	196.1965
2009-09-23T20:36:08	sv2	68.925
2009-09-23T20:36:08	svtotal	86.165
2009-09-23T20:36:09	b1v1	14.452
2009-09-23T20:36:09	b1v2	39.006
2009-09-23T20:36:09	b1s	-12.798
2009-09-23T20:36:09	b1va	0.90290
2009-09-23T20:36:09	b1vh	26.729
2009-09-23T20:36:09	b2v1	145.139
2009-09-23T20:36:09	b2v2	245.881
2009-09-23T20:36:09	b2s	-13.679
2009-09-23T20:36:09	b2va	3.69965
2009-09-23T20:36:09	b2vh	195.51
2009-09-23T20:36:09	sv2	67.9
2009-09-23T20:36:09	svtotal	85.14
2009-09-23T20:36:10	b1v1	14.208
2009-09-23T20:36:10	b1v2	38.35
2009-09-23T20:36:10	b1s	-12.927
2009-09-23T20:36:10	b1va	0.88775
2009-09-23T20:36:10	b1vh	26.279
2009-09-23T20:36:10	b2v1	144.252
2009-09-23T20:36:10	b2v2	245.441
2009-09-23T20:36:10	b2s	-13.835
2009-09-23T20:36:10	b2va	3.71602
2009-09-23T20:36:10	b2vh	194.8465
2009-09-23T20:36:10	sv2	66.665
2009-09-23T20:36:10	svtotal	83.905
2009-09-23T20:36:11	b1v1	13.953
2009-09-23T20:36:11	b1v2	37.657
2009-09-23T20:36:11	b1s	-13.063
2009-09-23T20:36:11	b1va	0.87165
2009-09-23T20:36:11	b1vh	25.805
2009-09-23T20:36:11	b2v1	143.381
2009-09-23T20:36:11	b2v2	245.01
2009-09-23T20:36:11	b2s	-13.988
2009-09-23T20:36:11	b2va	3.73214
2009-09-23T20:36:11	b2vh	194.1955
2009-09-23T20:36:11	sv2	65.455
2009-09-23T20:36:11	svtotal	82.695
2009-09-23T20:36:13	b1v1	13.689
2009-09-23T20:36:13	b1v2	36.943
2009-09-23T20:36:13	b1s	-13.204
2009-09-23T20:36:13	b1va	0.85510
2009-09-23T20:36:13	b1vh	25.316
2009-09-23T20:36:13	b2v1	142.626
2009-09-23T20:36:13	b2v2	244.634
2009-09-23T20:36:13	b2s	-14.122
2009-09-23T20:36:13	b2va	3.74601
2009-09-23T20:36:13	b2vh	193.63
2009-09-23T20:36:13	sv2	64.415
2009-09-23T20:36:13	svtotal	81.655
2009-09-23T20:36:14	b1v1	13.469
2009-09-23T20:36:14	b1v2	36.352
2009-09-23T20:36:14	b1s	-13.32
2009-09-23T20:36:14	b1va	0.84146
2009-09-23T20:36:14	b1vh	24.874
2009-09-23T20:36:14	b2v1	141.822
2009-09-23T20:36:14	b2v2	244.236
2009-09-23T20:36:14	b2s	-14.266
2009-09-23T20:36:14	b2va	3.76088
2009-09-23T20:36:14	b2vh	193.029
2009-09-23T20:36:14	sv2	63.3
2009-09-23T20:36:14	svtotal	80.54
2009-09-23T20:36:14	PolZ2	20.0003
2009-09-23T20:36:15	b1v1	13.21
2009-09-23T20:36:15	b1v2	35.66
2009-09-23T20:36:15	b1s	-13.456
2009-09-23T20:36:15	b1va	0.82554
2009-09-23T20:36:15	b1vh	24.435
2009-09-23T20:36:15	b2v1	140.883
2009-09-23T20:36:15	b2v2	243.77
2009-09-23T20:36:15	b2s	-14.433
2009-09-23T20:36:15	b2va	3.77820
2009-09-23T20:36:15	b2vh	192.3265
2009-09-23T20:36:15	sv2	61.995
2009-09-23T20:36:15	svtotal	79.235
2009-09-23T20:36:15	PolZ1	20.0276
2009-09-23T20:36:15	PolZ2	20.0002
2009-09-23T20:36:16	b1v1	12.943
2009-09-23T20:36:16	b1v2	34.935
2009-09-23T20:36:16	b1s	-13.599
2009-09-23T20:36:16	b1va	0.80870
2009-09-23T20:36:16	b1vh	23.939
2009-09-23T20:36:16	b2v1	140.115
2009-09-23T20:36:16	b2v2	243.39
2009-09-23T20:36:16	b2s	-14.568
2009-09-23T20:36:16	b2va	3.79241
2009-09-23T20:36:16	b2vh	191.7525
2009-09-23T20:36:16	sv2	60.74
2009-09-23T20:36:16	svtotal	77.98
2009-09-23T20:36:16	PolZ1	20.0275
2009-09-23T20:36:16	PolZ2	20.0003
2009-09-23T20:36:17	b1v1	12.679
2009-09-23T20:36:17	b1v2	34.22
2009-09-23T20:36:17	b1s	-13.739
2009-09-23T20:36:17	b1va	0.79212
2009-09-23T20:36:17	b1vh	23.4495
2009-09-23T20:36:17	b2v1	139.232
2009-09-23T20:36:17	b2v2	242.952
2009-09-23T20:36:17	b2s	-14.725
2009-09-23T20:36:17	b2va	3.80870
2009-09-23T20:36:17	b2vh	191.092
2009-09-23T20:36:17	sv2	59.705
2009-09-23T20:36:17	svtotal	76.945
2009-09-23T20:36:18	b1v1	12.47
2009-09-23T20:36:18	b1v2	33.662
2009-09-23T20:36:18	b1s	-13.849
2009-09-23T20:36:18	b1va	0.77929
2009-09-23T20:36:18	b1vh	23.066
2009-09-23T20:36:18	b2v1	138.384
2009-09-23T20:36:18	b2v2	242.532
2009-09-23T20:36:18	b2s	-14.873
2009-09-23T20:36:18	b2va	3.82437
2009-09-23T20:36:18	b2vh	190.458
2009-09-23T20:36:18	sv2	58.535
2009-09-23T20:36:18	svtotal	75.775
2009-09-23T20:36:20	b1v1	12.201
2009-09-23T20:36:20	b1v2	32.939
2009-09-23T20:36:20	b1s	-13.991
2009-09-23T20:36:20	b1va	0.76259
2009-09-23T20:36:20	b1vh	22.57
2009-09-23T20:36:20	b2v1	137.48
2009-09-23T20:36:20	b2v2	242.083
2009-09-23T20:36:20	b2s	-15.035
2009-09-23T20:36:20	b2va	3.84103
2009-09-23T20:36:20	b2vh	189.7815
2009-09-23T20:36:20	sv2	57.28
2009-09-23T20:36:20	svtotal	74.52
2009-09-23T20:36:21	b1v1	11.953
2009-09-23T20:36:21	b1v2	32.262
2009-09-23T20:36:21	b1s	-14.123
2009-09-23T20:36:21	b1va	0.74682
2009-09-23T20:36:21	b1vh	22.1075
2009-09-23T20:36:21	b2v1	136.705
2009-09-23T20:36:21	b2v2	241.698
2009-09-23T20:36:21	b2s	-15.172
2009-09-23T20:36:21	b2va	3.85531
2009-09-23T20:36:21	b2vh	189.2015
2009-09-23T20:36:21	sv2	56.105
2009-09-23T20:36:21	svtotal	73.345
2009-09-23T20:36:21	PolZ2	20.0002
2009-09-23T20:36:22	b1v1	11.729
2009-09-23T20:36:22	b1v2	31.548
2009-09-23T20:36:22	b1s	-14.265
2009-09-23T20:36:22	b1va	0.73031
2009-09-23T20:36:22	b1vh	21.618
2009-09-23T20:36:22	b2v1	135.811
2009-09-23T20:36:22	b2v2	241.254
2009-09-23T20:36:22	b2s	-15.328
2009-09-23T20:36:22	b2va	3.87178
2009-09-23T20:36:22	b2vh	188.5325
2009-09-23T20:36:22	sv2	55.06
2009-09-23T20:36:22	svtotal	72.3
2009-09-23T20:36:22	PolZ2	20.0003
2009-09-23T20:36:23	b1v1	11.456
2009-09-23T20:36:23	b1v2	30.925
2009-09-23T20:36:23	b1s	-14.386
2009-09-23T20:36:23	b1va	0.71593
2009-09-23T20:36:23	b1vh	21.1905
2009-09-23T20:36:23	b2v1	134.966
2009-09-23T20:36:23	b2v2	240.834
2009-09-23T20:36:23	b2s	-15.478
2009-09-23T20:36:23	b2va	3.88734
2009-09-23T20:36:23	b2vh	187.9
2009-09-23T20:36:23	sv2	53.8
2009-09-23T20:36:23	svtotal	71.04
2009-09-23T20:36:24	b1v1	11.212
2009-09-23T20:36:24	b1v2	30.271
2009-09-23T20:36:24	b1s	-14.515
2009-09-23T20:36:24	b1va	0.70086
2009-09-23T20:36:24	b1vh	20.7415
2009-09-23T20:36:24	b2v1	134.048
2009-09-23T20:36:24	b2v2	240.38
2009-09-23T20:36:24	b2s	-15.639
2009-09-23T20:36:24	b2va	3.90432
2009-09-23T20:36:24	b2vh	187.214
2009-09-23T20:36:24	sv2	52.62
2009-09-23T20:36:24	svtotal	69.86
2009-09-23T20:36:24	PolZ1	20.0276
2009-09-23T20:36:24	PolZ2	20.0002
2009-09-23T20:36:25	b1v1	10.941
2009-09-23T20:36:25	b1v2	29.535
2009-09-23T20:36:25	b1s	-14.659
2009-09-23T20:36:25	b1va	0.68376
2009-09-23T20:36:25	b1vh	20.238
2009-09-23T20:36:25	b2v1	133.359
2009-09-23T20:36:25	b2v2	240.039
2009-09-23T20:36:25	b2s	-15.758
2009-09-23T20:36:25	b2va	3.91706
2009-09-23T20:36:25	b2vh	186.699
2009-09-23T20:36:25	sv2	51.375
2009-09-23T20:36:25	svtotal	68.615
2009-09-23T20:36:25	PolZ1	20.0275
2009-09-23T20:36:25	PolZ2	20.0003
2009-09-23T20:36:26	b1v1	10.679
2009-09-23T20:36:26	b1v2	28.827
2009-09-23T20:36:26	b1s	-14.799
2009-09-23T20:36:26	b1va	0.66736
2009-09-23T20:36:26	b1vh	19.753
2009-09-23T20:36:26	b2v1	132.472
2009-09-23T20:36:26	b2v2	239.599
2009-09-23T20:36:26	b2s	-15.914
2009-09-23T20:36:26	b2va	3.93342
2009-09-23T20:36:26	b2vh	186.0355
2009-09-23T20:36:26	sv2	50.335
2009-09-23T20:36:26	svtotal	67.575
2009-09-23T20:36:28	b1v1	10.464
2009-09-23T20:36:28	b1v2	28.253
2009-09-23T20:36:28	b1s	-14.912
2009-09-23T20:36:28	b1va	0.65416
2009-09-23T20:36:28	b1vh	19.3585
2009-09-23T20:36:28	b2v1	131.619
2009-09-23T20:36:28	b2v2	239.175
2009-09-23T20:36:28	b2s	-16.062
2009-09-23T20:36:28	b2va	3.94912
2009-09-23T20:36:28	b2vh	185.397
2009-09-23T20:36:28	sv2	49.16
2009-09-23T20:36:28	svtotal	66.4
2009-09-23T20:36:28	PolZ1	20.0276
2009-09-23T20:36:29	b1v1	10.206
2009-09-23T20:36:29	b1v2	27.559
2009-09-23T20:36:29	b1s	-15.048
2009-09-23T20:36:29	b1va	0.63813
2009-09-23T20:36:29	b1vh	18.8825
2009-09-23T20:36:29	b2v1	130.722
2009-09-23T20:36:29	b2v2	238.729
2009-09-23T20:36:29	b2s	-16.219
2009-09-23T20:36:29	b2va	3.96563
2009-09-23T20:36:29	b2vh	184.7255
2009-09-23T20:36:29	sv2	47.915
2009-09-23T20:36:29	svtotal	65.155
2009-09-23T20:36:30	b1v1	9.937
2009-09-23T20:36:30	b1v2	26.828
2009-09-23T20:36:30	b1s	-15.192
2009-09-23T20:36:30	b1va	0.62114
2009-09-23T20:36:30	b1vh	18.3825
2009-09-23T20:36:30	b2v1	129.973
2009-09-23T20:36:30	b2v2	238.358
2009-09-23T20:36:30	b2s	-16.352
2009-09-23T20:36:30	b2va	3.97946
2009-09-23T20:36:30	b2vh	184.1655
2009-09-23T20:36:30	sv2	46.64
2009-09-23T20:36:30	svtotal	63.88
2009-09-23T20:36:30	PolZ1	20.0275
2009-09-23T20:36:31	b1v1	9.724
2009-09-23T20:36:31	b1v2	26.117
2009-09-23T20:36:31	b1s	-15.33
2009-09-23T20:36:31	b1va	0.60463
2009-09-23T20:36:31	b1vh	17.896
2009-09-23T20:36:31	b2v1	129.113
2009-09-23T20:36:31	b2v2	237.932
2009-09-23T20:36:31	b2s	-16.503
2009-09-23T20:36:31	b2va	3.99535
2009-09-23T20:36:31	b2vh	183.5225
2009-09-23T20:36:31	sv2	45.675
2009-09-23T20:36:31	svtotal	62.915
2009-09-23T20:36:32	b1v1	9.445
2009-09-23T20:36:32	b1v2	25.501
2009-09-23T20:36:32	b1s	-15.452
2009-09-23T20:36:32	b1va	0.59044
2009-09-23T20:36:32	b1vh	17.473
2009-09-23T20:36:32	b2v1	128.244
2009-09-23T20:36:32	b2v2	237.501
2009-09-23T20:36:32	b2s	-16.653
2009-09-23T20:36:32	b2va	4.01138
2009-09-23T20:36:32	b2vh	182.8725
2009-09-23T20:36:32	sv2	44.48
2009-09-23T20:36:32	svtotal	61.72
2009-09-23T20:36:33	b1v1	9.212
2009-09-23T20:36:33	b1v2	24.878
2009-09-23T20:36:33	b1s	-15.573
2009-09-23T20:36:33	b1va	0.57610
2009-09-23T20:36:33	b1vh	17.045
2009-09-23T20:36:33	b2v1	127.359
2009-09-23T20:36:33	b2v2	237.063
2009-09-23T20:36:33	b2s	-16.809
2009-09-23T20:36:33	b2va	4.02774
2009-09-23T20:36:33	b2vh	182.211
2009-09-23T20:36:33	sv2	43.255
2009-09-23T20:36:33	svtotal	60.495
2009-09-23T20:36:35	b1v1	8.939
2009-09-23T20:36:35	b1v2	24.138
2009-09-23T20:36:35	b1s	-15.718
2009-09-23T20:36:35	b1va	0.55892
2009-09-23T20:36:35	b1vh	16.5385
2009-09-23T20:36:35	b2v1	126.469
2009-09-23T20:36:35	b2v2	236.621
2009-09-23T20:36:35	b2s	-16.965
2009-09-23T20:36:35	b2va	4.04413
2009-09-23T20:36:35	b2vh	181.545
2009-09-23T20:36:35	sv2	42.02
2009-09-23T20:36:35	svtotal	59.26
2009-09-23T20:36:36	b1v1	8.658
2009-09-23T20:36:36	b1v2	23.378
2009-09-23T20:36:36	b1s	-15.867
2009-09-23T20:36:36	b1va	0.54131
2009-09-23T20:36:36	b1vh	16.018
2009-09-23T20:36:36	b2v1	125.76
2009-09-23T20:36:36	b2v2	236.27
2009-09-23T20:36:36	b2s	-17.09
2009-09-23T20:36:36	b2va	4.05723
2009-09-23T20:36:36	b2vh	181.015
2009-09-23T20:36:36	sv2	40.795
2009-09-23T20:36:36	svtotal	58.035
2009-09-23T20:36:37	b1v1	8.477
2009-09-23T20:36:37	b1v2	22.681
2009-09-23T20:36:37	b1s	-16.003
2009-09-23T20:36:37	b1va	0.52524
2009-09-23T20:36:37	b1vh	15.5395
2009-09-23T20:36:37	b2v1	124.782
2009-09-23T20:36:37	b2v2	235.784
2009-09-23T20:36:37	b2s	-17.261
2009-09-23T20:36:37	b2va	4.07523
2009-09-23T20:36:37	b2vh	180.283
2009-09-23T20:36:37	sv2	39.685
2009-09-23T20:36:37	svtotal	56.925
2009-09-23T20:36:38	b1v1	8.183
2009-09-23T20:36:38	b1v2	22.105
2009-09-23T20:36:38	b1s	-16.116
2009-09-23T20:36:38	b1va	0.51197
2009-09-23T20:36:38	b1vh	15.144
2009-09-23T20:36:38	b2v1	123.926
2009-09-23T20:36:38	b2v2	235.359
2009-09-23T20:36:38	b2s	-17.41
2009-09-23T20:36:38	b2va	4.09100
2009-09-23T20:36:38	b2vh	179.6425
2009-09-23T20:36:38	sv2	38.495
2009-09-23T20:36:38	svtotal	55.735
2009-09-23T20:36:39	b1v1	7.923
2009-09-23T20:36:39	b1v2	21.396
2009-09-23T20:36:39	b1s	-16.253
2009-09-23T20:36:39	b1va	0.49546
2009-09-23T20:36:39	b1vh	14.6595
2009-09-23T20:36:39	b2v1	123.176
2009-09-23T20:36:39	b2v2	234.987
2009-09-23T20:36:39	b2s	-17.543
2009-09-23T20:36:39	b2va	4.10483
2009-09-23T20:36:39	b2vh	179.0815
2009-09-23T20:36:39	sv2	37.46
2009-09-23T20:36:39	svtotal	54.7
2009-09-23T20:36:40	b1v1	7.698
2009-09-23T20:36:40	b1v2	20.79
2009-09-23T20:36:40	b1s	-16.373
2009-09-23T20:36:40	b1va	0.48144
2009-09-23T20:36:40	b1vh	14.244
2009-09-23T20:36:40	b2v1	122.347
2009-09-23T20:36:40	b2v2	234.577
2009-09-23T20:36:40	b2s	-17.688
2009-09-23T20:36:40	b2va	4.12016
2009-09-23T20:36:40	b2vh	178.462
2009-09-23T20:36:40	sv2	36.305
2009-09-23T20:36:40	svtotal	53.545
2009-09-23T20:36:40	PolZ1	20.0276
2009-09-23T20:36:41	b1v1	7.463
2009-09-23T20:36:41	b1v2	20.158
2009-09-23T20:36:41	b1s	-16.497
2009-09-23T20:36:41	b1va	0.46685
2009-09-23T20:36:41	b1vh	13.8105
2009-09-23T20:36:41	b2v1	121.429
2009-09-23T20:36:41	b2v2	234.122
2009-09-23T20:36:41	b2s	-17.849
2009-09-23T20:36:41	b2va	4.13710
2009-09-23T20:36:41	b2vh	177.7755
2009-09-23T20:36:41	sv2	35.035
2009-09-23T20:36:41	svtotal	52.275
2009-09-23T20:36:41	PolZ1	20.0275
2009-09-23T20:36:43	b1v1	7.184
2009-09-23T20:36:43	b1v2	19.407
2009-09-23T20:36:43	b1s	-16.645
2009-09-23T20:36:43	b1va	0.44949
2009-09-23T20:36:43	b1vh	13.2955
2009-09-23T20:36:43	b2v1	120.55
2009-09-23T20:36:43	b2v2	233.686
2009-09-23T20:36:43	b2s	-18.004
2009-09-23T20:36:43	b2va	4.15331
2009-09-23T20:36:43	b2vh	177.118
2009-09-23T20:36:43	sv2	33.82
2009-09-23T20:36:43	svtotal	51.06
2009-09-23T20:36:44	b1v1	6.934
2009-09-23T20:36:44	b1v2	18.731
2009-09-23T20:36:44	b1s	-16.778
2009-09-23T20:36:44	b1va	0.43382
2009-09-23T20:36:44	b1vh	12.8325
2009-09-23T20:36:44	b2v1	119.841
2009-09-23T20:36:44	b2v2	233.334
2009-09-23T20:36:44	b2s	-18.132
2009-09-23T20:36:44	b2va	4.16636
2009-09-23T20:36:44	b2vh	176.5875
2009-09-23T20:36:44	sv2	32.74
2009-09-23T20:36:44	svtotal	49.98
2009-09-23T20:36:44	PolZ1	20.0276
2009-09-23T20:36:45	b1v1	6.649
2009-09-23T20:36:45	b1v2	17.962
2009-09-23T20:36:45	b1s	-16.929
2009-09-23T20:36:45	b1va	0.41603
2009-09-23T20:36:45	b1vh	12.3055
2009-09-23T20:36:45	b2v1	118.907
2009-09-23T20:36:45	b2v2	232.869
2009-09-23T20:36:45	b2s	-18.299
2009-09-23T20:36:45	b2va	4.18352
2009-09-23T20:36:45	b2vh	175.888
2009-09-23T20:36:45	sv2	31.63
2009-09-23T20:36:45	svtotal	48.87
2009-09-23T20:36:45	PolZ1	20.0275
2009-09-23T20:36:46	b1v1	6.447
2009-09-23T20:36:46	b1v2	17.418
2009-09-23T20:36:46	b1s	-17.036
2009-09-23T20:36:46	b1va	0.40345
2009-09-23T20:36:46	b1vh	11.9325
2009-09-23T20:36:46	b2v1	117.993
2009-09-23T20:36:46	b2v2	232.415
2009-09-23T20:36:46	b2s	-18.459
2009-09-23T20:36:46	b2va	4.20035
2009-09-23T20:36:46	b2vh	175.204
2009-09-23T20:36:46	sv2	30.36
2009-09-23T20:36:46	svtotal	47.6
2009-09-23T20:36:46	PolZ1	20.0276
2009-09-23T20:36:47	b1v1	6.178
2009-09-23T20:36:47	b1v2	16.696
2009-09-23T20:36:47	b1s	-17.177
2009-09-23T20:36:47	b1va	0.38679
2009-09-23T20:36:47	b1vh	11.437
2009-09-23T20:36:47	b2v1	117.294
2009-09-23T20:36:47	b2v2	232.07
2009-09-23T20:36:47	b2s	-18.583
2009-09-23T20:36:47	b2va	4.21575
2009-09-23T20:36:47	b2vh	174.5805
2009-09-23T20:36:47	sv2	29.215
2009-09-23T20:36:47	svtotal	46.455
2009-09-23T20:36:48	b1v1	5.925
2009-09-23T20:36:48	b1v2	16.01
2009-09-23T20:36:48	b1s	-17.314
2009-09-23T20:36:48	b1va	0.37087
2009-09-23T20:36:48	b1vh	10.9675
2009-09-23T20:36:48	b2v1	116.365
2009-09-23T20:36:48	b2v2	231.61
2009-09-23T20:36:48	b2s	-18.747
2009-09-23T20:36:48	b2va	4.23045
2009-09-23T20:36:48	b2vh	173.9875
2009-09-23T20:36:48	sv2	28.12
2009-09-23T20:36:48	svtotal	45.36
2009-09-23T20:36:48	PolZ1	20.0275
2009-09-23T20:36:50	b1v1	5.707
2009-09-23T20:36:50	b1v2	15.418
2009-09-23T20:36:50	b1s	-17.429
2009-09-23T20:36:50	b1va	0.35711
2009-09-23T20:36:50	b1vh	10.5625
2009-09-23T20:36:50	b2v1	115.529
2009-09-23T20:36:50	b2v2	231.195
2009-09-23T20:36:50	b2s	-18.893
2009-09-23T20:36:50	b2va	4.24585
2009-09-23T20:36:50	b2vh	173.362
2009-09-23T20:36:50	sv2	26.855
2009-09-23T20:36:50	svtotal	44.095
2009-09-23T20:36:51	b1v1	5.438
2009-09-23T20:36:51	b1v2	14.697
2009-09-23T20:36:51	b1s	-17.571
2009-09-23T20:36:51	b1va	0.34049
2009-09-23T20:36:51	b1vh	10.0675
2009-09-23T20:36:51	b2v1	114.658
2009-09-23T20:36:51	b2v2	230.763
2009-09-23T20:36:51	b2s	-19.048
2009-09-23T20:36:51	b2va	4.26190
2009-09-23T20:36:51	b2vh	172.7105
2009-09-23T20:36:51	sv2	25.645
2009-09-23T20:36:51	svtotal	42.885
2009-09-23T20:36:52	b1v1	5.186
2009-09-23T20:36:52	b1v2	14.02
2009-09-23T20:36:52	b1s	-17.705
2009-09-23T20:36:52	b1va	0.32486
2009-09-23T20:36:52	b1vh	9.603
2009-09-23T20:36:52	b2v1	113.946
2009-09-23T20:36:52	b2v2	230.409
2009-09-23T20:36:52	b2s	-19.175
2009-09-23T20:36:52	b2va	4.27500
2009-09-23T20:36:52	b2vh	172.1775
2009-09-23T20:36:52	sv2	24.44
2009-09-23T20:36:52	svtotal	41.68
2009-09-23T20:36:52	PolZ1	20.0276
2009-09-23T20:36:53	b1v1	4.92
2009-09-23T20:36:53	b1v2	13.296
2009-09-23T20:36:53	b1s	-17.846
2009-09-23T20:36:53	b1va	0.30802
2009-09-23T20:36:53	b1vh	9.108
2009-09-23T20:36:53	b2v1	113.043
2009-09-23T20:36:53	b2v2	229.961
2009-09-23T20:36:53	b2s	-19.334
2009-09-23T20:36:53	b2va	4.29164
2009-09-23T20:36:53	b2vh	171.502
2009-09-23T20:36:53	sv2	23.42
2009-09-23T20:36:53	svtotal	40.66
2009-09-23T20:36:54	b1v1	4.701
2009-09-23T20:36:54	b1v2	12.706
2009-09-23T20:36:54	b1s	-17.962
2009-09-23T20:36:54	b1va	0.29438
2009-09-23T20:36:54	b1vh	8.7035
2009-09-23T20:36:54	b2v1	112.161
2009-09-23T20:36:54	b2v2	229.523
2009-09-23T20:36:54	b2s	-19.492
2009-09-23T20:36:54	b2va	4.30787
2009-09-23T20:36:54	b2vh	170.842
2009-09-23T20:36:54	sv2	22.19
2009-09-23T20:36:54	svtotal	39.43
2009-09-23T20:36:55	b1v1	4.437
2009-09-23T20:36:55	b1v2	12.002
2009-09-23T20:36:55	b1s	-18.1
2009-09-23T20:36:55	b1va	0.27820
2009-09-23T20:36:55	b1vh	8.2195
2009-09-23T20:36:55	b2v1	111.252
2009-09-23T20:36:55	b2v2	229.073
2009-09-23T20:36:55	b2s	-19.651
2009-09-23T20:36:55	b2va	4.32466
2009-09-23T20:36:55	b2vh	170.1625
2009-09-23T20:36:55	sv2	20.925
2009-09-23T20:36:55	svtotal	38.165
2009-09-23T20:36:56	b1v1	4.184
2009-09-23T20:36:56	b1v2	11.321
2009-09-23T20:36:56	b1s	-18.233
2009-09-23T20:36:56	b1va	0.26246
2009-09-23T20:36:56	b1vh	7.7525
2009-09-23T20:36:56	b2v1	110.431
2009-09-23T20:36:56	b2v2	228.666
2009-09-23T20:36:56	b2s	-19.793
2009-09-23T20:36:56	b2va	4.33979
2009-09-23T20:36:56	b2vh	169.5485
2009-09-23T20:36:56	sv2	19.795
2009-09-23T20:36:56	svtotal	37.035
2009-09-23T20:36:58	b1v1	3.918
2009-09-23T20:36:58	b1v2	10.597
2009-09-23T20:36:58	b1s	-18.375
2009-09-23T20:36:58	b1va	0.24562
2009-09-23T20:36:58	b1vh	7.2575
2009-09-23T20:36:58	b2v1	109.593
2009-09-23T20:36:58	b2v2	228.251
2009-09-23T20:36:58	b2s	-19.939
2009-09-23T20:36:58	b2va	4.35526
2009-09-23T20:36:58	b2vh	168.922
2009-09-23T20:36:58	sv2	18.545
2009-09-23T20:36:58	svtotal	35.785
2009-09-23T20:36:59	b1v1	3.647
2009-09-23T20:36:59	b1v2	9.864
2009-09-23T20:36:59	b1s	-18.52
2009-09-23T20:36:59	b1va	0.22863
2009-09-23T20:36:59	b1vh	6.7555
2009-09-23T20:36:59	b2v1	108.743
2009-09-23T20:36:59	b2v2	227.829
2009-09-23T20:36:59	b2s	-20.09
2009-09-23T20:36:59	b2va	4.37091
2009-09-23T20:36:59	b2vh	168.286
2009-09-23T20:36:59	sv2	17.46
2009-09-23T20:36:59	svtotal	34.7
2009-09-23T20:37:00	b1v1	3.417
2009-09-23T20:37:00	b1v2	9.246
2009-09-23T20:37:00	b1s	-18.642
2009-09-23T20:37:00	b1va	0.21436
2009-09-23T20:37:00	b1vh	6.3315
2009-09-23T20:37:00	b2v1	107.838
2009-09-23T20:37:00	b2v2	227.379
2009-09-23T20:37:00	b2s	-20.251
2009-09-23T20:37:00	b2va	4.38754
2009-09-23T20:37:00	b2vh	167.6085
2009-09-23T20:37:00	sv2	16.29
2009-09-23T20:37:00	svtotal	33.53
2009-09-23T20:37:01	b1v1	3.164
2009-09-23T20:37:01	b1v2	8.567
2009-09-23T20:37:01	b1s	-18.774
2009-09-23T20:37:01	b1va	0.19869
2009-09-23T20:37:01	b1vh	5.8655
2009-09-23T20:37:01	b2v1	106.985
2009-09-23T20:37:01	b2v2	226.955
2009-09-23T20:37:01	b2s	-20.4
2009-09-23T20:37:01	b2va	4.40323
2009-09-23T20:37:01	b2vh	166.97
2009-09-23T20:37:01	sv2	15.015
2009-09-23T20:37:01	svtotal	32.255
2009-09-23T20:37:02	b1v1	2.918
2009-09-23T20:37:02	b1v2	7.901
2009-09-23T20:37:02	b1s	-18.906
2009-09-23T20:37:02	b1va	0.18325
2009-09-23T20:37:02	b1vh	5.4095
2009-09-23T20:37:02	b2v1	106.287
2009-09-23T20:37:02	b2v2	226.611
2009-09-23T20:37:02	b2s	-20.517
2009-09-23T20:37:02	b2va	4.41617
2009-09-23T20:37:02	b2vh	166.449
2009-09-23T20:37:02	sv2	13.835
2009-09-23T20:37:02	svtotal	31.075
2009-09-23T20:37:03	b1v1	2.689
2009-09-23T20:37:03	b1v2	7.282
2009-09-23T20:37:03	b1s	-19.026
2009-09-23T20:37:03	b1va	0.16585
2009-09-23T20:37:03	b1vh	4.895
2009-09-23T20:37:03	b2v1	105.379
2009-09-23T20:37:03	b2v2	226.161
2009-09-23T20:37:03	b2s	-20.675
2009-09-23T20:37:03	b2va	4.43291
2009-09-23T20:37:03	b2vh	165.77
2009-09-23T20:37:03	sv2	12.805
2009-09-23T20:37:03	svtotal	30.045
2009-09-23T20:37:05	b1v1	2.428
2009-09-23T20:37:05	b1v2	6.582
2009-09-23T20:37:05	b1s	-19.165
2009-09-23T20:37:05	b1va	0.15276
2009-09-23T20:37:05	b1vh	4.505
2009-09-23T20:37:05	b2v1	104.429
2009-09-23T20:37:05	b2v2	225.69
2009-09-23T20:37:05	b2s	-20.839
2009-09-23T20:37:05	b2va	4.45042
2009-09-23T20:37:05	b2vh	165.0595
2009-09-23T20:37:05	sv2	11.58
2009-09-23T20:37:05	svtotal	28.82
2009-09-23T20:37:06	b1v1	2.149
2009-09-23T20:37:06	b1v2	5.834
2009-09-23T20:37:06	b1s	-19.312
2009-09-23T20:37:06	b1va	0.13551
2009-09-23T20:37:06	b1vh	3.9915
2009-09-23T20:37:06	b2v1	103.702
2009-09-23T20:37:06	b2v2	225.329
2009-09-23T20:37:06	b2s	-20.992
2009-09-23T20:37:06	b2va	4.46632
2009-09-23T20:37:06	b2vh	164.413
2009-09-23T20:37:06	sv2	10.375
2009-09-23T20:37:06	svtotal	27.615
2009-09-23T20:37:07	b1v1	1.898
2009-09-23T20:37:07	b1v2	5.15
2009-09-23T20:37:07	b1s	-19.447
2009-09-23T20:37:07	b1va	0.11959
2009-09-23T20:37:07	b1vh	3.524
2009-09-23T20:37:07	b2v1	102.847
2009-09-23T20:37:07	b2v2	224.905
2009-09-23T20:37:07	b2s	-21.116
2009-09-23T20:37:07	b2va	4.47955
2009-09-23T20:37:07	b2vh	163.876
2009-09-23T20:37:07	sv2	9.295
2009-09-23T20:37:07	svtotal	26.535
2009-09-23T20:37:08	b1v1	1.678
2009-09-23T20:37:08	b1v2	4.554
2009-09-23T20:37:08	b1s	-19.564
2009-09-23T20:37:08	b1va	0.10576
2009-09-23T20:37:08	b1vh	3.116
2009-09-23T20:37:08	b2v1	101.965
2009-09-23T20:37:08	b2v2	224.467
2009-09-23T20:37:08	b2s	-21.271
2009-09-23T20:37:08	b2va	4.49578
2009-09-23T20:37:08	b2vh	163.216
2009-09-23T20:37:08	sv2	8.075
2009-09-23T20:37:08	svtotal	25.315
2009-09-23T20:37:08	PolZ1	20.0275
2009-09-23T20:37:09	b1v1	1.408
2009-09-23T20:37:09	b1v2	3.832
2009-09-23T20:37:09	b1s	-19.707
2009-09-23T20:37:09	b1va	0.08914
2009-09-23T20:37:09	b1vh	2.62
2009-09-23T20:37:09	b2v1	101.129
2009-09-23T20:37:09	b2v2	224.053
2009-09-23T20:37:09	b2s	-21.417
2009-09-23T20:37:09	b2va	4.51121
2009-09-23T20:37:09	b2vh	162.591
2009-09-23T20:37:09	sv2	6.91
2009-09-23T20:37:09	svtotal	24.15
2009-09-23T20:37:09	PolZ1	20.0276
2009-09-23T20:37:10	b1v1	1.176
2009-09-23T20:37:10	b1v2	3.207
2009-09-23T20:37:10	b1s	-19.83
2009-09-23T20:37:10	b1va	0.07469
2009-09-23T20:37:10	b1vh	2.1915
2009-09-23T20:37:10	b2v1	100.347
2009-09-23T20:37:10	b2v2	223.665
2009-09-23T20:37:10	b2s	-21.554
2009-09-23T20:37:10	b2va	4.52561
2009-09-23T20:37:10	b2vh	162.006
2009-09-23T20:37:10	sv2	5.825
2009-09-23T20:37:10	svtotal	23.065
2009-09-23T20:37:11	b1v1	0.931
2009-09-23T20:37:11	b1v2	2.544
2009-09-23T20:37:11	b1s	-19.96
2009-09-23T20:37:11	b1va	0.05931
2009-09-23T20:37:11	b1vh	1.7375
2009-09-23T20:37:11	b2v1	99.45
2009-09-23T20:37:11	b2v2	223.221
2009-09-23T20:37:11	b2s	-21.712
2009-09-23T20:37:11	b2va	4.54216
2009-09-23T20:37:11	b2vh	161.3355
2009-09-23T20:37:11	sv2	4.59
2009-09-23T20:37:11	svtotal	21.83
2009-09-23T20:37:13	b1v1	0.675
2009-09-23T20:37:13	b1v2	1.853
2009-09-23T20:37:13	b1s	-20.095
2009-09-23T20:37:13	b1va	0.04332
2009-09-23T20:37:13	b1vh	1.264
2009-09-23T20:37:13	b2v1	98.583
2009-09-23T20:37:13	b2v2	222.791
2009-09-23T20:37:13	b2s	-21.864
2009-09-23T20:37:13	b2va	4.55813
2009-09-23T20:37:13	b2vh	160.687
2009-09-23T20:37:13	sv2	3.39
2009-09-23T20:37:13	svtotal	20.63
2009-09-23T20:37:14	b1v1	0.421
2009-09-23T20:37:14	b1v2	1.171
2009-09-23T20:37:14	b1s	-20.229
2009-09-23T20:37:14	b1va	0.02758
2009-09-23T20:37:14	b1vh	0.796
2009-09-23T20:37:14	b2v1	97.87
2009-09-23T20:37:14	b2v2	222.437
2009-09-23T20:37:14	b2s	-21.988
2009-09-23T20:37:14	b2va	4.57125
2009-09-23T20:37:14	b2vh	160.1535
2009-09-23T20:37:14	sv2	2.165
2009-09-23T20:37:14	svtotal	19.405
2009-09-23T20:37:15	b1v1	0.144
2009-09-23T20:37:15	b1v2	0.425
2009-09-23T20:37:15	b1s	-20.375
2009-09-23T20:37:15	b1va	0.01033
2009-09-23T20:37:15	b1vh	0.2845
2009-09-23T20:37:15	b2v1	96.937
2009-09-23T20:37:15	b2v2	221.974
2009-09-23T20:37:15	b2s	-22.151
2009-09-23T20:37:15	b2va	4.59116
2009-09-23T20:37:15	b2vh	159.346
2009-09-23T20:37:15	sv2	0.895
2009-09-23T20:37:15	svtotal	18.135
2009-09-23T20:37:15	PolZ1	20.0275
2009-09-23T20:37:16	b1v1	0.018
2009-09-23T20:37:16	b1v2	0.015
2009-09-23T20:37:16	b1s	-20.445
2009-09-23T20:37:16	b1va	-0.00011
2009-09-23T20:37:16	b1vh	0.0165
2009-09-23T20:37:16	b2v1	96.497
2009-09-23T20:37:16	b2v2	221.651
2009-09-23T20:37:16	b2s	-22.25
2009-09-23T20:37:16	b2va	4.59270
2009-09-23T20:37:16	b2vh	159.074
2009-09-23T20:37:16	sv2	0.23
2009-09-23T20:37:16	svtotal	17.47
2009-09-23T20:37:16	PolZ1	20.0276
2009-09-23T20:37:17	b1v1	0.001
2009-09-23T20:37:17	b1v2	0
2009-09-23T20:37:17	b1s	-20.472
2009-09-23T20:37:17	b1va	-3.67752114974804E-05
2009-09-23T20:37:17	b1vh	0.0005
2009-09-23T20:37:17	b2v1	96.475
2009-09-23T20:37:17	b2v2	221.626
2009-09-23T20:37:17	b2s	-22.248
2009-09-23T20:37:17	b2va	4.59259
2009-09-23T20:37:17	b2vh	159.0505
2009-09-23T20:37:17	sv2	0.145
2009-09-23T20:37:17	svtotal	17.385
2009-09-23T20:37:18	b1s	-20.492
2009-09-23T20:37:18	sv2	0.015
2009-09-23T20:37:18	svtotal	17.255
2009-09-23T20:37:20	sv2	0
2009-09-23T20:37:20	svtotal	17.24
2009-09-23T20:37:23	s1vc	0
2009-09-23T20:37:23	s1hc	0.00024
2009-09-23T20:37:23	s2vc	0.00049
2009-09-23T20:37:23	s2hc	0
2009-09-23T20:37:23	s3vc	-0.00075
2009-09-23T20:37:23	s3hc	-0.00025
2009-09-23T20:37:23	s4vc	-0.00050
2009-09-23T20:37:23	s4hc	0.00024
2009-09-23T20:37:23	s0vc	0
2009-09-23T20:37:23	s0hc	0
2009-09-23T20:37:23	atheta	0.301
2009-09-23T20:37:23	av	-100
2009-09-23T20:37:23	b1v1	0.001
2009-09-23T20:37:23	b1v2	0
2009-09-23T20:37:23	b1s	-20.492
2009-09-23T20:37:23	b1va	-3.67752114974804E-05
2009-09-23T20:37:23	b1vh	0.0005
2009-09-23T20:37:23	b2v1	96.475
2009-09-23T20:37:23	b2v2	221.626
2009-09-23T20:37:23	b2s	-22.248
2009-09-23T20:37:23	b2va	4.59259
2009-09-23T20:37:23	b2vh	159.0505
2009-09-23T20:37:23	b2ha	5.85
2009-09-23T20:37:23	ftheta	0
2009-09-23T20:37:23	fv	-20.0008
2009-09-23T20:37:23	fstat	False
2009-09-23T20:37:23	gtheta	0
2009-09-23T20:37:23	gomega	0
2009-09-23T20:37:23	sv1	17.24
2009-09-23T20:37:23	sv2	0
2009-09-23T20:37:23	svtotal	17.24
2009-09-23T20:37:23	ShutterStatus	OPEN
2009-09-23T20:37:23	dv	0.01
2009-09-23T20:37:23	dh	0
2009-09-23T20:37:23	dtheta	0.001
2009-09-23T20:37:23	vcoil1_bit0	False
2009-09-23T20:37:23	vcoil1_bit1	False
2009-09-23T20:37:23	vcoil2_bit0	True
2009-09-23T20:37:23	vcoil2_bit1	False
2009-09-23T20:37:23	RF1Ampon	False
2009-09-23T20:37:23	RF1Frequency	0
2009-09-23T20:37:23	RF1Current	7
2009-09-23T20:37:23	RF2Ampon	False
2009-09-23T20:37:23	RF2Frequency	0
2009-09-23T20:37:23	RF2Current	7
2009-09-23T20:37:38	b2v1	96.474
2009-09-23T20:37:38	b2s	-22.249
2009-09-23T20:37:38	b2va	4.59262
2009-09-23T20:37:38	b2vh	159.05
2009-09-23T20:37:44	b2s	-22.248
2009-09-23T20:37:45	b2s	-22.249
2009-09-23T20:37:59	b2s	-22.25
2009-09-23T20:38:00	b2s	-22.249
2009-09-23T20:38:02	b2s	-22.25
2009-09-23T20:38:07	b2s	-22.249
2009-09-23T20:38:08	b2s	-22.25
2009-09-23T20:38:09	b2s	-22.249
2009-09-23T20:38:10	b2s	-22.25
2009-09-23T20:38:15	b2s	-22.249
2009-09-23T20:38:16	b2s	-22.25
2009-09-23T20:38:18	b2s	-22.249
2009-09-23T20:38:19	b2s	-22.25
2009-09-23T20:38:22	b1v1	0
2009-09-23T20:38:22	b1va	0
2009-09-23T20:38:22	b1vh	0
2009-09-23T20:38:23	b1v1	0.001
2009-09-23T20:38:23	b1va	-3.67752114974804E-05
2009-09-23T20:38:23	b1vh	0.0005
2009-09-23T20:38:31	b1v1	0
2009-09-23T20:38:31	b1va	0
2009-09-23T20:38:31	b1vh	0
2009-09-23T20:38:31	b2s	-22.251
2009-09-23T20:38:32	b1v1	0.001
2009-09-23T20:38:32	b1va	-3.67752114974804E-05
2009-09-23T20:38:32	b1vh	0.0005
2009-09-23T20:38:32	b2s	-22.249
2009-09-23T20:38:33	b2s	-22.251
2009-09-23T20:38:34	b1v1	0
2009-09-23T20:38:34	b1va	0
2009-09-23T20:38:34	b1vh	0
2009-09-23T20:38:34	b2s	-22.249
2009-09-23T20:38:35	b1v1	0.001
2009-09-23T20:38:35	b1va	-3.67752114974804E-05
2009-09-23T20:38:35	b1vh	0.0005
2009-09-23T20:38:35	b2s	-22.25
2009-09-23T20:38:36	b1v1	0
2009-09-23T20:38:36	b1va	0
2009-09-23T20:38:36	b1vh	0
2009-09-23T20:38:37	b2s	-22.251
2009-09-23T20:38:40	b1v1	0.001
2009-09-23T20:38:40	b1va	-3.67752114974804E-05
2009-09-23T20:38:40	b1vh	0.0005
2009-09-23T20:38:40	b2s	-22.25
2009-09-23T20:38:41	b1v1	0
2009-09-23T20:38:41	b1va	0
2009-09-23T20:38:41	b1vh	0
2009-09-23T20:38:42	b1v1	0.001
2009-09-23T20:38:42	b1va	-3.67752114974804E-05
2009-09-23T20:38:42	b1vh	0.0005
2009-09-23T20:38:42	b2s	-22.251
2009-09-23T20:38:43	b1v1	0
2009-09-23T20:38:43	b1va	0
2009-09-23T20:38:43	b1vh	0
2009-09-23T20:38:49	b1v1	0.001
2009-09-23T20:38:49	b1va	-3.67752114974804E-05
2009-09-23T20:38:49	b1vh	0.0005
2009-09-23T20:38:51	b1v1	0
2009-09-23T20:38:51	b1va	0
2009-09-23T20:38:51	b1vh	0
2009-09-23T20:38:52	b1v1	0.001
2009-09-23T20:38:52	b1va	-3.67752114974804E-05
2009-09-23T20:38:52	b1vh	0.0005
2009-09-23T20:38:52	b2s	-22.25
2009-09-23T20:38:53	b2s	-22.251
2009-09-23T20:38:54	b1v1	0
2009-09-23T20:38:54	b1va	0
2009-09-23T20:38:54	b1vh	0
2009-09-23T20:38:54	b2s	-22.25
2009-09-23T20:38:56	b1v1	0.001
2009-09-23T20:38:56	b1va	-3.67752114974804E-05
2009-09-23T20:38:56	b1vh	0.0005
2009-09-23T20:38:56	b2s	-22.251
2009-09-23T20:38:58	b1v1	0
2009-09-23T20:38:58	b1va	0
2009-09-23T20:38:58	b1vh	0
2009-09-23T20:39:04	b1v1	0.001
2009-09-23T20:39:04	b1va	-3.67752114974804E-05
2009-09-23T20:39:04	b1vh	0.0005
2009-09-23T20:39:05	b1v1	0
2009-09-23T20:39:05	b1va	0
2009-09-23T20:39:05	b1vh	0
2009-09-23T20:39:23	b2s	-22.252
2009-09-23T20:39:24	b2s	-22.251
2009-09-23T20:39:38	b2s	-22.252
2009-09-23T20:39:39	b2s	-22.251
2009-09-23T20:39:43	b2s	-22.252
2009-09-23T20:39:46	b2s	-22.251
2009-09-23T20:39:47	b2s	-22.25
2009-09-23T20:39:48	b2s	-22.252
2009-09-23T20:39:50	b2s	-22.25
2009-09-23T20:39:52	b2s	-22.251
2009-09-23T20:39:53	b2s	-22.252
2009-09-23T20:39:55	b2s	-22.251
2009-09-23T20:39:56	b2s	-22.252
2009-09-23T20:39:57	b2s	-22.25
2009-09-23T20:39:58	b2s	-22.252
2009-09-23T20:40:31	b2s	-22.251
2009-09-23T20:40:33	b2s	-22.252
2009-09-23T20:40:37	b2s	-22.251
2009-09-23T20:40:38	b2s	-22.252
2009-09-23T20:40:45	b2s	-22.251
2009-09-23T20:40:46	b2s	-22.25
2009-09-23T20:40:47	b2s	-22.252
2009-09-23T20:41:02	b2s	-22.253
2009-09-23T20:41:03	b2s	-22.252
2009-09-23T20:41:09	b2s	-22.253
2009-09-23T20:41:10	b2s	-22.252
2009-09-23T20:41:25	b2s	-22.25
2009-09-23T20:41:26	b2s	-22.252
2009-09-23T20:41:30	b2s	-22.253
2009-09-23T20:41:32	b2s	-22.25
2009-09-23T20:41:33	b2s	-22.252
2009-09-23T20:41:34	b2s	-22.253
2009-09-23T20:41:36	b2s	-22.252
2009-09-23T20:41:37	b2s	-22.253
2009-09-23T20:41:38	b2s	-22.252
2009-09-23T20:41:44	b2s	-22.253
2009-09-23T20:41:45	b2s	-22.252
2009-09-23T20:41:48	b2s	-22.251
2009-09-23T20:41:49	b2s	-22.253
2009-09-23T20:41:51	b2s	-22.252
2009-09-23T20:41:56	b2s	-22.253
2009-09-23T20:41:57	b2s	-22.252
2009-09-23T20:41:58	b2s	-22.253
2009-09-23T20:42:00	b2s	-22.252
2009-09-23T20:42:02	b2s	-22.253
2009-09-23T20:42:04	b2s	-22.252
2009-09-23T20:42:05	b2s	-22.253
2009-09-23T20:42:06	b2s	-22.252
2009-09-23T20:42:07	b2s	-22.253
2009-09-23T20:42:09	b2s	-22.252
2009-09-23T20:42:10	b2s	-22.253
2009-09-23T20:42:11	b2s	-22.252
2009-09-23T20:42:13	b2s	-22.253
2009-09-23T20:42:23	b2s	-22.252
2009-09-23T20:42:24	b2s	-22.25
2009-09-23T20:42:25	b2s	-22.253
2009-09-23T20:42:31	PolZ2	20.0004
2009-09-23T20:42:33	PolZ2	20.0003
2009-09-23T20:42:48	b2s	-22.252
2009-09-23T20:42:49	b2s	-22.253
2009-09-23T20:42:51	PolZ2	20.0004
2009-09-23T20:42:53	PolZ2	20.0003
2009-09-23T20:42:58	PolZ2	20.0004
2009-09-23T20:42:59	PolZ2	20.0003
2009-09-23T20:43:01	PolZ1	20.0277
2009-09-23T20:43:02	PolZ1	20.0276
2009-09-23T20:43:03	PolZ1	20.0277
2009-09-23T20:43:04	PolZ2	20.0004
2009-09-23T20:43:05	PolZ1	20.0276
2009-09-23T20:43:05	PolZ2	20.0003
2009-09-23T20:43:14	PolZ1	20.0277
2009-09-23T20:43:15	PolZ1	20.0276
2009-09-23T20:43:18	PolZ1	20.0277
2009-09-23T20:43:20	PolZ1	20.0276
2009-09-23T20:43:22	PolZ2	20.0004
2009-09-23T20:43:23	PolZ1	20.0277
2009-09-23T20:43:23	PolZ2	20.0003
2009-09-23T20:43:27	PolZ1	20.0276
2009-09-23T20:43:27	PolZ2	20.0004
2009-09-23T20:43:28	PolZ1	20.0277
2009-09-23T20:43:29	PolZ1	20.0276
2009-09-23T20:43:30	PolZ2	20.0003
2009-09-23T20:43:31	PolZ2	20.0004
2009-09-23T20:43:32	b2s	-22.25
2009-09-23T20:43:32	PolZ2	20.0003
2009-09-23T20:43:34	b2s	-22.253
2009-09-23T20:43:34	PolZ1	20.0277
2009-09-23T20:43:34	PolZ2	20.0004
2009-09-23T20:43:35	PolZ2	20.0003
2009-09-23T20:43:38	PolZ1	20.0276
2009-09-23T20:43:38	PolZ2	20.0004
2009-09-23T20:43:39	PolZ1	20.0277
2009-09-23T20:43:39	PolZ2	20.0003
2009-09-23T20:43:40	PolZ1	20.0276
2009-09-23T20:43:40	PolZ2	20.0004
2009-09-23T20:43:43	PolZ1	20.0277
2009-09-23T20:43:43	PolZ2	20.0003
2009-09-23T20:43:44	PolZ2	20.0004
2009-09-23T20:43:45	PolZ2	20.0003
2009-09-23T20:43:46	PolZ2	20.0004
2009-09-23T20:43:47	PolZ2	20.0003
2009-09-23T20:43:48	PolZ1	20.0276
2009-09-23T20:43:48	PolZ2	20.0004
2009-09-23T20:43:50	PolZ1	20.0277
2009-09-23T20:43:52	PolZ2	20.0003
2009-09-23T20:43:53	PolZ2	20.0004
2009-09-23T20:43:55	PolZ2	20.0003
2009-09-23T20:43:56	PolZ2	20.0004
2009-09-23T20:43:59	PolZ2	20.0003
2009-09-23T20:44:01	PolZ2	20.0004
2009-09-23T20:44:02	b2s	-22.252
2009-09-23T20:44:03	b2s	-22.253
2009-09-23T20:44:03	PolZ2	20.0003
2009-09-23T20:44:08	PolZ2	20.0004
2009-09-23T20:44:14	PolZ1	20.0276
2009-09-23T20:44:15	PolZ1	20.0277
2009-09-23T20:44:15	PolZ2	20.0003
2009-09-23T20:44:16	PolZ2	20.0004
2009-09-23T20:44:18	PolZ2	20.0003
2009-09-23T20:44:20	PolZ2	20.0004
2009-09-23T20:44:23	PolZ2	20.0003
2009-09-23T20:44:24	PolZ2	20.0004
2009-09-23T20:44:26	PolZ2	20.0003
2009-09-23T20:44:27	PolZ2	20.0004
2009-09-23T20:44:29	PolZ2	20.0003
2009-09-23T20:44:31	PolZ2	20.0004
2009-09-23T20:44:32	PolZ2	20.0003
2009-09-23T20:44:33	PolZ2	20.0004
2009-09-23T20:44:35	PolZ2	20.0003
2009-09-23T20:44:39	PolZ2	20.0004
2009-09-23T20:44:40	PolZ2	20.0003
2009-09-23T20:44:42	PolZ2	20.0004
2009-09-23T20:44:44	PolZ2	20.0003
2009-09-23T20:44:45	b2s	-22.252
2009-09-23T20:44:47	PolZ2	20.0004
2009-09-23T20:44:48	b2s	-22.254
2009-09-23T20:44:48	PolZ2	20.0003
2009-09-23T20:44:49	b2s	-22.253
2009-09-23T20:44:49	PolZ2	20.0004
2009-09-23T20:44:56	PolZ2	20.0003
2009-09-23T20:44:57	b2s	-22.254
2009-09-23T20:44:58	b2s	-22.251
2009-09-23T20:44:58	PolZ2	20.0004
2009-09-23T20:44:59	b2s	-22.254
2009-09-23T20:44:59	PolZ2	20.0003
2009-09-23T20:45:00	b2s	-22.253
2009-09-23T20:45:00	PolZ2	20.0004
2009-09-23T20:45:01	b2s	-22.254
2009-09-23T20:45:03	b2s	-22.253
2009-09-23T20:45:07	b2s	-22.254
2009-09-23T20:45:07	PolZ2	20.0003
2009-09-23T20:45:08	b2s	-22.253
2009-09-23T20:45:08	PolZ2	20.0004
2009-09-23T20:45:20	PolZ2	20.0003
2009-09-23T20:45:21	PolZ2	20.0004
2009-09-23T20:45:22	b2s	-22.252
2009-09-23T20:45:23	b2s	-22.253
2009-09-23T20:45:26	b2s	-22.254
2009-09-23T20:45:28	b2s	-22.253
2009-09-23T20:45:33	b2s	-22.254
2009-09-23T20:45:34	b2s	-22.253
2009-09-23T20:45:38	b2s	-22.254
2009-09-23T20:45:39	b2s	-22.253
2009-09-23T20:45:43	b2s	-22.254
2009-09-23T20:45:45	b2s	-22.253
2009-09-23T20:45:46	b2s	-22.254
2009-09-23T20:45:47	b2s	-22.253
2009-09-23T20:45:51	b2v2	221.625
2009-09-23T20:45:51	b2s	-22.254
2009-09-23T20:45:51	b2va	4.59259
2009-09-23T20:45:51	b2vh	159.0495
2009-09-23T20:45:53	b2s	-22.253
2009-09-23T20:45:57	PolZ2	20.0003
2009-09-23T20:45:58	PolZ2	20.0004
2009-09-23T20:45:59	b2s	-22.254
2009-09-23T20:46:03	b2s	-22.253
2009-09-23T20:46:04	b2s	-22.254
2009-09-23T20:46:05	b2s	-22.253
2009-09-23T20:46:06	b2s	-22.254
2009-09-23T20:46:07	b2s	-22.253
2009-09-23T20:46:09	b2s	-22.254
2009-09-23T20:46:10	b2s	-22.253
2009-09-23T20:46:11	b2s	-22.254
2009-09-23T20:46:12	b2s	-22.253
2009-09-23T20:46:21	b2s	-22.254
2009-09-23T20:46:21	PolZ2	20.0003
2009-09-23T20:46:22	b2s	-22.253
2009-09-23T20:46:22	PolZ2	20.0004
2009-09-23T20:46:27	b2s	-22.254
2009-09-23T20:46:28	b2s	-22.253
2009-09-23T20:46:29	b2s	-22.254
2009-09-23T20:46:30	b2s	-22.252
2009-09-23T20:46:31	b2s	-22.254
2009-09-23T20:46:32	b2s	-22.253
2009-09-23T20:46:34	b2s	-22.254
2009-09-23T20:46:35	b2s	-22.253
2009-09-23T20:46:37	b2s	-22.254
2009-09-23T20:46:43	b2s	-22.253
2009-09-23T20:46:46	b2s	-22.252
2009-09-23T20:46:47	b2s	-22.253
2009-09-23T20:46:50	b2s	-22.254
2009-09-23T20:46:52	b2s	-22.253
2009-09-23T20:46:53	b2s	-22.254
2009-09-23T20:46:54	b2s	-22.253
2009-09-23T20:46:59	b2s	-22.254
2009-09-23T20:47:00	b2s	-22.253
2009-09-23T20:47:01	b2s	-22.254
2009-09-23T20:47:03	b2s	-22.253
2009-09-23T20:47:04	b2s	-22.254
2009-09-23T20:47:05	b2s	-22.253
2009-09-23T20:47:16	b2s	-22.254
2009-09-23T20:47:17	b2s	-22.253
2009-09-23T20:47:19	b2s	-22.254
2009-09-23T20:47:20	b2s	-22.253
2009-09-23T20:47:21	b2s	-22.254
2009-09-23T20:47:27	b2s	-22.253
2009-09-23T20:47:28	b2s	-22.254
2009-09-23T20:47:29	b2s	-22.253
2009-09-23T20:47:31	b2s	-22.254
2009-09-23T20:47:32	b2s	-22.253
2009-09-23T20:47:34	b2s	-22.254
2009-09-23T20:47:36	b2s	-22.253
2009-09-23T20:47:39	b2s	-22.254
2009-09-23T20:47:44	b2s	-22.253
2009-09-23T20:47:45	b2s	-22.254
2009-09-23T20:47:48	b2s	-22.253
2009-09-23T20:47:50	b2s	-22.252
2009-09-23T20:47:51	b2s	-22.254
2009-09-23T20:47:52	b2s	-22.253
2009-09-23T20:47:53	b2s	-22.254
2009-09-23T20:47:57	b2s	-22.253
2009-09-23T20:47:59	b2s	-22.254
2009-09-23T20:48:02	b2s	-22.253
2009-09-23T20:48:03	b2s	-22.254
2009-09-23T20:48:15	b2s	-22.253
2009-09-23T20:48:19	b2s	-22.254
2009-09-23T20:48:44	b2s	-22.253
2009-09-23T20:48:45	b2s	-22.254
2009-09-23T20:48:50	b2s	-22.251
2009-09-23T20:48:52	b2s	-22.254
2009-09-23T20:48:54	b2s	-22.253
2009-09-23T20:48:55	b2s	-22.254
2009-09-23T20:49:01	b2s	-22.253
2009-09-23T20:49:02	b2s	-22.254
2009-09-23T20:49:44	b2s	-22.253
2009-09-23T20:49:45	b2s	-22.254
2009-09-23T20:49:54	PolZ1	20.0278
2009-09-23T20:49:56	PolZ1	20.0277
2009-09-23T20:50:00	PolZ1	20.0278
2009-09-23T20:50:02	PolZ1	20.0277
2009-09-23T20:50:03	PolZ1	20.0278
2009-09-23T20:50:09	PolZ1	20.0277
2009-09-23T20:50:12	b2s	-22.253
2009-09-23T20:50:13	b2s	-22.254
2009-09-23T20:50:13	PolZ1	20.0278
2009-09-23T20:50:15	PolZ1	20.0277
2009-09-23T20:50:18	PolZ1	20.0278
2009-09-23T20:50:19	PolZ1	20.0277
2009-09-23T20:50:21	PolZ1	20.0278
2009-09-23T20:50:24	b2s	-22.253
2009-09-23T20:50:24	PolZ1	20.0277
2009-09-23T20:50:26	b2s	-22.254
2009-09-23T20:50:26	PolZ1	20.0278
2009-09-23T20:50:40	PolZ1	20.0277
2009-09-23T20:50:41	PolZ1	20.0278
2009-09-23T20:50:47	PolZ1	20.0277
2009-09-23T20:50:48	PolZ1	20.0278
2009-09-23T20:51:02	b2s	-22.253
2009-09-23T20:51:04	b2s	-22.254
2009-09-23T20:51:18	b2s	-22.253
2009-09-23T20:51:19	b2s	-22.254
2009-09-23T20:51:25	b2s	-22.253
2009-09-23T20:51:26	b2s	-22.254
2009-09-23T20:51:28	b2s	-22.253
2009-09-23T20:51:30	b2s	-22.254
2009-09-23T20:51:40	b1v2	-0.001
2009-09-23T20:51:40	b1va	-3.67752114974804E-05
2009-09-23T20:51:40	b1vh	-0.0005
2009-09-23T20:51:49	s1vc	0
2009-09-23T20:51:49	s1hc	0.00024
2009-09-23T20:51:49	s2vc	0.00049
2009-09-23T20:51:49	s2hc	0
2009-09-23T20:51:49	s3vc	-0.00075
2009-09-23T20:51:49	s3hc	-0.00025
2009-09-23T20:51:49	s4vc	-0.00050
2009-09-23T20:51:49	s4hc	0.00024
2009-09-23T20:51:49	s0vc	0
2009-09-23T20:51:49	s0hc	0
2009-09-23T20:51:49	atheta	0.301
2009-09-23T20:51:49	av	-100
2009-09-23T20:51:49	b1v1	0
2009-09-23T20:51:49	b1v2	-0.001
2009-09-23T20:51:49	b1s	-20.492
2009-09-23T20:51:49	b1va	-3.67752114974804E-05
2009-09-23T20:51:49	b1vh	-0.0005
2009-09-23T20:51:49	b2v1	96.474
2009-09-23T20:51:49	b2v2	221.625
2009-09-23T20:51:49	b2s	-22.254
2009-09-23T20:51:49	b2va	4.59259
2009-09-23T20:51:49	b2vh	159.0495
2009-09-23T20:51:49	b2ha	5.85
2009-09-23T20:51:49	ftheta	0
2009-09-23T20:51:49	fv	-20.0008
2009-09-23T20:51:49	fstat	False
2009-09-23T20:51:49	gtheta	0
2009-09-23T20:51:49	gomega	0
2009-09-23T20:51:49	sv1	17.24
2009-09-23T20:51:49	sv2	0
2009-09-23T20:51:49	svtotal	17.24
2009-09-23T20:51:49	ShutterStatus	OPEN
2009-09-23T20:51:49	dv	0.01
2009-09-23T20:51:49	dh	0
2009-09-23T20:51:49	dtheta	0.001
2009-09-23T20:51:49	vcoil1_bit0	False
2009-09-23T20:51:49	vcoil1_bit1	False
2009-09-23T20:51:49	vcoil2_bit0	True
2009-09-23T20:51:49	vcoil2_bit1	False
2009-09-23T20:51:49	RF1Ampon	False
2009-09-23T20:51:49	RF1Frequency	0
2009-09-23T20:51:49	RF1Current	7
2009-09-23T20:51:49	RF2Ampon	False
2009-09-23T20:51:49	RF2Frequency	0
2009-09-23T20:51:49	RF2Current	7
