2013-03-29T00:17:22	Sample	91.7655364568084
2013-03-29T00:17:23	freq6	50
2013-03-29T00:17:25	Baratron	NaN
2013-03-29T00:17:26	H2_Mod_T	49.7
2013-03-29T00:17:26	Guide_P	0.043
2013-03-29T00:17:26	OSIRIS_magnet	False
2013-03-29T00:17:26	renamed_Stick_0	94.956294453813
2013-03-29T00:17:26	Stick	94.956294453813
2013-03-29T00:17:34	TLCCR	84.9393218996102
2013-03-29T00:17:34	PanelT	0
2013-03-29T00:17:35	Baratron	NaN
2013-03-29T00:17:40	isisfreq	40
2013-03-29T00:17:44	phase10	14416
2013-03-29T00:17:45	freq10	50
2013-03-29T00:17:45	phase6	8970
2013-03-29T00:17:45	Baratron	NaN
2013-03-29T00:17:46	Cryovalve	
2013-03-29T00:17:46	Analyser_T1	13.275
2013-03-29T00:17:46	Tank_P	2.2E-06
2013-03-29T00:17:52	Sample	91.7377872109325
2013-03-29T00:17:53	freq6	50
2013-03-29T00:17:56	H2_Mod_T	49.7
2013-03-29T00:17:56	Guide_P	0.043
2013-03-29T00:17:56	OSIRIS_magnet	False
2013-03-29T00:17:56	renamed_Stick_0	94.5836497095746
2013-03-29T00:17:56	Stick	94.5836497095746
2013-03-29T00:17:56	Baratron	NaN
2013-03-29T00:18:05	TLCCR	82.9301537498148
2013-03-29T00:18:05	PanelT	0
2013-03-29T00:18:07	Baratron	NaN
2013-03-29T00:18:11	isisfreq	40
2013-03-29T00:18:14	phase10	14416
2013-03-29T00:18:16	freq10	50
2013-03-29T00:18:16	phase6	8970
2013-03-29T00:18:16	Cryovalve	
2013-03-29T00:18:16	Analyser_T1	13.276
2013-03-29T00:18:16	Tank_P	2.2E-06
2013-03-29T00:18:18	Baratron	NaN
2013-03-29T00:18:23	freq6	50
2013-03-29T00:18:23	Sample	91.691538467806
2013-03-29T00:18:26	H2_Mod_T	49.7
2013-03-29T00:18:26	Guide_P	0.043
2013-03-29T00:18:27	OSIRIS_magnet	False
2013-03-29T00:18:27	renamed_Stick_0	94.2778899194304
2013-03-29T00:18:27	Stick	94.2778899194304
2013-03-29T00:18:29	Baratron	NaN
2013-03-29T00:18:36	TLCCR	80.4811676965811
2013-03-29T00:18:36	PanelT	0
2013-03-29T00:18:39	Baratron	NaN
2013-03-29T00:18:42	isisfreq	40
2013-03-29T00:18:44	phase10	14416
2013-03-29T00:18:46	freq10	50
2013-03-29T00:18:46	phase6	8970
2013-03-29T00:18:46	Cryovalve	
2013-03-29T00:18:46	Analyser_T1	13.276
2013-03-29T00:18:46	Tank_P	2.2E-06
2013-03-29T00:18:49	Baratron	NaN
2013-03-29T00:18:53	freq6	50
2013-03-29T00:18:54	Sample	91.5990409815529
2013-03-29T00:18:56	H2_Mod_T	49.7
2013-03-29T00:18:56	Guide_P	0.043
2013-03-29T00:18:57	OSIRIS_magnet	False
2013-03-29T00:18:57	renamed_Stick_0	94.0007951096121
2013-03-29T00:18:57	Stick	94.0007951096121
2013-03-29T00:18:59	Baratron	NaN
2013-03-29T00:19:06	TLCCR	78.1183046843403
2013-03-29T00:19:06	PanelT	0
2013-03-29T00:19:09	Baratron	NaN
2013-03-29T00:19:12	isisfreq	40
2013-03-29T00:19:14	phase10	14416
2013-03-29T00:19:16	freq10	50
2013-03-29T00:19:16	phase6	8970
2013-03-29T00:19:16	Cryovalve	
2013-03-29T00:19:16	Analyser_T1	13.277
2013-03-29T00:19:16	Tank_P	2.2E-06
2013-03-29T00:19:19	Baratron	NaN
2013-03-29T00:19:23	freq6	50
2013-03-29T00:19:24	Sample	91.4602947521733
2013-03-29T00:19:26	H2_Mod_T	49.9
2013-03-29T00:19:26	Guide_P	0.043
2013-03-29T00:19:27	OSIRIS_magnet	False
2013-03-29T00:19:27	renamed_Stick_0	93.7237002997939
2013-03-29T00:19:27	Stick	93.7237002997939
2013-03-29T00:19:29	Baratron	NaN
2013-03-29T00:19:36	TLCCR	75.7287305630948
2013-03-29T00:19:36	PanelT	0
2013-03-29T00:19:39	Baratron	NaN
2013-03-29T00:19:42	isisfreq	40
2013-03-29T00:19:44	phase10	14416
2013-03-29T00:19:46	freq10	50
2013-03-29T00:19:46	phase6	8970
2013-03-29T00:19:46	Cryovalve	
2013-03-29T00:19:46	Analyser_T1	13.276
2013-03-29T00:19:46	Tank_P	2.2E-06
2013-03-29T00:19:50	Baratron	NaN
2013-03-29T00:19:53	freq6	50
2013-03-29T00:19:54	Sample	91.2752997796671
2013-03-29T00:19:56	H2_Mod_T	49.7
2013-03-29T00:19:56	Guide_P	0.043
2013-03-29T00:19:57	OSIRIS_magnet	False
2013-03-29T00:19:57	renamed_Stick_0	93.4466054899756
2013-03-29T00:19:57	Stick	93.4466054899756
2013-03-29T00:20:00	Baratron	NaN
2013-03-29T00:20:06	TLCCR	73.3396504214412
2013-03-29T00:20:06	PanelT	0
2013-03-29T00:20:11	Baratron	NaN
2013-03-29T00:20:12	isisfreq	40
2013-03-29T00:20:15	phase10	14416
2013-03-29T00:20:16	freq10	50
2013-03-29T00:20:16	phase6	8970
2013-03-29T00:20:16	Cryovalve	
2013-03-29T00:20:16	Analyser_T1	13.277
2013-03-29T00:20:16	Tank_P	2.2E-06
2013-03-29T00:20:21	Baratron	NaN
2013-03-29T00:20:23	freq6	50
2013-03-29T00:20:24	Sample	91.0533058126598
2013-03-29T00:20:26	H2_Mod_T	49.7
2013-03-29T00:20:26	Guide_P	0.043
2013-03-29T00:20:27	OSIRIS_magnet	False
2013-03-29T00:20:27	renamed_Stick_0	93.1408456998313
2013-03-29T00:20:27	Stick	93.1408456998313
2013-03-29T00:20:31	Baratron	NaN
2013-03-29T00:20:37	TLCCR	71.4265956175749
2013-03-29T00:20:37	PanelT	0
2013-03-29T00:20:42	isisfreq	40
2013-03-29T00:20:42	Baratron	NaN
2013-03-29T00:20:45	phase10	14416
2013-03-29T00:20:46	freq10	50
2013-03-29T00:20:46	phase6	8970
2013-03-29T00:20:46	Cryovalve	
2013-03-29T00:20:46	Analyser_T1	13.276
2013-03-29T00:20:46	Tank_P	2.2E-06
2013-03-29T00:20:52	Baratron	NaN
2013-03-29T00:20:53	freq6	50
2013-03-29T00:20:54	Sample	90.7943128511511
2013-03-29T00:20:57	H2_Mod_T	49.6
2013-03-29T00:20:57	Guide_P	0.043
2013-03-29T00:20:57	OSIRIS_magnet	False
2013-03-29T00:20:57	renamed_Stick_0	92.8350859096871
2013-03-29T00:20:57	Stick	92.8350859096871
2013-03-29T00:21:02	Baratron	NaN
2013-03-29T00:21:07	TLCCR	71.9237737021955
2013-03-29T00:21:07	PanelT	0
2013-03-29T00:21:12	isisfreq	40
2013-03-29T00:21:13	Baratron	NaN
2013-03-29T00:21:15	phase10	14416
2013-03-29T00:21:16	freq10	50
2013-03-29T00:21:16	phase6	8970
2013-03-29T00:21:16	Cryovalve	
2013-03-29T00:21:16	Analyser_T1	13.276
2013-03-29T00:21:16	Tank_P	2.2E-06
2013-03-29T00:21:23	freq6	50
2013-03-29T00:21:23	Baratron	NaN
2013-03-29T00:21:24	Sample	90.5075706437666
2013-03-29T00:21:27	H2_Mod_T	49.6
2013-03-29T00:21:27	Guide_P	0.043
2013-03-29T00:21:27	OSIRIS_magnet	False
2013-03-29T00:21:27	renamed_Stick_0	92.5197711261008
2013-03-29T00:21:27	Stick	92.5197711261008
2013-03-29T00:21:34	Baratron	NaN
2013-03-29T00:21:37	TLCCR	73.2315682291323
2013-03-29T00:21:37	PanelT	0
2013-03-29T00:21:42	isisfreq	40
2013-03-29T00:21:44	Baratron	NaN
2013-03-29T00:21:45	phase10	14416
2013-03-29T00:21:46	freq10	50
2013-03-29T00:21:46	phase6	8970
2013-03-29T00:21:46	Cryovalve	
2013-03-29T00:21:46	Analyser_T1	13.276
2013-03-29T00:21:46	Tank_P	2.2E-06
2013-03-29T00:21:53	freq6	50
2013-03-29T00:21:54	Sample	90.2295796191138
2013-03-29T00:21:54	Baratron	NaN
2013-03-29T00:21:58	H2_Mod_T	49.6
2013-03-29T00:21:58	Guide_P	0.043
2013-03-29T00:21:58	OSIRIS_magnet	False
2013-03-29T00:21:58	renamed_Stick_0	92.2140113359565
2013-03-29T00:21:58	Stick	92.2140113359565
2013-03-29T00:22:05	Baratron	NaN
2013-03-29T00:22:07	TLCCR	74.2151161791427
2013-03-29T00:22:07	PanelT	0
2013-03-29T00:22:13	isisfreq	40
2013-03-29T00:22:16	phase6	8970
2013-03-29T00:22:16	phase10	14416
2013-03-29T00:22:16	Cryovalve	
2013-03-29T00:22:16	Analyser_T1	13.275
2013-03-29T00:22:16	Tank_P	2.2E-06
2013-03-29T00:22:16	Baratron	NaN
2013-03-29T00:22:17	freq10	50
2013-03-29T00:22:24	freq6	50
2013-03-29T00:22:24	Sample	89.9484163801732
2013-03-29T00:22:27	Baratron	NaN
2013-03-29T00:22:28	H2_Mod_T	49.7
2013-03-29T00:22:28	Guide_P	0.043
2013-03-29T00:22:28	OSIRIS_magnet	False
2013-03-29T00:22:28	renamed_Stick_0	91.9273615326963
2013-03-29T00:22:28	Stick	91.9273615326963
2013-03-29T00:22:37	TLCCR	74.7663353599177
2013-03-29T00:22:37	PanelT	0
2013-03-29T00:22:37	Baratron	NaN
2013-03-29T00:22:43	isisfreq	40
2013-03-29T00:22:46	phase6	8970
2013-03-29T00:22:46	phase10	14416
2013-03-29T00:22:46	Cryovalve	
2013-03-29T00:22:46	Analyser_T1	13.277
2013-03-29T00:22:46	Tank_P	2.2E-06
2013-03-29T00:22:47	freq10	50
2013-03-29T00:22:47	Baratron	NaN
2013-03-29T00:22:54	freq6	50
2013-03-29T00:22:54	Sample	89.7047415730914
2013-03-29T00:22:57	Baratron	NaN
2013-03-29T00:22:58	H2_Mod_T	49.6
2013-03-29T00:22:58	Guide_P	0.043
2013-03-29T00:22:58	OSIRIS_magnet	False
2013-03-29T00:22:58	renamed_Stick_0	91.65982171632
2013-03-29T00:22:58	Stick	91.65982171632
2013-03-29T00:23:07	TLCCR	74.9942727163051
2013-03-29T00:23:07	PanelT	0
2013-03-29T00:23:08	Baratron	NaN
2013-03-29T00:23:13	isisfreq	40
2013-03-29T00:23:16	phase6	8970
2013-03-29T00:23:16	phase10	14416
2013-03-29T00:23:16	Cryovalve	
2013-03-29T00:23:16	Analyser_T1	13.277
2013-03-29T00:23:16	Tank_P	2.2E-06
2013-03-29T00:23:17	freq10	50
2013-03-29T00:23:18	Baratron	NaN
2013-03-29T00:23:24	freq6	50
2013-03-29T00:23:24	Sample	89.4610667660096
2013-03-29T00:23:29	H2_Mod_T	49.6
2013-03-29T00:23:29	Guide_P	0.043
2013-03-29T00:23:29	OSIRIS_magnet	False
2013-03-29T00:23:29	renamed_Stick_0	91.4113918868278
2013-03-29T00:23:29	Stick	91.4113918868278
2013-03-29T00:23:29	Baratron	NaN
2013-03-29T00:23:37	TLCCR	75.0253061464511
2013-03-29T00:23:37	PanelT	0
2013-03-29T00:23:39	Baratron	NaN
2013-03-29T00:23:44	isisfreq	40
2013-03-29T00:23:46	phase6	8970
2013-03-29T00:23:46	phase10	14416
2013-03-29T00:23:46	Cryovalve	
2013-03-29T00:23:46	Analyser_T1	13.276
2013-03-29T00:23:46	Tank_P	2.2E-06
2013-03-29T00:23:47	freq10	50
2013-03-29T00:23:50	Baratron	NaN
2013-03-29T00:23:54	freq6	50
2013-03-29T00:23:54	Sample	89.2361361748572
2013-03-29T00:23:59	H2_Mod_T	49.5
2013-03-29T00:23:59	Guide_P	0.043
2013-03-29T00:23:59	OSIRIS_magnet	False
2013-03-29T00:23:59	renamed_Stick_0	91.1725170507776
2013-03-29T00:23:59	Stick	91.1725170507776
2013-03-29T00:24:00	Baratron	NaN
2013-03-29T00:24:07	TLCCR	75.0149616697358
2013-03-29T00:24:07	PanelT	0
2013-03-29T00:24:10	Baratron	NaN
2013-03-29T00:24:14	isisfreq	40
2013-03-29T00:24:16	phase6	8970
2013-03-29T00:24:16	phase10	14416
2013-03-29T00:24:16	Cryovalve	
2013-03-29T00:24:16	Analyser_T1	13.276
2013-03-29T00:24:16	Tank_P	2.2E-06
2013-03-29T00:24:17	freq10	50
2013-03-29T00:24:20	Baratron	NaN
2013-03-29T00:24:24	freq6	50
2013-03-29T00:24:24	Sample	89.0112055837047
2013-03-29T00:24:29	H2_Mod_T	49.6
2013-03-29T00:24:29	Guide_P	0.043
2013-03-29T00:24:29	OSIRIS_magnet	False
2013-03-29T00:24:29	renamed_Stick_0	90.9431972081694
2013-03-29T00:24:29	Stick	90.9431972081694
2013-03-29T00:24:30	Baratron	NaN
2013-03-29T00:24:37	TLCCR	74.9942727163051
2013-03-29T00:24:37	PanelT	0
2013-03-29T00:24:41	Baratron	NaN
2013-03-29T00:24:45	isisfreq	40
2013-03-29T00:24:46	phase6	8970
2013-03-29T00:24:46	phase10	14416
2013-03-29T00:24:46	Cryovalve	
2013-03-29T00:24:46	Analyser_T1	13.276
2013-03-29T00:24:46	Tank_P	2.2E-06
2013-03-29T00:24:48	freq10	50
2013-03-29T00:24:52	Baratron	NaN
2013-03-29T00:24:54	Sample	88.7862749925523
2013-03-29T00:24:55	freq6	50
2013-03-29T00:24:59	H2_Mod_T	49.5
2013-03-29T00:24:59	Guide_P	0.043
2013-03-29T00:24:59	OSIRIS_magnet	False
2013-03-29T00:24:59	renamed_Stick_0	90.7234323590032
2013-03-29T00:24:59	Stick	90.7234323590032
2013-03-29T00:25:02	Baratron	NaN
2013-03-29T00:25:07	TLCCR	74.9716915253045
2013-03-29T00:25:07	PanelT	0
2013-03-29T00:25:13	Baratron	NaN
2013-03-29T00:25:16	isisfreq	40
2013-03-29T00:25:17	phase6	8970
2013-03-29T00:25:17	phase10	14416
2013-03-29T00:25:17	Cryovalve	
2013-03-29T00:25:17	Analyser_T1	13.275
2013-03-29T00:25:17	Tank_P	2.2E-06
2013-03-29T00:25:19	freq10	50
2013-03-29T00:25:23	Baratron	NaN
2013-03-29T00:25:25	freq6	50
2013-03-29T00:25:25	Sample	88.5707165093645
2013-03-29T00:25:29	H2_Mod_T	49.5
2013-03-29T00:25:29	Guide_P	0.043
2013-03-29T00:25:29	OSIRIS_magnet	False
2013-03-29T00:25:29	renamed_Stick_0	90.494112516395
2013-03-29T00:25:29	Stick	90.494112516395
2013-03-29T00:25:33	Baratron	NaN
2013-03-29T00:25:38	TLCCR	74.9716915253045
2013-03-29T00:25:38	PanelT	0
2013-03-29T00:25:44	Baratron	NaN
2013-03-29T00:25:46	isisfreq	40
2013-03-29T00:25:47	phase6	8970
2013-03-29T00:25:47	phase10	14416
2013-03-29T00:25:48	Cryovalve	
2013-03-29T00:25:48	Analyser_T1	13.276
2013-03-29T00:25:48	Tank_P	2.2E-06
2013-03-29T00:25:49	freq10	50
2013-03-29T00:25:54	Baratron	NaN
2013-03-29T00:25:55	freq6	50
2013-03-29T00:25:55	Sample	88.3457859182121
2013-03-29T00:25:59	H2_Mod_T	49.7
2013-03-29T00:25:59	Guide_P	0.043
2013-03-29T00:25:59	OSIRIS_magnet	False
2013-03-29T00:25:59	renamed_Stick_0	90.2656458443621
2013-03-29T00:25:59	Stick	90.2656458443621
2013-03-29T00:26:04	Baratron	NaN
2013-03-29T00:26:08	TLCCR	74.9284586483809
2013-03-29T00:26:08	PanelT	0
2013-03-29T00:26:15	Baratron	NaN
2013-03-29T00:26:16	isisfreq	40
2013-03-29T00:26:17	phase6	8970
2013-03-29T00:26:17	phase10	14416
2013-03-29T00:26:18	Cryovalve	
2013-03-29T00:26:18	Analyser_T1	13.276
2013-03-29T00:26:18	Tank_P	2.2E-06
2013-03-29T00:26:19	freq10	50
2013-03-29T00:26:25	freq6	50
2013-03-29T00:26:25	Sample	88.1489716509537
2013-03-29T00:26:25	Baratron	NaN
2013-03-29T00:26:29	H2_Mod_T	49.9
2013-03-29T00:26:29	Guide_P	0.043
2013-03-29T00:26:29	OSIRIS_magnet	False
2013-03-29T00:26:29	renamed_Stick_0	90.0380322922181
2013-03-29T00:26:29	Stick	90.0380322922181
2013-03-29T00:26:35	Baratron	NaN
2013-03-29T00:26:38	TLCCR	74.9608833060736
2013-03-29T00:26:38	PanelT	0
2013-03-29T00:26:45	Baratron	NaN
2013-03-29T00:26:46	isisfreq	40
2013-03-29T00:26:47	phase6	8970
2013-03-29T00:26:47	phase10	14416
2013-03-29T00:26:48	Cryovalve	
2013-03-29T00:26:48	Analyser_T1	13.277
2013-03-29T00:26:48	Tank_P	2.2E-06
2013-03-29T00:26:49	freq10	50
2013-03-29T00:26:55	freq6	50
2013-03-29T00:26:55	Sample	87.933413167766
2013-03-29T00:26:55	Baratron	NaN
2013-03-29T00:26:59	H2_Mod_T	49.9
2013-03-29T00:26:59	Guide_P	0.043
2013-03-29T00:26:59	OSIRIS_magnet	False
2013-03-29T00:26:59	renamed_Stick_0	89.8203149814717
2013-03-29T00:26:59	Stick	89.8203149814717
2013-03-29T00:27:05	Baratron	NaN
2013-03-29T00:27:08	TLCCR	74.9608833060736
2013-03-29T00:27:08	PanelT	0
2013-03-29T00:27:15	Baratron	NaN
2013-03-29T00:27:16	isisfreq	40
2013-03-29T00:27:17	phase6	8970
2013-03-29T00:27:17	phase10	14416
2013-03-29T00:27:18	Cryovalve	
2013-03-29T00:27:18	Analyser_T1	13.276
2013-03-29T00:27:18	Tank_P	2.2E-06
2013-03-29T00:27:19	freq10	50
2013-03-29T00:27:25	freq6	50
2013-03-29T00:27:25	Sample	87.7272267925429
2013-03-29T00:27:25	Baratron	NaN
2013-03-29T00:27:29	H2_Mod_T	49.9
2013-03-29T00:27:29	Guide_P	0.043
2013-03-29T00:27:29	OSIRIS_magnet	False
2013-03-29T00:27:29	renamed_Stick_0	89.6025976707252
2013-03-29T00:27:29	Stick	89.6025976707252
2013-03-29T00:27:36	Baratron	NaN
2013-03-29T00:27:38	TLCCR	74.9716915253045
2013-03-29T00:27:38	PanelT	0
2013-03-29T00:27:46	isisfreq	40
2013-03-29T00:27:46	Baratron	NaN
2013-03-29T00:27:47	phase6	8970
2013-03-29T00:27:47	phase10	14416
2013-03-29T00:27:48	Cryovalve	
2013-03-29T00:27:48	Analyser_T1	13.276
2013-03-29T00:27:48	Tank_P	2.2E-06
2013-03-29T00:27:49	freq10	50
2013-03-29T00:27:55	freq6	50
2013-03-29T00:27:55	Sample	87.5304125252845
2013-03-29T00:27:56	Baratron	NaN
2013-03-29T00:28:00	H2_Mod_T	49.7
2013-03-29T00:28:00	Guide_P	0.043
2013-03-29T00:28:00	OSIRIS_magnet	False
2013-03-29T00:28:00	renamed_Stick_0	89.3848803599788
2013-03-29T00:28:00	Stick	89.3848803599788
2013-03-29T00:28:07	Baratron	NaN
2013-03-29T00:28:08	TLCCR	74.9608833060736
2013-03-29T00:28:08	PanelT	0
2013-03-29T00:28:16	isisfreq	40
2013-03-29T00:28:17	phase6	8970
2013-03-29T00:28:17	phase10	14416
2013-03-29T00:28:17	Baratron	NaN
2013-03-29T00:28:18	Cryovalve	
2013-03-29T00:28:18	Analyser_T1	13.276
2013-03-29T00:28:18	Tank_P	2.2E-06
2013-03-29T00:28:19	freq10	50
2013-03-29T00:28:25	freq6	50
2013-03-29T00:28:25	Sample	87.3335982580261
2013-03-29T00:28:28	Baratron	NaN
2013-03-29T00:28:30	H2_Mod_T	49.7
2013-03-29T00:28:30	Guide_P	0.043
2013-03-29T00:28:30	OSIRIS_magnet	False
2013-03-29T00:28:30	renamed_Stick_0	89.17705929063
2013-03-29T00:28:30	Stick	89.17705929063
2013-03-29T00:28:38	TLCCR	74.9500750868427
2013-03-29T00:28:38	PanelT	0
2013-03-29T00:28:38	Baratron	NaN
2013-03-29T00:28:46	isisfreq	40
2013-03-29T00:28:47	phase6	8970
2013-03-29T00:28:47	phase10	14416
2013-03-29T00:28:48	Cryovalve	
2013-03-29T00:28:48	Analyser_T1	13.276
2013-03-29T00:28:48	Tank_P	2.2E-06
2013-03-29T00:28:48	Baratron	NaN
2013-03-29T00:28:49	freq10	50
2013-03-29T00:28:55	freq6	50
2013-03-29T00:28:55	Sample	87.1555282066971
2013-03-29T00:28:59	Baratron	NaN
2013-03-29T00:29:01	H2_Mod_T	49.7
2013-03-29T00:29:01	Guide_P	0.043
2013-03-29T00:29:01	OSIRIS_magnet	False
2013-03-29T00:29:01	renamed_Stick_0	88.9593419798836
2013-03-29T00:29:01	Stick	88.9593419798836
2013-03-29T00:29:09	TLCCR	74.9608833060736
2013-03-29T00:29:09	PanelT	0
2013-03-29T00:29:10	Baratron	NaN
2013-03-29T00:29:16	isisfreq	40
2013-03-29T00:29:17	phase6	8970
2013-03-29T00:29:17	phase10	14416
2013-03-29T00:29:19	freq10	50
2013-03-29T00:29:19	Cryovalve	
2013-03-29T00:29:19	Analyser_T1	13.276
2013-03-29T00:29:19	Tank_P	2.2E-06
2013-03-29T00:29:20	Baratron	NaN
2013-03-29T00:29:25	freq6	50
2013-03-29T00:29:25	Sample	86.9587139394388
2013-03-29T00:29:31	H2_Mod_T	49.7
2013-03-29T00:29:31	Guide_P	0.043
2013-03-29T00:29:31	OSIRIS_magnet	False
2013-03-29T00:29:31	renamed_Stick_0	88.7515209105347
2013-03-29T00:29:31	Stick	88.7515209105347
2013-03-29T00:29:31	Baratron	NaN
2013-03-29T00:29:39	TLCCR	74.9500750868427
2013-03-29T00:29:39	PanelT	0
2013-03-29T00:29:41	Baratron	NaN
2013-03-29T00:29:47	isisfreq	40
2013-03-29T00:29:48	phase6	8970
2013-03-29T00:29:48	phase10	14416
2013-03-29T00:29:49	freq10	50
2013-03-29T00:29:49	Cryovalve	
2013-03-29T00:29:49	Analyser_T1	13.276
2013-03-29T00:29:49	Tank_P	2.2E-06
2013-03-29T00:29:52	Baratron	NaN
2013-03-29T00:29:55	freq6	50
2013-03-29T00:29:55	Sample	86.7712717801451
2013-03-29T00:30:01	H2_Mod_T	49.7
2013-03-29T00:30:01	Guide_P	0.043
2013-03-29T00:30:01	OSIRIS_magnet	False
2013-03-29T00:30:01	renamed_Stick_0	88.5535960825834
2013-03-29T00:30:01	Stick	88.5535960825834
2013-03-29T00:30:02	Baratron	NaN
2013-03-29T00:30:09	TLCCR	74.9608833060736
2013-03-29T00:30:09	PanelT	0
2013-03-29T00:30:12	Baratron	NaN
2013-03-29T00:30:17	isisfreq	40
2013-03-29T00:30:18	phase6	8970
2013-03-29T00:30:18	phase10	14416
2013-03-29T00:30:19	freq10	50
2013-03-29T00:30:19	Cryovalve	
2013-03-29T00:30:19	Analyser_T1	13.275
2013-03-29T00:30:19	Tank_P	2.2E-06
2013-03-29T00:30:23	Baratron	NaN
2013-03-29T00:30:25	freq6	50
2013-03-29T00:30:25	Sample	86.593201728816
2013-03-29T00:30:32	H2_Mod_T	49.7
2013-03-29T00:30:32	Guide_P	0.043
2013-03-29T00:30:32	OSIRIS_magnet	False
2013-03-29T00:30:32	renamed_Stick_0	88.3556712546321
2013-03-29T00:30:32	Stick	88.3556712546321
2013-03-29T00:30:33	Baratron	NaN
2013-03-29T00:30:39	TLCCR	74.9608833060736
2013-03-29T00:30:39	PanelT	0
2013-03-29T00:30:44	Baratron	NaN
2013-03-29T00:30:47	isisfreq	40
2013-03-29T00:30:49	freq10	50
2013-03-29T00:30:49	phase6	8970
2013-03-29T00:30:49	phase10	14416
2013-03-29T00:30:49	Cryovalve	
2013-03-29T00:30:49	Analyser_T1	13.274
2013-03-29T00:30:49	Tank_P	2.2E-06
2013-03-29T00:30:55	freq6	50
2013-03-29T00:30:55	Sample	86.4245037854517
2013-03-29T00:30:55	Baratron	NaN
2013-03-29T00:31:02	H2_Mod_T	49.6
2013-03-29T00:31:02	Guide_P	0.043
2013-03-29T00:31:02	OSIRIS_magnet	False
2013-03-29T00:31:02	renamed_Stick_0	88.1478501852832
2013-03-29T00:31:02	Stick	88.1478501852832
2013-03-29T00:31:06	Baratron	NaN
2013-03-29T00:31:09	TLCCR	74.9608833060736
2013-03-29T00:31:09	PanelT	0
2013-03-29T00:31:16	Baratron	NaN
2013-03-29T00:31:18	isisfreq	40
2013-03-29T00:31:19	freq10	50
2013-03-29T00:31:19	phase6	8970
2013-03-29T00:31:19	phase10	14416
2013-03-29T00:31:19	Cryovalve	
2013-03-29T00:31:19	Analyser_T1	13.274
2013-03-29T00:31:19	Tank_P	2.2E-06
2013-03-29T00:31:25	freq6	50
2013-03-29T00:31:25	Sample	86.2464337341227
2013-03-29T00:31:26	Baratron	NaN
2013-03-29T00:31:32	H2_Mod_T	49.6
2013-03-29T00:31:32	Guide_P	0.043
2013-03-29T00:31:32	OSIRIS_magnet	False
2013-03-29T00:31:32	renamed_Stick_0	87.9598215987295
2013-03-29T00:31:32	Stick	87.9598215987295
2013-03-29T00:31:36	Baratron	NaN
2013-03-29T00:31:39	TLCCR	74.9608833060736
2013-03-29T00:31:39	PanelT	0
2013-03-29T00:31:47	Baratron	NaN
2013-03-29T00:31:48	isisfreq	40
2013-03-29T00:31:49	freq10	50
2013-03-29T00:31:49	Tank_P	2.2E-06
2013-03-29T00:31:50	phase6	8970
2013-03-29T00:31:50	phase10	14416
2013-03-29T00:31:50	Cryovalve	
2013-03-29T00:31:50	Analyser_T1	13.274
2013-03-29T00:31:56	freq6	50
2013-03-29T00:31:56	Sample	86.0683636827937
2013-03-29T00:31:57	Baratron	NaN
2013-03-29T00:32:02	H2_Mod_T	49.7
2013-03-29T00:32:02	Guide_P	0.043
2013-03-29T00:32:02	OSIRIS_magnet	False
2013-03-29T00:32:02	renamed_Stick_0	87.7717930121758
2013-03-29T00:32:02	Stick	87.7717930121758
2013-03-29T00:32:08	Baratron	NaN
2013-03-29T00:32:09	TLCCR	74.9608833060736
2013-03-29T00:32:09	PanelT	0
2013-03-29T00:32:18	isisfreq	40
2013-03-29T00:32:18	Baratron	NaN
2013-03-29T00:32:19	freq10	50
2013-03-29T00:32:19	Tank_P	2.2E-06
2013-03-29T00:32:20	phase6	8970
2013-03-29T00:32:20	phase10	14416
2013-03-29T00:32:20	Cryovalve	
2013-03-29T00:32:20	Analyser_T1	13.273
2013-03-29T00:32:27	freq6	50
2013-03-29T00:32:27	Sample	85.9184099553587
2013-03-29T00:32:29	Baratron	NaN
2013-03-29T00:32:32	H2_Mod_T	49.6
2013-03-29T00:32:32	Guide_P	0.043
2013-03-29T00:32:32	OSIRIS_magnet	False
2013-03-29T00:32:32	renamed_Stick_0	87.6134531498147
2013-03-29T00:32:32	Stick	87.6134531498147
2013-03-29T00:32:39	TLCCR	74.9608833060736
2013-03-29T00:32:39	PanelT	0
2013-03-29T00:32:39	Baratron	NaN
2013-03-29T00:32:48	isisfreq	40
2013-03-29T00:32:49	freq10	50
2013-03-29T00:32:49	Tank_P	2.2E-06
2013-03-29T00:32:49	Baratron	NaN
2013-03-29T00:32:50	phase6	8970
2013-03-29T00:32:50	phase10	14416
2013-03-29T00:32:50	Cryovalve	
2013-03-29T00:32:50	Analyser_T1	13.273
2013-03-29T00:32:57	freq6	50
2013-03-29T00:32:57	Sample	85.7590841199591
2013-03-29T00:33:00	Baratron	NaN
2013-03-29T00:33:02	H2_Mod_T	49.6
2013-03-29T00:33:02	Guide_P	0.043
2013-03-29T00:33:03	OSIRIS_magnet	False
2013-03-29T00:33:03	renamed_Stick_0	87.425424563261
2013-03-29T00:33:03	Stick	87.425424563261
2013-03-29T00:33:10	TLCCR	74.9608833060736
2013-03-29T00:33:10	PanelT	0
2013-03-29T00:33:11	Baratron	NaN
2013-03-29T00:33:19	isisfreq	40
2013-03-29T00:33:20	freq10	50
2013-03-29T00:33:20	Tank_P	2.2E-06
2013-03-29T00:33:21	phase6	8970
2013-03-29T00:33:21	phase10	14416
2013-03-29T00:33:21	Cryovalve	
2013-03-29T00:33:21	Analyser_T1	13.272
2013-03-29T00:33:21	Baratron	NaN
2013-03-29T00:33:28	freq6	50
2013-03-29T00:33:28	Sample	85.5903861765948
2013-03-29T00:33:31	Baratron	NaN
2013-03-29T00:33:33	H2_Mod_T	49.5
2013-03-29T00:33:33	Guide_P	0.043
2013-03-29T00:33:33	OSIRIS_magnet	False
2013-03-29T00:33:33	renamed_Stick_0	87.2472922181048
2013-03-29T00:33:33	Stick	87.2472922181048
2013-03-29T00:33:40	TLCCR	74.9608833060736
2013-03-29T00:33:40	PanelT	0
2013-03-29T00:33:41	Baratron	NaN
2013-03-29T00:33:49	isisfreq	40
2013-03-29T00:33:50	freq10	50
2013-03-29T00:33:50	Tank_P	2.2E-06
2013-03-29T00:33:51	phase6	8970
2013-03-29T00:33:51	phase10	14416
2013-03-29T00:33:51	Cryovalve	
2013-03-29T00:33:51	Analyser_T1	13.273
2013-03-29T00:33:51	Baratron	NaN
2013-03-29T00:33:58	freq6	50
2013-03-29T00:33:58	Sample	85.4310603411951
2013-03-29T00:34:01	Baratron	NaN
2013-03-29T00:34:03	H2_Mod_T	49.5
2013-03-29T00:34:03	Guide_P	0.043
2013-03-29T00:34:03	OSIRIS_magnet	False
2013-03-29T00:34:03	renamed_Stick_0	87.0691598729486
2013-03-29T00:34:03	Stick	87.0691598729486
2013-03-29T00:34:10	TLCCR	74.9608833060736
2013-03-29T00:34:10	PanelT	0
2013-03-29T00:34:11	Baratron	NaN
2013-03-29T00:34:19	isisfreq	40
2013-03-29T00:34:20	freq10	50
2013-03-29T00:34:21	phase6	8970
2013-03-29T00:34:21	phase10	14416
2013-03-29T00:34:21	Cryovalve	
2013-03-29T00:34:21	Analyser_T1	13.273
2013-03-29T00:34:21	Tank_P	2.2E-06
2013-03-29T00:34:22	Baratron	NaN
2013-03-29T00:34:28	freq6	50
2013-03-29T00:34:28	Sample	85.2811066137602
2013-03-29T00:34:32	Baratron	NaN
2013-03-29T00:34:33	H2_Mod_T	49.5
2013-03-29T00:34:33	Guide_P	0.043
2013-03-29T00:34:33	OSIRIS_magnet	False
2013-03-29T00:34:33	renamed_Stick_0	86.8910275277925
2013-03-29T00:34:33	Stick	86.8910275277925
2013-03-29T00:34:40	TLCCR	74.9284586483809
2013-03-29T00:34:40	PanelT	0
2013-03-29T00:34:42	Baratron	NaN
2013-03-29T00:34:49	isisfreq	40
2013-03-29T00:34:50	freq10	50
2013-03-29T00:34:51	phase6	8970
2013-03-29T00:34:51	phase10	14416
2013-03-29T00:34:51	Cryovalve	
2013-03-29T00:34:51	Analyser_T1	13.273
2013-03-29T00:34:51	Tank_P	2.2E-06
2013-03-29T00:34:53	Baratron	NaN
2013-03-29T00:34:59	freq6	50
2013-03-29T00:34:59	Sample	85.128367160278
2013-03-29T00:35:03	Baratron	NaN
2013-03-29T00:35:04	H2_Mod_T	49.7
2013-03-29T00:35:04	Guide_P	0.043
2013-03-29T00:35:04	OSIRIS_magnet	False
2013-03-29T00:35:04	renamed_Stick_0	86.7128951826363
2013-03-29T00:35:04	Stick	86.7128951826363
2013-03-29T00:35:10	TLCCR	74.9608833060736
2013-03-29T00:35:10	PanelT	0
2013-03-29T00:35:13	Baratron	NaN
2013-03-29T00:35:19	isisfreq	40
2013-03-29T00:35:20	freq10	50
2013-03-29T00:35:21	phase6	8970
2013-03-29T00:35:21	phase10	14416
2013-03-29T00:35:21	Cryovalve	
2013-03-29T00:35:21	Analyser_T1	13.274
2013-03-29T00:35:21	Tank_P	2.2E-06
2013-03-29T00:35:24	Baratron	NaN
2013-03-29T00:35:29	freq6	50
2013-03-29T00:35:29	Sample	84.9659391547211
2013-03-29T00:35:34	H2_Mod_T	49.7
2013-03-29T00:35:34	Guide_P	0.043
2013-03-29T00:35:34	OSIRIS_magnet	False
2013-03-29T00:35:34	renamed_Stick_0	86.5446590788777
2013-03-29T00:35:34	Stick	86.5446590788777
2013-03-29T00:35:34	Baratron	NaN
2013-03-29T00:35:40	TLCCR	74.9608833060736
2013-03-29T00:35:40	PanelT	0
2013-03-29T00:35:44	Baratron	NaN
2013-03-29T00:35:49	isisfreq	40
2013-03-29T00:35:50	freq10	50
2013-03-29T00:35:51	phase6	8970
2013-03-29T00:35:51	phase10	14416
2013-03-29T00:35:51	Cryovalve	
2013-03-29T00:35:51	Analyser_T1	13.274
2013-03-29T00:35:51	Tank_P	2.2E-06
2013-03-29T00:35:54	Baratron	NaN
2013-03-29T00:35:59	freq6	50
2013-03-29T00:35:59	Sample	84.8130657377264
2013-03-29T00:36:04	H2_Mod_T	49.9
2013-03-29T00:36:04	Guide_P	0.043
2013-03-29T00:36:04	OSIRIS_magnet	False
2013-03-29T00:36:04	renamed_Stick_0	86.3764229751191
2013-03-29T00:36:04	Stick	86.3764229751191
2013-03-29T00:36:04	Baratron	NaN
2013-03-29T00:36:10	TLCCR	74.9500750868427
2013-03-29T00:36:10	PanelT	0
2013-03-29T00:36:14	Baratron	NaN
2013-03-29T00:36:19	isisfreq	40
2013-03-29T00:36:20	freq10	50
2013-03-29T00:36:21	phase6	8970
2013-03-29T00:36:21	phase10	14416
2013-03-29T00:36:21	Cryovalve	
2013-03-29T00:36:21	Analyser_T1	13.274
2013-03-29T00:36:21	Tank_P	2.2E-06
2013-03-29T00:36:24	Baratron	NaN
2013-03-29T00:36:29	freq6	50
2013-03-29T00:36:29	Sample	84.6697469092938
2013-03-29T00:36:34	H2_Mod_T	49.6
2013-03-29T00:36:34	Guide_P	0.043
2013-03-29T00:36:34	OSIRIS_magnet	False
2013-03-29T00:36:34	renamed_Stick_0	86.2081868713605
2013-03-29T00:36:34	Stick	86.2081868713605
2013-03-29T00:36:34	Baratron	NaN
2013-03-29T00:36:40	TLCCR	74.9716915253045
2013-03-29T00:36:40	PanelT	0
2013-03-29T00:36:45	Baratron	NaN
2013-03-29T00:36:49	isisfreq	40
2013-03-29T00:36:50	freq10	50
2013-03-29T00:36:51	phase6	8970
2013-03-29T00:36:51	phase10	14416
2013-03-29T00:36:51	Cryovalve	
2013-03-29T00:36:51	Analyser_T1	13.274
2013-03-29T00:36:51	Tank_P	2.2E-06
2013-03-29T00:36:55	Baratron	NaN
2013-03-29T00:36:59	freq6	50
2013-03-29T00:36:59	Sample	84.5359826694234
2013-03-29T00:37:05	H2_Mod_T	49.7
2013-03-29T00:37:05	Guide_P	0.043
2013-03-29T00:37:05	OSIRIS_magnet	False
2013-03-29T00:37:05	renamed_Stick_0	86.0498470089995
2013-03-29T00:37:05	Stick	86.0498470089995
2013-03-29T00:37:06	Baratron	NaN
2013-03-29T00:37:10	TLCCR	74.9608833060736
2013-03-29T00:37:10	PanelT	0
2013-03-29T00:37:16	Baratron	NaN
2013-03-29T00:37:20	isisfreq	40
2013-03-29T00:37:20	freq10	50
2013-03-29T00:37:21	phase6	8970
2013-03-29T00:37:21	phase10	14416
2013-03-29T00:37:21	Cryovalve	
2013-03-29T00:37:21	Analyser_T1	13.274
2013-03-29T00:37:21	Tank_P	2.2E-06
2013-03-29T00:37:26	Baratron	NaN
2013-03-29T00:37:30	freq6	50
2013-03-29T00:37:30	Sample	84.3831092524287
2013-03-29T00:37:36	H2_Mod_T	49.7
2013-03-29T00:37:36	Guide_P	0.043
2013-03-29T00:37:36	OSIRIS_magnet	False
2013-03-29T00:37:36	renamed_Stick_0	85.8816109052408
2013-03-29T00:37:36	Stick	85.8816109052408
2013-03-29T00:37:37	Baratron	NaN
2013-03-29T00:37:40	TLCCR	74.9500750868427
2013-03-29T00:37:40	PanelT	0
2013-03-29T00:37:48	Baratron	NaN
2013-03-29T00:37:51	isisfreq	40
2013-03-29T00:37:51	freq10	50
2013-03-29T00:37:52	phase6	8970
2013-03-29T00:37:52	phase10	14416
2013-03-29T00:37:52	Cryovalve	
2013-03-29T00:37:52	Analyser_T1	13.274
2013-03-29T00:37:52	Tank_P	2.2E-06
2013-03-29T00:37:58	Baratron	NaN
2013-03-29T00:38:00	freq6	50
2013-03-29T00:38:00	Sample	84.2397904239961
2013-03-29T00:38:06	H2_Mod_T	49.9
2013-03-29T00:38:06	Guide_P	0.043
2013-03-29T00:38:06	OSIRIS_magnet	False
2013-03-29T00:38:06	renamed_Stick_0	85.7232710428799
2013-03-29T00:38:06	Stick	85.7232710428799
2013-03-29T00:38:09	Baratron	NaN
2013-03-29T00:38:11	TLCCR	74.9716915253045
2013-03-29T00:38:11	PanelT	0
2013-03-29T00:38:19	Baratron	NaN
2013-03-29T00:38:21	isisfreq	40
2013-03-29T00:38:21	freq10	50
2013-03-29T00:38:22	phase6	8970
2013-03-29T00:38:22	phase10	14416
2013-03-29T00:38:22	Cryovalve	
2013-03-29T00:38:22	Analyser_T1	13.274
2013-03-29T00:38:22	Tank_P	2.2E-06
2013-03-29T00:38:29	Baratron	NaN
2013-03-29T00:38:31	freq6	50
2013-03-29T00:38:31	Sample	84.1060261841257
2013-03-29T00:38:36	H2_Mod_T	49.7
2013-03-29T00:38:36	Guide_P	0.043
2013-03-29T00:38:36	OSIRIS_magnet	False
2013-03-29T00:38:36	renamed_Stick_0	85.5748274219164
2013-03-29T00:38:36	Stick	85.5748274219164
2013-03-29T00:38:40	Baratron	NaN
2013-03-29T00:38:41	TLCCR	74.9392668676118
2013-03-29T00:38:41	PanelT	0
2013-03-29T00:38:50	Baratron	NaN
2013-03-29T00:38:51	isisfreq	40
2013-03-29T00:38:51	freq10	50
2013-03-29T00:38:52	phase6	8970
2013-03-29T00:38:52	phase10	14416
2013-03-29T00:38:52	Cryovalve	
2013-03-29T00:38:52	Analyser_T1	13.275
2013-03-29T00:38:52	Tank_P	2.2E-06
2013-03-29T00:39:01	freq6	50
2013-03-29T00:39:01	Sample	83.9818165328175
2013-03-29T00:39:01	Baratron	NaN
2013-03-29T00:39:06	H2_Mod_T	49.6
2013-03-29T00:39:06	Guide_P	0.043
2013-03-29T00:39:06	OSIRIS_magnet	False
2013-03-29T00:39:06	renamed_Stick_0	85.4263838009528
2013-03-29T00:39:06	Stick	85.4263838009528
2013-03-29T00:39:11	TLCCR	74.91765042915
2013-03-29T00:39:11	PanelT	0
2013-03-29T00:39:12	Baratron	NaN
2013-03-29T00:39:22	isisfreq	40
2013-03-29T00:39:22	freq10	50
2013-03-29T00:39:22	phase6	8970
2013-03-29T00:39:22	phase10	14416
2013-03-29T00:39:22	Cryovalve	
2013-03-29T00:39:22	Analyser_T1	13.274
2013-03-29T00:39:22	Tank_P	2.2E-06
2013-03-29T00:39:22	Baratron	NaN
2013-03-29T00:39:31	freq6	50
2013-03-29T00:39:32	Sample	83.8384977043849
2013-03-29T00:39:33	Baratron	NaN
2013-03-29T00:39:36	H2_Mod_T	49.7
2013-03-29T00:39:36	Guide_P	0.043
2013-03-29T00:39:36	OSIRIS_magnet	False
2013-03-29T00:39:36	renamed_Stick_0	85.2779401799894
2013-03-29T00:39:36	Stick	85.2779401799894
2013-03-29T00:39:41	TLCCR	74.9392668676118
2013-03-29T00:39:41	PanelT	0
2013-03-29T00:39:43	Baratron	NaN
2013-03-29T00:39:53	isisfreq	40
2013-03-29T00:39:53	freq10	50
2013-03-29T00:39:53	phase6	8970
2013-03-29T00:39:53	phase10	14416
2013-03-29T00:39:53	Cryovalve	
2013-03-29T00:39:53	Analyser_T1	13.274
2013-03-29T00:39:53	Tank_P	2.2E-06
2013-03-29T00:39:53	Baratron	NaN
2013-03-29T00:40:02	freq6	50
2013-03-29T00:40:02	Sample	83.7047334645145
2013-03-29T00:40:03	Baratron	NaN
2013-03-29T00:40:07	H2_Mod_T	49.6
2013-03-29T00:40:07	Guide_P	0.043
2013-03-29T00:40:07	OSIRIS_magnet	False
2013-03-29T00:40:07	renamed_Stick_0	85.1196003176284
2013-03-29T00:40:07	Stick	85.1196003176284
2013-03-29T00:40:12	TLCCR	74.9716915253045
2013-03-29T00:40:12	PanelT	0
2013-03-29T00:40:14	Baratron	NaN
2013-03-29T00:40:23	isisfreq	40
2013-03-29T00:40:23	freq10	50
2013-03-29T00:40:23	phase6	8970
2013-03-29T00:40:23	phase10	14416
2013-03-29T00:40:23	Cryovalve	
2013-03-29T00:40:23	Analyser_T1	13.274
2013-03-29T00:40:23	Tank_P	2.2E-06
2013-03-29T00:40:24	Baratron	NaN
2013-03-29T00:40:32	freq6	50
2013-03-29T00:40:32	Sample	83.5805238132063
2013-03-29T00:40:34	Baratron	NaN
2013-03-29T00:40:37	H2_Mod_T	49.7
2013-03-29T00:40:37	Guide_P	0.043
2013-03-29T00:40:37	OSIRIS_magnet	False
2013-03-29T00:40:37	renamed_Stick_0	84.99094917946
2013-03-29T00:40:37	Stick	84.99094917946
2013-03-29T00:40:43	TLCCR	74.9824997445354
2013-03-29T00:40:43	PanelT	0
2013-03-29T00:40:44	Baratron	NaN
2013-03-29T00:40:53	isisfreq	40
2013-03-29T00:40:53	freq10	50
2013-03-29T00:40:53	phase6	8970
2013-03-29T00:40:53	phase10	14416
2013-03-29T00:40:53	Cryovalve	
2013-03-29T00:40:53	Analyser_T1	13.274
2013-03-29T00:40:53	Tank_P	2.2E-06
2013-03-29T00:40:55	Baratron	NaN
2013-03-29T00:41:02	freq6	50
2013-03-29T00:41:02	Sample	83.4563141618981
2013-03-29T00:41:05	Baratron	NaN
2013-03-29T00:41:07	H2_Mod_T	49.6
2013-03-29T00:41:07	Guide_P	0.043
2013-03-29T00:41:07	OSIRIS_magnet	False
2013-03-29T00:41:07	renamed_Stick_0	84.8524017998941
2013-03-29T00:41:07	Stick	84.8524017998941
2013-03-29T00:41:13	TLCCR	74.9942727163051
2013-03-29T00:41:13	PanelT	0
2013-03-29T00:41:15	Baratron	NaN
2013-03-29T00:41:23	isisfreq	40
2013-03-29T00:41:23	freq10	50
2013-03-29T00:41:23	phase6	8970
2013-03-29T00:41:23	phase10	14416
2013-03-29T00:41:23	Cryovalve	
2013-03-29T00:41:23	Analyser_T1	13.275
2013-03-29T00:41:23	Tank_P	2.2E-06
2013-03-29T00:41:25	Baratron	NaN
2013-03-29T00:41:32	freq6	50
2013-03-29T00:41:32	Sample	83.341659099152
2013-03-29T00:41:35	Baratron	NaN
2013-03-29T00:41:37	H2_Mod_T	49.6
2013-03-29T00:41:37	Guide_P	0.043
2013-03-29T00:41:37	OSIRIS_magnet	False
2013-03-29T00:41:37	renamed_Stick_0	84.7138544203282
2013-03-29T00:41:37	Stick	84.7138544203282
2013-03-29T00:41:43	TLCCR	74.9942727163051
2013-03-29T00:41:43	PanelT	0
2013-03-29T00:41:46	Baratron	NaN
2013-03-29T00:41:53	isisfreq	40
2013-03-29T00:41:53	freq10	50
2013-03-29T00:41:53	phase6	8970
2013-03-29T00:41:53	phase10	14416
2013-03-29T00:41:53	Cryovalve	
2013-03-29T00:41:53	Analyser_T1	13.275
2013-03-29T00:41:53	Tank_P	2.2E-06
2013-03-29T00:41:56	Baratron	NaN
2013-03-29T00:42:02	freq6	50
2013-03-29T00:42:02	Sample	83.2174494478438
2013-03-29T00:42:06	Baratron	NaN
2013-03-29T00:42:07	H2_Mod_T	49.6
2013-03-29T00:42:07	Guide_P	0.043
2013-03-29T00:42:07	OSIRIS_magnet	False
2013-03-29T00:42:07	renamed_Stick_0	84.5852032821599
2013-03-29T00:42:07	Stick	84.5852032821599
2013-03-29T00:42:13	TLCCR	74.9716915253045
2013-03-29T00:42:13	PanelT	0
2013-03-29T00:42:16	Baratron	NaN
2013-03-29T00:42:23	isisfreq	40
2013-03-29T00:42:23	freq10	50
2013-03-29T00:42:23	phase6	8970
2013-03-29T00:42:23	phase10	14416
2013-03-29T00:42:23	Cryovalve	
2013-03-29T00:42:23	Analyser_T1	13.275
2013-03-29T00:42:23	Tank_P	2.2E-06
2013-03-29T00:42:26	Baratron	NaN
2013-03-29T00:42:32	freq6	50
2013-03-29T00:42:32	Sample	83.1123489736599
2013-03-29T00:42:36	Baratron	NaN
2013-03-29T00:42:37	H2_Mod_T	49.6
2013-03-29T00:42:37	Guide_P	0.043
2013-03-29T00:42:37	OSIRIS_magnet	False
2013-03-29T00:42:37	renamed_Stick_0	84.4763446267867
2013-03-29T00:42:37	Stick	84.4763446267867
2013-03-29T00:42:43	TLCCR	74.9608833060736
2013-03-29T00:42:43	PanelT	0
2013-03-29T00:42:46	Baratron	NaN
2013-03-29T00:42:53	isisfreq	40
2013-03-29T00:42:53	freq10	50
2013-03-29T00:42:53	phase6	8970
2013-03-29T00:42:53	phase10	14416
2013-03-29T00:42:53	Cryovalve	
2013-03-29T00:42:53	Analyser_T1	13.274
2013-03-29T00:42:53	Tank_P	2.2E-06
2013-03-29T00:42:56	Baratron	NaN
2013-03-29T00:43:02	freq6	50
2013-03-29T00:43:02	Sample	82.9976939109138
2013-03-29T00:43:07	H2_Mod_T	49.6
2013-03-29T00:43:07	Guide_P	0.043
2013-03-29T00:43:07	OSIRIS_magnet	False
2013-03-29T00:43:07	renamed_Stick_0	84.446655902594
2013-03-29T00:43:07	Stick	84.446655902594
2013-03-29T00:43:07	Baratron	NaN
2013-03-29T00:43:14	TLCCR	74.9608833060736
2013-03-29T00:43:14	PanelT	0
2013-03-29T00:43:18	Baratron	NaN
2013-03-29T00:43:23	isisfreq	40
2013-03-29T00:43:23	freq10	50
2013-03-29T00:43:23	phase6	8970
2013-03-29T00:43:23	phase10	14416
2013-03-29T00:43:23	Cryovalve	
2013-03-29T00:43:23	Analyser_T1	13.274
2013-03-29T00:43:23	Tank_P	2.2E-06
2013-03-29T00:43:28	Baratron	NaN
2013-03-29T00:43:32	freq6	50
2013-03-29T00:43:32	Sample	82.8830388481678
2013-03-29T00:43:37	H2_Mod_T	49.5
2013-03-29T00:43:37	Guide_P	0.043
2013-03-29T00:43:37	OSIRIS_magnet	False
2013-03-29T00:43:37	renamed_Stick_0	84.5159295923769
2013-03-29T00:43:37	Stick	84.5159295923769
2013-03-29T00:43:38	Baratron	NaN
2013-03-29T00:43:44	TLCCR	74.9500750868427
2013-03-29T00:43:44	PanelT	0
2013-03-29T00:43:48	Baratron	NaN
2013-03-29T00:43:53	isisfreq	40
2013-03-29T00:43:53	freq10	50
2013-03-29T00:43:53	phase6	8970
2013-03-29T00:43:53	phase10	14416
2013-03-29T00:43:53	Cryovalve	
2013-03-29T00:43:53	Analyser_T1	13.273
2013-03-29T00:43:53	Tank_P	2.2E-06
2013-03-29T00:43:58	Baratron	NaN
2013-03-29T00:44:02	freq6	50
2013-03-29T00:44:02	Sample	82.7779383739839
2013-03-29T00:44:07	H2_Mod_T	49.5
2013-03-29T00:44:07	Guide_P	0.043
2013-03-29T00:44:07	OSIRIS_magnet	False
2013-03-29T00:44:07	renamed_Stick_0	84.6346844891477
2013-03-29T00:44:07	Stick	84.6346844891477
2013-03-29T00:44:08	Baratron	NaN
2013-03-29T00:44:14	TLCCR	74.9608833060736
2013-03-29T00:44:14	PanelT	0
2013-03-29T00:44:19	Baratron	NaN
2013-03-29T00:44:23	isisfreq	40
2013-03-29T00:44:23	phase6	8970
2013-03-29T00:44:23	phase10	14416
2013-03-29T00:44:23	Cryovalve	
2013-03-29T00:44:23	Analyser_T1	13.274
2013-03-29T00:44:23	Tank_P	2.2E-06
2013-03-29T00:44:24	freq10	50
2013-03-29T00:44:29	Baratron	NaN
2013-03-29T00:44:32	freq6	50
2013-03-29T00:44:32	Sample	82.6919470769244
2013-03-29T00:44:38	H2_Mod_T	49.6
2013-03-29T00:44:38	Guide_P	0.043
2013-03-29T00:44:38	OSIRIS_magnet	False
2013-03-29T00:44:38	renamed_Stick_0	84.7534393859185
2013-03-29T00:44:38	Stick	84.7534393859185
2013-03-29T00:44:40	Baratron	NaN
2013-03-29T00:44:45	TLCCR	74.9608833060736
2013-03-29T00:44:45	PanelT	0
2013-03-29T00:44:50	Baratron	NaN
2013-03-29T00:44:53	isisfreq	40
2013-03-29T00:44:54	freq10	50
2013-03-29T00:44:54	phase6	8970
2013-03-29T00:44:54	phase10	14416
2013-03-29T00:44:54	Cryovalve	
2013-03-29T00:44:54	Analyser_T1	13.274
2013-03-29T00:44:54	Tank_P	2.2E-06
2013-03-29T00:45:01	Baratron	NaN
2013-03-29T00:45:03	freq6	50
2013-03-29T00:45:03	Sample	82.5964011913026
2013-03-29T00:45:08	H2_Mod_T	49.9
2013-03-29T00:45:08	Guide_P	0.043
2013-03-29T00:45:08	OSIRIS_magnet	False
2013-03-29T00:45:08	renamed_Stick_0	84.8622980412917
2013-03-29T00:45:08	Stick	84.8622980412917
2013-03-29T00:45:11	Baratron	NaN
2013-03-29T00:45:15	TLCCR	74.9608833060736
2013-03-29T00:45:15	PanelT	0
2013-03-29T00:45:21	Baratron	NaN
2013-03-29T00:45:24	isisfreq	40
2013-03-29T00:45:25	freq10	50
2013-03-29T00:45:25	phase6	8970
2013-03-29T00:45:25	phase10	14416
2013-03-29T00:45:25	Cryovalve	
2013-03-29T00:45:25	Analyser_T1	13.274
2013-03-29T00:45:25	Tank_P	2.2E-06
2013-03-29T00:45:32	Baratron	NaN
2013-03-29T00:45:33	freq6	50
2013-03-29T00:45:33	Sample	82.5390736599296
2013-03-29T00:45:38	H2_Mod_T	49.9
2013-03-29T00:45:38	Guide_P	0.043
2013-03-29T00:45:38	OSIRIS_magnet	False
2013-03-29T00:45:38	renamed_Stick_0	84.9414679724722
2013-03-29T00:45:38	Stick	84.9414679724722
2013-03-29T00:45:42	Baratron	NaN
2013-03-29T00:45:45	TLCCR	74.9500750868427
2013-03-29T00:45:45	PanelT	0
2013-03-29T00:45:52	Baratron	NaN
2013-03-29T00:45:54	isisfreq	40
2013-03-29T00:45:55	freq10	50
2013-03-29T00:45:55	phase6	8970
2013-03-29T00:45:55	phase10	14416
2013-03-29T00:45:55	Cryovalve	
2013-03-29T00:45:55	Analyser_T1	13.274
2013-03-29T00:45:55	Tank_P	2.2E-06
2013-03-29T00:46:02	Baratron	NaN
2013-03-29T00:46:03	freq6	50
2013-03-29T00:46:03	Sample	82.4626369514322
2013-03-29T00:46:08	H2_Mod_T	49.9
2013-03-29T00:46:08	Guide_P	0.043
2013-03-29T00:46:08	OSIRIS_magnet	False
2013-03-29T00:46:08	renamed_Stick_0	84.99094917946
2013-03-29T00:46:08	Stick	84.99094917946
2013-03-29T00:46:13	Baratron	NaN
2013-03-29T00:46:16	TLCCR	74.9392668676118
2013-03-29T00:46:16	PanelT	0
2013-03-29T00:46:23	Baratron	NaN
2013-03-29T00:46:24	isisfreq	40
2013-03-29T00:46:26	freq10	50
2013-03-29T00:46:26	phase6	8970
2013-03-29T00:46:26	phase10	14416
2013-03-29T00:46:26	Cryovalve	
2013-03-29T00:46:26	Analyser_T1	13.276
2013-03-29T00:46:26	Tank_P	2.2E-06
2013-03-29T00:46:33	Baratron	NaN
2013-03-29T00:46:34	freq6	50
2013-03-29T00:46:34	Sample	82.4053094200592
2013-03-29T00:46:38	H2_Mod_T	49.7
2013-03-29T00:46:38	Guide_P	0.043
2013-03-29T00:46:38	OSIRIS_magnet	False
2013-03-29T00:46:38	renamed_Stick_0	85.0107416622552
2013-03-29T00:46:38	Stick	85.0107416622552
2013-03-29T00:46:43	Baratron	NaN
2013-03-29T00:46:46	TLCCR	74.9392668676118
2013-03-29T00:46:46	PanelT	0
2013-03-29T00:46:53	Baratron	NaN
2013-03-29T00:46:54	isisfreq	40
2013-03-29T00:46:56	freq10	50
2013-03-29T00:46:56	phase6	8970
2013-03-29T00:46:56	phase10	14416
2013-03-29T00:46:56	Cryovalve	
2013-03-29T00:46:56	Analyser_T1	13.275
2013-03-29T00:46:56	Tank_P	2.2E-06
2013-03-29T00:47:03	Baratron	NaN
2013-03-29T00:47:04	freq6	50
2013-03-29T00:47:04	Sample	82.3479818886862
2013-03-29T00:47:08	H2_Mod_T	49.7
2013-03-29T00:47:08	Guide_P	0.043
2013-03-29T00:47:08	OSIRIS_magnet	False
2013-03-29T00:47:08	renamed_Stick_0	85.0206379036527
2013-03-29T00:47:08	Stick	85.0206379036527
2013-03-29T00:47:13	Baratron	NaN
2013-03-29T00:47:16	TLCCR	74.9608833060736
2013-03-29T00:47:16	PanelT	0
2013-03-29T00:47:23	Baratron	NaN
2013-03-29T00:47:24	isisfreq	40
2013-03-29T00:47:26	freq10	50
2013-03-29T00:47:26	phase6	8970
2013-03-29T00:47:26	phase10	14416
2013-03-29T00:47:26	Cryovalve	
2013-03-29T00:47:26	Analyser_T1	13.275
2013-03-29T00:47:26	Tank_P	2.2E-06
2013-03-29T00:47:34	freq6	50
2013-03-29T00:47:34	Sample	82.2906543573132
2013-03-29T00:47:34	Baratron	NaN
2013-03-29T00:47:38	H2_Mod_T	49.7
2013-03-29T00:47:38	Guide_P	0.043
2013-03-29T00:47:38	OSIRIS_magnet	False
2013-03-29T00:47:38	renamed_Stick_0	85.0305341450503
2013-03-29T00:47:38	Stick	85.0305341450503
2013-03-29T00:47:45	Baratron	NaN
2013-03-29T00:47:46	TLCCR	74.9284586483809
2013-03-29T00:47:46	PanelT	0
2013-03-29T00:47:55	isisfreq	40
2013-03-29T00:47:55	Baratron	NaN
2013-03-29T00:47:56	freq10	50
2013-03-29T00:47:56	phase6	8970
2013-03-29T00:47:56	phase10	14416
2013-03-29T00:47:56	Cryovalve	
2013-03-29T00:47:56	Analyser_T1	13.274
2013-03-29T00:47:56	Tank_P	2.2E-06
2013-03-29T00:48:04	freq6	50
2013-03-29T00:48:04	Sample	82.2524360030645
2013-03-29T00:48:05	Baratron	NaN
2013-03-29T00:48:08	H2_Mod_T	49.7
2013-03-29T00:48:08	Guide_P	0.043
2013-03-29T00:48:08	OSIRIS_magnet	False
2013-03-29T00:48:08	renamed_Stick_0	85.0404303864478
2013-03-29T00:48:08	Stick	85.0404303864478
2013-03-29T00:48:16	Baratron	NaN
2013-03-29T00:48:17	TLCCR	74.9500750868427
2013-03-29T00:48:17	PanelT	0
2013-03-29T00:48:25	isisfreq	40
2013-03-29T00:48:26	freq10	50
2013-03-29T00:48:26	phase6	8970
2013-03-29T00:48:26	phase10	14416
2013-03-29T00:48:26	Cryovalve	
2013-03-29T00:48:26	Analyser_T1	13.275
2013-03-29T00:48:26	Tank_P	2.2E-06
2013-03-29T00:48:26	Baratron	NaN
2013-03-29T00:48:35	freq6	50
2013-03-29T00:48:35	Sample	82.1951084716914
2013-03-29T00:48:37	Baratron	NaN
2013-03-29T00:48:39	H2_Mod_T	49.7
2013-03-29T00:48:39	Guide_P	0.043
2013-03-29T00:48:39	OSIRIS_magnet	False
2013-03-29T00:48:39	renamed_Stick_0	85.0305341450503
2013-03-29T00:48:39	Stick	85.0305341450503
2013-03-29T00:48:47	TLCCR	74.9392668676118
2013-03-29T00:48:47	PanelT	0
2013-03-29T00:48:47	Baratron	NaN
2013-03-29T00:48:55	isisfreq	40
2013-03-29T00:48:57	freq10	50
2013-03-29T00:48:57	phase6	8970
2013-03-29T00:48:57	phase10	14416
2013-03-29T00:48:57	Cryovalve	
2013-03-29T00:48:57	Analyser_T1	13.277
2013-03-29T00:48:57	Tank_P	2.2E-06
2013-03-29T00:48:58	Baratron	NaN
2013-03-29T00:49:05	freq6	50
2013-03-29T00:49:05	Sample	82.1568901174428
2013-03-29T00:49:08	Baratron	NaN
2013-03-29T00:49:09	H2_Mod_T	49.6
2013-03-29T00:49:09	Guide_P	0.043
2013-03-29T00:49:09	OSIRIS_magnet	False
2013-03-29T00:49:09	renamed_Stick_0	85.0404303864478
2013-03-29T00:49:09	Stick	85.0404303864478
2013-03-29T00:49:18	TLCCR	74.9608833060736
2013-03-29T00:49:18	PanelT	0
2013-03-29T00:49:19	Baratron	NaN
2013-03-29T00:49:26	isisfreq	40
2013-03-29T00:49:27	freq10	50
2013-03-29T00:49:27	phase6	8970
2013-03-29T00:49:27	phase10	14416
2013-03-29T00:49:27	Cryovalve	
2013-03-29T00:49:27	Analyser_T1	13.279
2013-03-29T00:49:27	Tank_P	2.2E-06
2013-03-29T00:49:29	Baratron	NaN
2013-03-29T00:49:35	freq6	50
2013-03-29T00:49:35	Sample	82.1091171746319
2013-03-29T00:49:40	H2_Mod_T	49.7
2013-03-29T00:49:40	Guide_P	0.043
2013-03-29T00:49:40	OSIRIS_magnet	False
2013-03-29T00:49:40	renamed_Stick_0	85.0305341450503
2013-03-29T00:49:40	Stick	85.0305341450503
2013-03-29T00:49:40	Baratron	NaN
2013-03-29T00:49:48	TLCCR	74.9608833060736
2013-03-29T00:49:48	PanelT	0
2013-03-29T00:49:51	Baratron	NaN
2013-03-29T00:49:56	isisfreq	40
2013-03-29T00:49:57	freq10	50
2013-03-29T00:49:57	phase6	8970
2013-03-29T00:49:57	phase10	14416
2013-03-29T00:49:57	Cryovalve	
2013-03-29T00:49:57	Analyser_T1	13.278
2013-03-29T00:49:57	Tank_P	2.2E-06
2013-03-29T00:50:01	Baratron	NaN
2013-03-29T00:50:05	freq6	50
2013-03-29T00:50:05	Sample	82.0708988203832
2013-03-29T00:50:10	H2_Mod_T	49.6
2013-03-29T00:50:10	Guide_P	0.043
2013-03-29T00:50:10	OSIRIS_magnet	False
2013-03-29T00:50:10	renamed_Stick_0	85.0404303864478
2013-03-29T00:50:10	Stick	85.0404303864478
2013-03-29T00:50:12	Baratron	NaN
2013-03-29T00:50:18	TLCCR	74.9608833060736
2013-03-29T00:50:18	PanelT	0
2013-03-29T00:50:22	Baratron	NaN
2013-03-29T00:50:26	isisfreq	40
2013-03-29T00:50:27	freq10	50
2013-03-29T00:50:27	phase6	8970
2013-03-29T00:50:27	phase10	14416
2013-03-29T00:50:27	Cryovalve	
2013-03-29T00:50:27	Analyser_T1	13.277
2013-03-29T00:50:27	Tank_P	2.2E-06
2013-03-29T00:50:32	Baratron	NaN
2013-03-29T00:50:35	freq6	50
2013-03-29T00:50:35	Sample	82.0422350546967
2013-03-29T00:50:40	H2_Mod_T	49.7
2013-03-29T00:50:40	Guide_P	0.043
2013-03-29T00:50:40	OSIRIS_magnet	False
2013-03-29T00:50:40	renamed_Stick_0	85.0404303864478
2013-03-29T00:50:40	Stick	85.0404303864478
2013-03-29T00:50:43	Baratron	NaN
2013-03-29T00:50:48	TLCCR	74.9608833060736
2013-03-29T00:50:48	PanelT	0
2013-03-29T00:50:53	Baratron	NaN
2013-03-29T00:50:56	isisfreq	40
2013-03-29T00:50:57	freq10	50
2013-03-29T00:50:57	phase6	8970
2013-03-29T00:50:57	phase10	14416
2013-03-29T00:50:57	Cryovalve	
2013-03-29T00:50:57	Analyser_T1	13.276
2013-03-29T00:50:57	Tank_P	2.2E-06
2013-03-29T00:51:03	Baratron	NaN
2013-03-29T00:51:05	freq6	50
2013-03-29T00:51:05	Sample	82.0135712890102
2013-03-29T00:51:10	H2_Mod_T	49.6
2013-03-29T00:51:10	Guide_P	0.043
2013-03-29T00:51:10	OSIRIS_magnet	False
2013-03-29T00:51:10	renamed_Stick_0	85.0305341450503
2013-03-29T00:51:10	Stick	85.0305341450503
2013-03-29T00:51:13	Baratron	NaN
2013-03-29T00:51:18	TLCCR	74.9608833060736
2013-03-29T00:51:18	PanelT	0
2013-03-29T00:51:23	Baratron	NaN
2013-03-29T00:51:26	isisfreq	40
2013-03-29T00:51:27	freq10	50
2013-03-29T00:51:27	phase6	8970
2013-03-29T00:51:27	phase10	14416
2013-03-29T00:51:27	Cryovalve	
2013-03-29T00:51:27	Analyser_T1	13.276
2013-03-29T00:51:27	Tank_P	2.2E-06
2013-03-29T00:51:33	Baratron	NaN
2013-03-29T00:51:35	freq6	50
2013-03-29T00:51:35	Sample	81.9849075233237
2013-03-29T00:51:40	H2_Mod_T	49.6
2013-03-29T00:51:40	Guide_P	0.043
2013-03-29T00:51:40	OSIRIS_magnet	False
2013-03-29T00:51:40	renamed_Stick_0	85.0404303864478
2013-03-29T00:51:40	Stick	85.0404303864478
2013-03-29T00:51:44	Baratron	NaN
2013-03-29T00:51:48	TLCCR	74.9824997445354
2013-03-29T00:51:48	PanelT	0
2013-03-29T00:51:54	Baratron	NaN
2013-03-29T00:51:56	isisfreq	40
2013-03-29T00:51:57	freq10	50
2013-03-29T00:51:57	phase6	8970
2013-03-29T00:51:57	phase10	14416
2013-03-29T00:51:57	Cryovalve	
2013-03-29T00:51:57	Analyser_T1	13.276
2013-03-29T00:51:57	Tank_P	2.2E-06
2013-03-29T00:52:04	Baratron	NaN
2013-03-29T00:52:05	freq6	50
2013-03-29T00:52:05	Sample	81.946689169075
