2013-03-29T00:52:10	H2_Mod_T	49.6
2013-03-29T00:52:10	Guide_P	0.043
2013-03-29T00:52:10	OSIRIS_magnet	False
2013-03-29T00:52:10	renamed_Stick_0	85.0206379036527
2013-03-29T00:52:10	Stick	85.0206379036527
2013-03-29T00:52:14	Baratron	NaN
2013-03-29T00:52:18	TLCCR	74.8960339906882
2013-03-29T00:52:18	PanelT	0
2013-03-29T00:52:24	Baratron	NaN
2013-03-29T00:52:26	isisfreq	40
2013-03-29T00:52:27	freq10	50
2013-03-29T00:52:27	phase6	8970
2013-03-29T00:52:27	phase10	14416
2013-03-29T00:52:27	Cryovalve	
2013-03-29T00:52:27	Analyser_T1	13.276
2013-03-29T00:52:27	Tank_P	2.2E-06
2013-03-29T00:52:34	Baratron	NaN
2013-03-29T00:52:35	freq6	50
2013-03-29T00:52:35	Sample	81.9180254033885
2013-03-29T00:52:40	H2_Mod_T	49.6
2013-03-29T00:52:40	Guide_P	0.043
2013-03-29T00:52:40	OSIRIS_magnet	False
2013-03-29T00:52:40	renamed_Stick_0	84.5852032821599
2013-03-29T00:52:40	Stick	84.5852032821599
2013-03-29T00:52:44	Baratron	NaN
2013-03-29T00:52:49	TLCCR	72.5722668560485
2013-03-29T00:52:49	PanelT	0
2013-03-29T00:52:54	Baratron	NaN
2013-03-29T00:52:56	isisfreq	40
2013-03-29T00:52:57	freq10	50
2013-03-29T00:52:57	phase6	8970
2013-03-29T00:52:57	phase10	14416
2013-03-29T00:52:57	Cryovalve	
2013-03-29T00:52:57	Analyser_T1	13.276
2013-03-29T00:52:57	Tank_P	2.2E-06
2013-03-29T00:53:04	Baratron	NaN
2013-03-29T00:53:05	freq6	50
2013-03-29T00:53:05	Sample	81.8606978720155
2013-03-29T00:53:10	H2_Mod_T	49.6
2013-03-29T00:53:10	Guide_P	0.043
2013-03-29T00:53:10	OSIRIS_magnet	False
2013-03-29T00:53:10	renamed_Stick_0	84.2388348332451
2013-03-29T00:53:10	Stick	84.2388348332451
2013-03-29T00:53:14	Baratron	NaN
2013-03-29T00:53:19	TLCCR	69.9566778021748
2013-03-29T00:53:19	PanelT	0
2013-03-29T00:53:24	Baratron	NaN
2013-03-29T00:53:26	isisfreq	40
2013-03-29T00:53:27	freq10	50
2013-03-29T00:53:27	phase6	8970
2013-03-29T00:53:27	phase10	14416
2013-03-29T00:53:27	Cryovalve	
2013-03-29T00:53:27	Analyser_T1	13.275
2013-03-29T00:53:27	Tank_P	2.2E-06
2013-03-29T00:53:35	freq6	50
2013-03-29T00:53:35	Sample	81.7651519863937
2013-03-29T00:53:35	Baratron	NaN
2013-03-29T00:53:40	H2_Mod_T	49.5
2013-03-29T00:53:40	Guide_P	0.043
2013-03-29T00:53:40	OSIRIS_magnet	False
2013-03-29T00:53:40	renamed_Stick_0	83.9122588671255
2013-03-29T00:53:40	Stick	83.9122588671255
2013-03-29T00:53:45	Baratron	NaN
2013-03-29T00:53:49	TLCCR	67.1990308020922
2013-03-29T00:53:49	PanelT	0
2013-03-29T00:53:56	isisfreq	40
2013-03-29T00:53:56	Baratron	NaN
2013-03-29T00:53:57	freq10	50
2013-03-29T00:53:57	phase6	8970
2013-03-29T00:53:57	phase10	14416
2013-03-29T00:53:57	Cryovalve	
2013-03-29T00:53:57	Analyser_T1	13.274
2013-03-29T00:53:57	Tank_P	2.2E-06
2013-03-29T00:54:05	freq6	50
2013-03-29T00:54:05	Sample	81.612278569399
2013-03-29T00:54:06	Baratron	NaN
2013-03-29T00:54:10	H2_Mod_T	49.2
2013-03-29T00:54:10	Guide_P	0.043
2013-03-29T00:54:10	OSIRIS_magnet	False
2013-03-29T00:54:10	renamed_Stick_0	83.5955791424034
2013-03-29T00:54:10	Stick	83.5955791424034
2013-03-29T00:54:17	Baratron	NaN
2013-03-29T00:54:19	TLCCR	64.4037136061035
2013-03-29T00:54:19	PanelT	0
2013-03-29T00:54:27	isisfreq	40
2013-03-29T00:54:27	freq10	50
2013-03-29T00:54:27	phase6	8970
2013-03-29T00:54:27	phase10	14416
2013-03-29T00:54:27	Cryovalve	
2013-03-29T00:54:27	Analyser_T1	13.274
2013-03-29T00:54:27	Tank_P	2.2E-06
2013-03-29T00:54:27	Baratron	NaN
2013-03-29T00:54:35	freq6	50
2013-03-29T00:54:35	Sample	81.4020776210312
2013-03-29T00:54:38	Baratron	NaN
2013-03-29T00:54:41	H2_Mod_T	49.2
2013-03-29T00:54:41	Guide_P	0.043
2013-03-29T00:54:41	OSIRIS_magnet	False
2013-03-29T00:54:41	renamed_Stick_0	83.2690031762838
2013-03-29T00:54:41	Stick	83.2690031762838
2013-03-29T00:54:48	Baratron	NaN
2013-03-29T00:54:50	TLCCR	61.7483137274421
2013-03-29T00:54:50	PanelT	0
2013-03-29T00:54:58	isisfreq	40
2013-03-29T00:54:58	freq10	50
2013-03-29T00:54:58	phase6	8970
2013-03-29T00:54:58	phase10	14416
2013-03-29T00:54:58	Cryovalve	
2013-03-29T00:54:58	Analyser_T1	13.274
2013-03-29T00:54:58	Tank_P	2.2E-06
2013-03-29T00:54:58	Baratron	NaN
2013-03-29T00:55:06	freq6	50
2013-03-29T00:55:06	Sample	81.1249945527283
2013-03-29T00:55:08	Baratron	NaN
2013-03-29T00:55:11	H2_Mod_T	49.7
2013-03-29T00:55:11	Guide_P	0.043
2013-03-29T00:55:12	OSIRIS_magnet	False
2013-03-29T00:55:12	renamed_Stick_0	82.9028422445739
2013-03-29T00:55:12	Stick	82.9028422445739
2013-03-29T00:55:19	Baratron	NaN
2013-03-29T00:55:20	TLCCR	61.3077865586319
2013-03-29T00:55:20	PanelT	0
2013-03-29T00:55:28	isisfreq	40
2013-03-29T00:55:28	freq10	50
2013-03-29T00:55:28	phase6	8970
2013-03-29T00:55:28	phase10	14416
2013-03-29T00:55:28	Cryovalve	
2013-03-29T00:55:28	Analyser_T1	13.274
2013-03-29T00:55:28	Tank_P	2.2E-06
2013-03-29T00:55:29	Baratron	NaN
2013-03-29T00:55:36	freq6	50
2013-03-29T00:55:36	Sample	80.828802307301
2013-03-29T00:55:41	Baratron	NaN
2013-03-29T00:55:42	H2_Mod_T	49.7
2013-03-29T00:55:42	Guide_P	0.043
2013-03-29T00:55:42	OSIRIS_magnet	False
2013-03-29T00:55:42	renamed_Stick_0	82.5465775542615
2013-03-29T00:55:42	Stick	82.5465775542615
2013-03-29T00:55:50	TLCCR	62.5314731386602
2013-03-29T00:55:50	PanelT	0
2013-03-29T00:55:52	Baratron	NaN
2013-03-29T00:55:59	isisfreq	40
2013-03-29T00:55:59	freq10	50
2013-03-29T00:55:59	phase6	8970
2013-03-29T00:55:59	phase10	14416
2013-03-29T00:55:59	Cryovalve	
2013-03-29T00:55:59	Analyser_T1	13.274
2013-03-29T00:55:59	Tank_P	2.2E-06
2013-03-29T00:56:03	Baratron	NaN
2013-03-29T00:56:06	freq6	50
2013-03-29T00:56:06	Sample	80.5326100618736
2013-03-29T00:56:13	H2_Mod_T	49.9
2013-03-29T00:56:13	Guide_P	0.043
2013-03-29T00:56:13	OSIRIS_magnet	False
2013-03-29T00:56:13	renamed_Stick_0	82.1903128639492
2013-03-29T00:56:13	Stick	82.1903128639492
2013-03-29T00:56:14	Baratron	NaN
2013-03-29T00:56:21	TLCCR	63.7918703160893
2013-03-29T00:56:21	PanelT	0
2013-03-29T00:56:24	Baratron	NaN
2013-03-29T00:56:30	isisfreq	40
2013-03-29T00:56:30	freq10	50
2013-03-29T00:56:30	phase6	8970
2013-03-29T00:56:30	phase10	14416
2013-03-29T00:56:30	Cryovalve	
2013-03-29T00:56:30	Analyser_T1	13.273
2013-03-29T00:56:30	Tank_P	2.2E-06
2013-03-29T00:56:34	Baratron	NaN
2013-03-29T00:56:37	freq6	50
2013-03-29T00:56:37	Sample	80.235295831063
2013-03-29T00:56:44	H2_Mod_T	49.7
2013-03-29T00:56:44	Guide_P	0.043
2013-03-29T00:56:44	OSIRIS_magnet	False
2013-03-29T00:56:44	renamed_Stick_0	81.8637368978295
2013-03-29T00:56:44	Stick	81.8637368978295
2013-03-29T00:56:44	Baratron	NaN
2013-03-29T00:56:52	TLCCR	64.5505559957069
2013-03-29T00:56:52	PanelT	0
2013-03-29T00:56:55	Baratron	NaN
2013-03-29T00:57:00	isisfreq	40
2013-03-29T00:57:00	freq10	50
2013-03-29T00:57:00	phase6	8970
2013-03-29T00:57:00	phase10	14416
2013-03-29T00:57:00	Cryovalve	
2013-03-29T00:57:00	Analyser_T1	13.274
2013-03-29T00:57:00	Tank_P	2.2E-06
2013-03-29T00:57:05	Baratron	NaN
2013-03-29T00:57:07	freq6	50
2013-03-29T00:57:07	Sample	79.9414669201162
2013-03-29T00:57:14	H2_Mod_T	49.7
2013-03-29T00:57:14	Guide_P	0.043
2013-03-29T00:57:14	OSIRIS_magnet	False
2013-03-29T00:57:14	renamed_Stick_0	81.5767458973001
2013-03-29T00:57:14	Stick	81.5767458973001
2013-03-29T00:57:15	Baratron	NaN
2013-03-29T00:57:22	TLCCR	64.9176619697154
2013-03-29T00:57:22	PanelT	0
2013-03-29T00:57:25	Baratron	NaN
2013-03-29T00:57:30	isisfreq	40
2013-03-29T00:57:30	freq10	50
2013-03-29T00:57:30	phase6	8970
2013-03-29T00:57:30	phase10	14416
2013-03-29T00:57:30	Cryovalve	
2013-03-29T00:57:30	Analyser_T1	13.274
2013-03-29T00:57:30	Tank_P	2.2E-06
2013-03-29T00:57:36	Baratron	NaN
2013-03-29T00:57:37	freq6	50
2013-03-29T00:57:37	Sample	79.6868151972957
2013-03-29T00:57:44	H2_Mod_T	49.7
2013-03-29T00:57:44	Guide_P	0.043
2013-03-29T00:57:44	OSIRIS_magnet	False
2013-03-29T00:57:44	renamed_Stick_0	81.3095473795659
2013-03-29T00:57:44	Stick	81.3095473795659
2013-03-29T00:57:46	Baratron	NaN
2013-03-29T00:57:52	TLCCR	65.0049942352149
2013-03-29T00:57:52	PanelT	0
2013-03-29T00:57:56	Baratron	NaN
2013-03-29T00:58:00	isisfreq	40
2013-03-29T00:58:00	freq10	50
2013-03-29T00:58:00	phase6	8970
2013-03-29T00:58:00	phase10	14416
2013-03-29T00:58:00	Cryovalve	
2013-03-29T00:58:00	Analyser_T1	13.274
2013-03-29T00:58:00	Tank_P	2.2E-06
2013-03-29T00:58:06	Baratron	NaN
2013-03-29T00:58:07	freq6	50
2013-03-29T00:58:07	Sample	79.4419577715069
2013-03-29T00:58:14	H2_Mod_T	49.9
2013-03-29T00:58:14	Guide_P	0.043
2013-03-29T00:58:14	OSIRIS_magnet	False
2013-03-29T00:58:14	renamed_Stick_0	81.0442752613241
2013-03-29T00:58:14	Stick	81.0442752613241
2013-03-29T00:58:16	Baratron	NaN
2013-03-29T00:58:22	TLCCR	65.0278487827865
2013-03-29T00:58:22	PanelT	0
2013-03-29T00:58:26	Baratron	NaN
2013-03-29T00:58:30	isisfreq	40
2013-03-29T00:58:30	freq10	50
2013-03-29T00:58:30	phase6	8970
2013-03-29T00:58:30	phase10	14416
2013-03-29T00:58:30	Cryovalve	
2013-03-29T00:58:30	Analyser_T1	13.274
2013-03-29T00:58:30	Tank_P	2.2E-06
2013-03-29T00:58:36	Baratron	NaN
2013-03-29T00:58:37	freq6	50
2013-03-29T00:58:37	Sample	79.1971003457179
2013-03-29T00:58:44	H2_Mod_T	49.7
2013-03-29T00:58:44	Guide_P	0.043
2013-03-29T00:58:44	OSIRIS_magnet	False
2013-03-29T00:58:44	renamed_Stick_0	80.7697049941928
2013-03-29T00:58:44	Stick	80.7697049941928
2013-03-29T00:58:47	Baratron	NaN
2013-03-29T00:58:53	TLCCR	64.9935669614291
2013-03-29T00:58:53	PanelT	0
2013-03-29T00:58:58	Baratron	NaN
2013-03-29T00:59:01	isisfreq	40
2013-03-29T00:59:01	freq10	50
2013-03-29T00:59:01	phase6	8970
2013-03-29T00:59:01	phase10	14416
2013-03-29T00:59:01	Cryovalve	
2013-03-29T00:59:01	Analyser_T1	13.274
2013-03-29T00:59:01	Tank_P	2.2E-06
2013-03-29T00:59:07	freq6	50
2013-03-29T00:59:07	Sample	78.9620372169605
2013-03-29T00:59:08	Baratron	NaN
2013-03-29T00:59:14	H2_Mod_T	49.7
2013-03-29T00:59:14	Guide_P	0.043
2013-03-29T00:59:14	OSIRIS_magnet	False
2013-03-29T00:59:14	renamed_Stick_0	80.4951347270616
2013-03-29T00:59:14	Stick	80.4951347270616
2013-03-29T00:59:19	Baratron	NaN
2013-03-29T00:59:24	TLCCR	64.9592851400716
2013-03-29T00:59:24	PanelT	0
2013-03-29T00:59:30	Baratron	NaN
2013-03-29T00:59:32	isisfreq	40
2013-03-29T00:59:32	freq10	50
2013-03-29T00:59:32	phase6	8970
2013-03-29T00:59:32	phase10	14416
2013-03-29T00:59:32	Cryovalve	
2013-03-29T00:59:32	Analyser_T1	13.274
2013-03-29T00:59:32	Tank_P	2.2E-06
2013-03-29T00:59:38	freq6	50
2013-03-29T00:59:38	Sample	78.70738549414
2013-03-29T00:59:41	Baratron	NaN
2013-03-29T00:59:44	H2_Mod_T	49.6
2013-03-29T00:59:44	Guide_P	0.043
2013-03-29T00:59:44	OSIRIS_magnet	False
2013-03-29T00:59:44	renamed_Stick_0	80.23112485482
2013-03-29T00:59:45	Stick	80.23112485482
2013-03-29T00:59:51	Baratron	NaN
2013-03-29T00:59:55	TLCCR	64.9592851400716
2013-03-29T00:59:55	PanelT	0
2013-03-29T01:00:02	Baratron	NaN
2013-03-29T01:00:03	isisfreq	40
2013-03-29T01:00:03	freq10	50
2013-03-29T01:00:03	phase6	8970
2013-03-29T01:00:03	phase10	14416
2013-03-29T01:00:03	Cryovalve	
2013-03-29T01:00:03	Analyser_T1	13.274
2013-03-29T01:00:03	Tank_P	2.2E-06
2013-03-29T01:00:09	freq6	50
2013-03-29T01:00:09	Sample	78.4625280683511
2013-03-29T01:00:12	Baratron	NaN
2013-03-29T01:00:15	H2_Mod_T	49.6
2013-03-29T01:00:15	Guide_P	0.043
2013-03-29T01:00:15	OSIRIS_magnet	False
2013-03-29T01:00:15	renamed_Stick_0	79.9776753774681
2013-03-29T01:00:16	Stick	79.9671149825784
2013-03-29T01:00:22	Baratron	NaN
2013-03-29T01:00:26	TLCCR	64.9478578662858
2013-03-29T01:00:26	PanelT	0
2013-03-29T01:00:32	Baratron	NaN
2013-03-29T01:00:33	isisfreq	40
2013-03-29T01:00:33	freq10	50
2013-03-29T01:00:33	phase6	8970
2013-03-29T01:00:33	phase10	14416
2013-03-29T01:00:33	Cryovalve	
2013-03-29T01:00:33	Analyser_T1	13.274
2013-03-29T01:00:33	Tank_P	2.2E-06
2013-03-29T01:00:39	freq6	50
2013-03-29T01:00:39	Sample	78.2372592366253
2013-03-29T01:00:43	Baratron	NaN
2013-03-29T01:00:45	H2_Mod_T	49.6
2013-03-29T01:00:45	Guide_P	0.043
2013-03-29T01:00:45	OSIRIS_magnet	False
2013-03-29T01:00:45	renamed_Stick_0	79.7242259001161
2013-03-29T01:00:46	Stick	79.7136655052265
2013-03-29T01:00:54	Baratron	NaN
2013-03-29T01:00:56	TLCCR	64.9707124138574
2013-03-29T01:00:56	PanelT	0
2013-03-29T01:01:03	isisfreq	40
2013-03-29T01:01:03	freq10	50
2013-03-29T01:01:03	phase6	8970
2013-03-29T01:01:03	phase10	14416
2013-03-29T01:01:03	Cryovalve	
2013-03-29T01:01:03	Analyser_T1	13.274
2013-03-29T01:01:03	Tank_P	2.2E-06
2013-03-29T01:01:04	Baratron	NaN
2013-03-29T01:01:09	freq6	50
2013-03-29T01:01:09	Sample	78.0119904048995
2013-03-29T01:01:15	Baratron	NaN
2013-03-29T01:01:16	H2_Mod_T	49.5
2013-03-29T01:01:16	Guide_P	0.043
2013-03-29T01:01:16	OSIRIS_magnet	False
2013-03-29T01:01:16	renamed_Stick_0	79.4602160278746
2013-03-29T01:01:16	Stick	79.4602160278746
2013-03-29T01:01:25	Baratron	NaN
2013-03-29T01:01:26	TLCCR	64.9592851400716
2013-03-29T01:01:26	PanelT	0
2013-03-29T01:01:33	isisfreq	40
2013-03-29T01:01:34	freq10	50
2013-03-29T01:01:34	phase6	8970
2013-03-29T01:01:34	phase10	14416
2013-03-29T01:01:34	Cryovalve	
2013-03-29T01:01:34	Analyser_T1	13.274
2013-03-29T01:01:34	Tank_P	2.2E-06
2013-03-29T01:01:36	Baratron	NaN
2013-03-29T01:01:39	freq6	50
2013-03-29T01:01:39	Sample	77.7965158702053
2013-03-29T01:01:46	H2_Mod_T	49.6
2013-03-29T01:01:46	Guide_P	0.043
2013-03-29T01:01:46	OSIRIS_magnet	False
2013-03-29T01:01:46	renamed_Stick_0	79.2173269454123
2013-03-29T01:01:46	Stick	79.2173269454123
2013-03-29T01:01:46	Baratron	NaN
2013-03-29T01:01:57	TLCCR	64.9592851400716
2013-03-29T01:01:57	PanelT	0
2013-03-29T01:01:57	Baratron	NaN
2013-03-29T01:02:03	isisfreq	40
2013-03-29T01:02:05	freq10	50
2013-03-29T01:02:05	phase6	8970
2013-03-29T01:02:05	phase10	14416
2013-03-29T01:02:05	Cryovalve	
2013-03-29T01:02:05	Analyser_T1	13.274
2013-03-29T01:02:05	Tank_P	2.2E-06
2013-03-29T01:02:07	Baratron	NaN
2013-03-29T01:02:09	freq6	50
2013-03-29T01:02:09	Sample	77.581041335511
2013-03-29T01:02:16	H2_Mod_T	49.6
2013-03-29T01:02:16	Guide_P	0.043
2013-03-29T01:02:16	OSIRIS_magnet	False
2013-03-29T01:02:16	renamed_Stick_0	78.9849982578397
2013-03-29T01:02:16	Stick	78.9849982578397
2013-03-29T01:02:17	Baratron	NaN
2013-03-29T01:02:27	TLCCR	64.9592851400716
2013-03-29T01:02:27	PanelT	0
2013-03-29T01:02:27	Baratron	NaN
2013-03-29T01:02:33	isisfreq	40
2013-03-29T01:02:35	freq10	50
2013-03-29T01:02:35	phase6	8970
2013-03-29T01:02:35	phase10	14416
2013-03-29T01:02:35	Cryovalve	
2013-03-29T01:02:35	Analyser_T1	13.274
2013-03-29T01:02:35	Tank_P	2.2E-06
2013-03-29T01:02:38	Baratron	NaN
2013-03-29T01:02:39	freq6	50
2013-03-29T01:02:39	Sample	77.3753610978483
2013-03-29T01:02:46	H2_Mod_T	49.6
2013-03-29T01:02:46	Guide_P	0.043
2013-03-29T01:02:46	OSIRIS_magnet	False
2013-03-29T01:02:46	renamed_Stick_0	78.7421091753774
2013-03-29T01:02:47	Stick	78.7421091753774
2013-03-29T01:02:49	Baratron	NaN
2013-03-29T01:02:58	TLCCR	64.9592851400716
2013-03-29T01:02:58	PanelT	0
2013-03-29T01:03:00	Baratron	NaN
2013-03-29T01:03:04	isisfreq	40
2013-03-29T01:03:05	freq10	50
2013-03-29T01:03:05	phase6	8970
2013-03-29T01:03:05	phase10	14416
2013-03-29T01:03:05	Cryovalve	
2013-03-29T01:03:05	Analyser_T1	13.275
2013-03-29T01:03:05	Tank_P	2.2E-06
2013-03-29T01:03:09	freq6	50
2013-03-29T01:03:09	Sample	77.159886563154
2013-03-29T01:03:10	Baratron	NaN
2013-03-29T01:03:16	H2_Mod_T	49.5
2013-03-29T01:03:16	Guide_P	0.043
2013-03-29T01:03:16	OSIRIS_magnet	False
2013-03-29T01:03:16	renamed_Stick_0	78.5097804878049
2013-03-29T01:03:18	Stick	78.4992200929152
2013-03-29T01:03:21	Baratron	NaN
2013-03-29T01:03:28	TLCCR	64.9592851400716
2013-03-29T01:03:28	PanelT	0
2013-03-29T01:03:31	Baratron	NaN
2013-03-29T01:03:34	isisfreq	40
2013-03-29T01:03:35	freq10	50
2013-03-29T01:03:35	phase6	8970
2013-03-29T01:03:35	phase10	14416
2013-03-29T01:03:35	Cryovalve	
2013-03-29T01:03:35	Analyser_T1	13.274
2013-03-29T01:03:35	Tank_P	2.2E-06
2013-03-29T01:03:39	freq6	50
2013-03-29T01:03:39	Sample	76.9542063254913
2013-03-29T01:03:41	Baratron	NaN
2013-03-29T01:03:46	H2_Mod_T	49.5
2013-03-29T01:03:46	Guide_P	0.043
2013-03-29T01:03:46	OSIRIS_magnet	False
2013-03-29T01:03:46	renamed_Stick_0	78.2774518002323
2013-03-29T01:03:48	Stick	78.2668914053426
2013-03-29T01:03:51	Baratron	NaN
2013-03-29T01:03:58	TLCCR	64.9592851400716
2013-03-29T01:03:58	PanelT	0
2013-03-29T01:04:02	Baratron	NaN
2013-03-29T01:04:04	isisfreq	40
2013-03-29T01:04:05	freq10	50
2013-03-29T01:04:05	phase6	8970
2013-03-29T01:04:05	phase10	14416
2013-03-29T01:04:05	Cryovalve	
2013-03-29T01:04:05	Analyser_T1	13.274
2013-03-29T01:04:05	Tank_P	2.2E-06
2013-03-29T01:04:09	freq6	50
2013-03-29T01:04:09	Sample	76.7485260878287
2013-03-29T01:04:12	Baratron	NaN
2013-03-29T01:04:16	H2_Mod_T	49.2
2013-03-29T01:04:16	Guide_P	0.043
2013-03-29T01:04:16	OSIRIS_magnet	False
2013-03-29T01:04:16	renamed_Stick_0	78.0556835075494
2013-03-29T01:04:18	Stick	78.03456271777
2013-03-29T01:04:22	Baratron	NaN
2013-03-29T01:04:28	TLCCR	64.9592851400716
2013-03-29T01:04:28	PanelT	0
2013-03-29T01:04:33	Baratron	NaN
2013-03-29T01:04:34	isisfreq	40
2013-03-29T01:04:35	freq10	50
2013-03-29T01:04:35	phase6	8970
2013-03-29T01:04:35	phase10	14416
2013-03-29T01:04:35	Cryovalve	
2013-03-29T01:04:35	Analyser_T1	13.274
2013-03-29T01:04:35	Tank_P	2.2E-06
2013-03-29T01:04:39	freq6	50
2013-03-29T01:04:39	Sample	76.562434444229
2013-03-29T01:04:43	Baratron	NaN
2013-03-29T01:04:46	H2_Mod_T	49.5
2013-03-29T01:04:46	Guide_P	0.043
2013-03-29T01:04:46	OSIRIS_magnet	False
2013-03-29T01:04:46	renamed_Stick_0	77.8339152148664
2013-03-29T01:04:48	Stick	77.8127944250871
2013-03-29T01:04:54	Baratron	NaN
2013-03-29T01:04:58	TLCCR	64.9707124138574
2013-03-29T01:04:58	PanelT	0
2013-03-29T01:05:04	isisfreq	40
2013-03-29T01:05:04	Baratron	NaN
2013-03-29T01:05:05	freq10	50
2013-03-29T01:05:05	phase6	8970
2013-03-29T01:05:05	phase10	14416
2013-03-29T01:05:05	Cryovalve	
2013-03-29T01:05:05	Analyser_T1	13.273
2013-03-29T01:05:05	Tank_P	2.2E-06
2013-03-29T01:05:09	freq6	50
2013-03-29T01:05:09	Sample	76.3665485035979
2013-03-29T01:05:15	Baratron	NaN
2013-03-29T01:05:16	H2_Mod_T	49.7
2013-03-29T01:05:16	Guide_P	0.043
2013-03-29T01:05:16	OSIRIS_magnet	False
2013-03-29T01:05:16	renamed_Stick_0	77.6227073170732
2013-03-29T01:05:18	Stick	77.6015865272938
2013-03-29T01:05:26	Baratron	NaN
2013-03-29T01:05:29	TLCCR	64.9592851400716
2013-03-29T01:05:29	PanelT	0
2013-03-29T01:05:34	isisfreq	40
2013-03-29T01:05:35	freq10	50
2013-03-29T01:05:35	phase6	8970
2013-03-29T01:05:35	phase10	14416
2013-03-29T01:05:35	Cryovalve	
2013-03-29T01:05:35	Analyser_T1	13.274
2013-03-29T01:05:35	Tank_P	2.2E-06
2013-03-29T01:05:36	Baratron	NaN
2013-03-29T01:05:39	freq6	50
2013-03-29T01:05:39	Sample	76.1804568599983
2013-03-29T01:05:46	H2_Mod_T	49.9
2013-03-29T01:05:46	Guide_P	0.043
2013-03-29T01:05:46	OSIRIS_magnet	False
2013-03-29T01:05:46	renamed_Stick_0	77.4009390243903
2013-03-29T01:05:46	Baratron	NaN
2013-03-29T01:05:48	Stick	77.3903786295006
2013-03-29T01:05:56	Baratron	NaN
2013-03-29T01:05:59	TLCCR	64.9592851400716
2013-03-29T01:05:59	PanelT	0
2013-03-29T01:06:04	isisfreq	40
2013-03-29T01:06:05	freq10	50
2013-03-29T01:06:05	phase6	8970
2013-03-29T01:06:05	phase10	14416
2013-03-29T01:06:05	Cryovalve	
2013-03-29T01:06:05	Analyser_T1	13.274
2013-03-29T01:06:05	Tank_P	2.2E-06
2013-03-29T01:06:07	Baratron	NaN
2013-03-29T01:06:09	freq6	50
2013-03-29T01:06:09	Sample	75.9943652163987
2013-03-29T01:06:16	H2_Mod_T	49.9
2013-03-29T01:06:16	Guide_P	0.043
2013-03-29T01:06:16	OSIRIS_magnet	False
2013-03-29T01:06:16	renamed_Stick_0	77.189731126597
2013-03-29T01:06:17	Baratron	NaN
2013-03-29T01:06:18	Stick	77.1686103368177
2013-03-29T01:06:27	Baratron	NaN
2013-03-29T01:06:29	TLCCR	64.9592851400716
2013-03-29T01:06:29	PanelT	0
2013-03-29T01:06:35	isisfreq	40
2013-03-29T01:06:35	freq10	50
2013-03-29T01:06:35	phase6	8970
2013-03-29T01:06:35	phase10	14416
2013-03-29T01:06:35	Cryovalve	
2013-03-29T01:06:35	Analyser_T1	13.274
2013-03-29T01:06:35	Tank_P	2.2E-06
2013-03-29T01:06:37	Baratron	NaN
2013-03-29T01:06:39	freq6	50
2013-03-29T01:06:39	Sample	75.8082735727992
2013-03-29T01:06:46	H2_Mod_T	49.7
2013-03-29T01:06:46	Guide_P	0.043
2013-03-29T01:06:46	OSIRIS_magnet	False
2013-03-29T01:06:46	renamed_Stick_0	76.9785232288037
2013-03-29T01:06:48	Stick	76.9679628339141
2013-03-29T01:06:48	Baratron	NaN
2013-03-29T01:06:58	Baratron	NaN
2013-03-29T01:06:59	TLCCR	64.9592851400716
2013-03-29T01:06:59	PanelT	0
2013-03-29T01:07:05	isisfreq	40
2013-03-29T01:07:05	freq10	50
2013-03-29T01:07:05	phase6	8970
2013-03-29T01:07:05	phase10	14416
2013-03-29T01:07:05	Cryovalve	
2013-03-29T01:07:05	Analyser_T1	13.274
2013-03-29T01:07:05	Tank_P	2.2E-06
2013-03-29T01:07:08	Baratron	NaN
2013-03-29T01:07:09	freq6	50
2013-03-29T01:07:09	Sample	75.6319762262311
2013-03-29T01:07:16	H2_Mod_T	49.9
2013-03-29T01:07:16	Guide_P	0.043
2013-03-29T01:07:16	OSIRIS_magnet	False
2013-03-29T01:07:16	renamed_Stick_0	76.7673153310104
2013-03-29T01:07:18	Stick	76.7673153310104
2013-03-29T01:07:18	Baratron	NaN
2013-03-29T01:07:29	TLCCR	64.9478578662858
2013-03-29T01:07:29	PanelT	0
2013-03-29T01:07:29	Baratron	NaN
2013-03-29T01:07:35	isisfreq	40
2013-03-29T01:07:35	freq10	50
2013-03-29T01:07:35	phase6	8970
2013-03-29T01:07:35	phase10	14416
2013-03-29T01:07:35	Cryovalve	
2013-03-29T01:07:35	Analyser_T1	13.274
2013-03-29T01:07:35	Tank_P	2.2E-06
2013-03-29T01:07:39	freq6	50
2013-03-29T01:07:39	Sample	75.4556788796631
2013-03-29T01:07:39	Baratron	NaN
2013-03-29T01:07:46	H2_Mod_T	49.7
2013-03-29T01:07:46	Guide_P	0.043
2013-03-29T01:07:46	OSIRIS_magnet	False
2013-03-29T01:07:46	renamed_Stick_0	76.5772282229965
2013-03-29T01:07:48	Stick	76.5561074332172
2013-03-29T01:07:49	Baratron	NaN
2013-03-29T01:07:59	TLCCR	64.9592851400716
2013-03-29T01:07:59	PanelT	0
2013-03-29T01:08:00	Baratron	NaN
2013-03-29T01:08:05	isisfreq	40
2013-03-29T01:08:05	freq10	50
2013-03-29T01:08:05	phase6	8970
2013-03-29T01:08:05	phase10	14416
2013-03-29T01:08:05	Cryovalve	
2013-03-29T01:08:05	Analyser_T1	13.274
2013-03-29T01:08:05	Tank_P	2.2E-06
2013-03-29T01:08:09	freq6	50
2013-03-29T01:08:09	Sample	75.2891758301266
2013-03-29T01:08:11	Baratron	NaN
2013-03-29T01:08:16	Guide_P	0.043
2013-03-29T01:08:16	renamed_Stick_0	76.3765807200929
2013-03-29T01:08:17	H2_Mod_T	49.7
2013-03-29T01:08:17	OSIRIS_magnet	False
2013-03-29T01:08:19	Stick	76.3660203252033
2013-03-29T01:08:22	Baratron	NaN
2013-03-29T01:08:29	TLCCR	64.9707124138574
2013-03-29T01:08:29	PanelT	0
2013-03-29T01:08:32	Baratron	NaN
2013-03-29T01:08:35	isisfreq	40
2013-03-29T01:08:35	freq10	50
2013-03-29T01:08:35	phase6	8970
2013-03-29T01:08:35	phase10	14416
2013-03-29T01:08:35	Cryovalve	
2013-03-29T01:08:35	Analyser_T1	13.274
2013-03-29T01:08:35	Tank_P	2.2E-06
2013-03-29T01:08:39	freq6	50
2013-03-29T01:08:39	Sample	75.1176971352265
2013-03-29T01:08:42	Baratron	NaN
2013-03-29T01:08:46	Guide_P	0.043
2013-03-29T01:08:46	renamed_Stick_0	76.186493612079
2013-03-29T01:08:47	H2_Mod_T	49.7
2013-03-29T01:08:47	OSIRIS_magnet	False
2013-03-29T01:08:49	Stick	76.1653728222997
2013-03-29T01:08:52	Baratron	NaN
2013-03-29T01:08:59	TLCCR	64.9707124138574
2013-03-29T01:08:59	PanelT	0
2013-03-29T01:09:02	Baratron	NaN
2013-03-29T01:09:05	isisfreq	40
2013-03-29T01:09:05	freq10	50
2013-03-29T01:09:06	phase6	8970
2013-03-29T01:09:06	phase10	14416
2013-03-29T01:09:06	Cryovalve	
2013-03-29T01:09:06	Analyser_T1	13.274
2013-03-29T01:09:06	Tank_P	2.2E-06
2013-03-29T01:09:09	freq6	50
2013-03-29T01:09:10	Sample	74.9360119087277
2013-03-29T01:09:13	Baratron	NaN
2013-03-29T01:09:16	Guide_P	0.043
2013-03-29T01:09:16	renamed_Stick_0	76.0069668989547
2013-03-29T01:09:17	H2_Mod_T	49.6
2013-03-29T01:09:17	OSIRIS_magnet	False
2013-03-29T01:09:19	Stick	75.9858461091754
2013-03-29T01:09:23	Baratron	NaN
2013-03-29T01:09:29	TLCCR	64.9478578662858
2013-03-29T01:09:29	PanelT	0
2013-03-29T01:09:33	Baratron	NaN
2013-03-29T01:09:35	isisfreq	40
2013-03-29T01:09:35	freq10	50
2013-03-29T01:09:36	phase6	8970
2013-03-29T01:09:36	phase10	14416
2013-03-29T01:09:36	Cryovalve	
2013-03-29T01:09:36	Analyser_T1	13.275
2013-03-29T01:09:36	Tank_P	2.2E-06
2013-03-29T01:09:39	freq6	50
2013-03-29T01:09:40	Sample	74.7745139296178
2013-03-29T01:09:44	Baratron	NaN
2013-03-29T01:09:46	Guide_P	0.043
2013-03-29T01:09:46	renamed_Stick_0	75.8168797909408
2013-03-29T01:09:47	H2_Mod_T	49.7
2013-03-29T01:09:47	OSIRIS_magnet	False
2013-03-29T01:09:49	Stick	75.7957590011615
2013-03-29T01:09:55	Baratron	NaN
2013-03-29T01:10:00	TLCCR	64.9592851400716
2013-03-29T01:10:00	PanelT	0
2013-03-29T01:10:05	isisfreq	40
2013-03-29T01:10:05	freq10	50
2013-03-29T01:10:05	Baratron	NaN
2013-03-29T01:10:07	phase6	8970
2013-03-29T01:10:07	phase10	14416
2013-03-29T01:10:07	Cryovalve	
2013-03-29T01:10:07	Analyser_T1	13.276
2013-03-29T01:10:07	Tank_P	2.2E-06
2013-03-29T01:10:10	freq6	50
2013-03-29T01:10:10	Sample	74.6130159505078
2013-03-29T01:10:16	Guide_P	0.043
2013-03-29T01:10:16	Baratron	NaN
2013-03-29T01:10:17	renamed_Stick_0	75.6267926829268
2013-03-29T01:10:18	H2_Mod_T	49.6
2013-03-29T01:10:18	OSIRIS_magnet	False
2013-03-29T01:10:19	Stick	75.6162322880372
2013-03-29T01:10:26	Baratron	NaN
2013-03-29T01:10:30	TLCCR	64.9592851400716
2013-03-29T01:10:30	PanelT	0
2013-03-29T01:10:35	freq10	50
2013-03-29T01:10:36	isisfreq	40
2013-03-29T01:10:37	Baratron	NaN
2013-03-29T01:10:38	phase6	8970
2013-03-29T01:10:38	phase10	14416
2013-03-29T01:10:38	Cryovalve	
2013-03-29T01:10:38	Analyser_T1	13.276
2013-03-29T01:10:38	Tank_P	2.2E-06
2013-03-29T01:10:41	freq6	50
2013-03-29T01:10:41	Sample	74.4515179713978
2013-03-29T01:10:46	Guide_P	0.043
2013-03-29T01:10:47	renamed_Stick_0	75.4472659698025
2013-03-29T01:10:47	Baratron	NaN
2013-03-29T01:10:48	H2_Mod_T	49.7
2013-03-29T01:10:48	OSIRIS_magnet	False
2013-03-29T01:10:49	Stick	75.4367055749129
2013-03-29T01:10:58	Baratron	NaN
2013-03-29T01:11:00	TLCCR	64.9478578662858
2013-03-29T01:11:00	PanelT	0
2013-03-29T01:11:05	freq10	50
2013-03-29T01:11:06	isisfreq	40
2013-03-29T01:11:08	phase6	8970
2013-03-29T01:11:08	phase10	14416
2013-03-29T01:11:08	Cryovalve	
2013-03-29T01:11:08	Analyser_T1	13.275
2013-03-29T01:11:08	Tank_P	2.2E-06
2013-03-29T01:11:08	Baratron	NaN
2013-03-29T01:11:11	freq6	50
2013-03-29T01:11:11	Sample	74.3001136159822
2013-03-29T01:11:16	Guide_P	0.043
2013-03-29T01:11:17	renamed_Stick_0	75.278299651568
2013-03-29T01:11:18	H2_Mod_T	49.6
2013-03-29T01:11:18	OSIRIS_magnet	False
2013-03-29T01:11:19	Baratron	NaN
2013-03-29T01:11:19	Stick	75.2677392566783
2013-03-29T01:11:29	Baratron	NaN
2013-03-29T01:11:31	TLCCR	64.9364305925
2013-03-29T01:11:31	PanelT	0
2013-03-29T01:11:36	freq10	50
2013-03-29T01:11:37	isisfreq	40
2013-03-29T01:11:39	phase6	8970
2013-03-29T01:11:39	phase10	14416
2013-03-29T01:11:39	Cryovalve	
2013-03-29T01:11:39	Analyser_T1	13.275
2013-03-29T01:11:39	Tank_P	2.2E-06
2013-03-29T01:11:39	Baratron	NaN
2013-03-29T01:11:41	freq6	50
2013-03-29T01:11:41	Sample	74.1487092605666
2013-03-29T01:11:47	Guide_P	0.043
2013-03-29T01:11:47	renamed_Stick_0	75.1093333333334
2013-03-29T01:11:49	H2_Mod_T	49.5
2013-03-29T01:11:49	OSIRIS_magnet	False
2013-03-29T01:11:49	Stick	75.0987729384437
2013-03-29T01:11:50	Baratron	NaN
2013-03-29T01:12:00	Baratron	NaN
2013-03-29T01:12:02	TLCCR	64.9707124138574
2013-03-29T01:12:02	PanelT	0
2013-03-29T01:12:06	freq10	50
2013-03-29T01:12:07	isisfreq	40
2013-03-29T01:12:09	phase6	8970
2013-03-29T01:12:09	phase10	14416
2013-03-29T01:12:09	Cryovalve	
2013-03-29T01:12:09	Analyser_T1	13.275
2013-03-29T01:12:09	Tank_P	2.2E-06
2013-03-29T01:12:11	Baratron	NaN
2013-03-29T01:12:12	freq6	50
2013-03-29T01:12:12	Sample	73.997304905151
2013-03-29T01:12:17	Guide_P	0.043
2013-03-29T01:12:18	renamed_Stick_0	74.9403670150987
2013-03-29T01:12:19	H2_Mod_T	49.5
2013-03-29T01:12:19	OSIRIS_magnet	False
2013-03-29T01:12:20	Stick	74.9298066202091
2013-03-29T01:12:21	Baratron	NaN
2013-03-29T01:12:32	TLCCR	64.9707124138574
2013-03-29T01:12:32	PanelT	0
2013-03-29T01:12:32	Baratron	NaN
2013-03-29T01:12:36	freq10	50
2013-03-29T01:12:37	isisfreq	40
2013-03-29T01:12:39	phase6	8970
2013-03-29T01:12:39	phase10	14416
2013-03-29T01:12:39	Cryovalve	
2013-03-29T01:12:39	Analyser_T1	13.275
2013-03-29T01:12:39	Tank_P	2.2E-06
2013-03-29T01:12:42	freq6	50
2013-03-29T01:12:42	Sample	73.8660877971241
2013-03-29T01:12:42	Baratron	NaN
2013-03-29T01:12:47	Guide_P	0.043
2013-03-29T01:12:48	renamed_Stick_0	74.7714006968641
2013-03-29T01:12:49	H2_Mod_T	49.6
2013-03-29T01:12:49	OSIRIS_magnet	False
2013-03-29T01:12:50	Stick	74.7608403019744
2013-03-29T01:12:53	Baratron	NaN
2013-03-29T01:13:02	TLCCR	64.9592851400716
2013-03-29T01:13:02	PanelT	0
2013-03-29T01:13:03	Baratron	NaN
2013-03-29T01:13:06	freq10	50
2013-03-29T01:13:07	isisfreq	40
2013-03-29T01:13:09	phase6	8970
2013-03-29T01:13:09	phase10	14416
2013-03-29T01:13:09	Cryovalve	
2013-03-29T01:13:09	Analyser_T1	13.275
2013-03-29T01:13:09	Tank_P	2.2E-06
2013-03-29T01:13:12	freq6	50
2013-03-29T01:13:12	Sample	73.7045898180141
2013-03-29T01:13:13	Baratron	NaN
2013-03-29T01:13:17	Guide_P	0.043
2013-03-29T01:13:18	renamed_Stick_0	74.6129947735192
2013-03-29T01:13:19	OSIRIS_magnet	False
2013-03-29T01:13:20	H2_Mod_T	49.5
2013-03-29T01:13:20	Stick	74.6024343786295
2013-03-29T01:13:23	Baratron	NaN
2013-03-29T01:13:32	TLCCR	64.9478578662858
2013-03-29T01:13:32	PanelT	0
2013-03-29T01:13:33	Baratron	NaN
2013-03-29T01:13:36	freq10	50
2013-03-29T01:13:37	isisfreq	40
2013-03-29T01:13:39	phase6	8970
2013-03-29T01:13:39	phase10	14416
2013-03-29T01:13:39	Cryovalve	
2013-03-29T01:13:39	Analyser_T1	13.274
2013-03-29T01:13:39	Tank_P	2.2E-06
2013-03-29T01:13:42	freq6	50
2013-03-29T01:13:42	Sample	73.5733727099872
2013-03-29T01:13:43	Baratron	NaN
2013-03-29T01:13:47	Guide_P	0.043
2013-03-29T01:13:49	OSIRIS_magnet	False
2013-03-29T01:13:49	renamed_Stick_0	74.4545888501742
2013-03-29T01:13:50	H2_Mod_T	49.6
2013-03-29T01:13:50	Stick	74.4545888501742
2013-03-29T01:13:54	Baratron	NaN
2013-03-29T01:14:02	TLCCR	64.9478578662858
2013-03-29T01:14:02	PanelT	0
2013-03-29T01:14:04	Baratron	NaN
2013-03-29T01:14:06	freq10	50
2013-03-29T01:14:07	isisfreq	40
2013-03-29T01:14:09	phase6	8970
2013-03-29T01:14:09	phase10	14416
2013-03-29T01:14:09	Cryovalve	
2013-03-29T01:14:09	Analyser_T1	13.274
2013-03-29T01:14:09	Tank_P	2.2E-06
2013-03-29T01:14:12	freq6	50
2013-03-29T01:14:12	Sample	73.432061978266
2013-03-29T01:14:14	Baratron	NaN
2013-03-29T01:14:17	Guide_P	0.043
2013-03-29T01:14:19	OSIRIS_magnet	False
2013-03-29T01:14:19	renamed_Stick_0	74.3278641114983
2013-03-29T01:14:20	H2_Mod_T	49.5
2013-03-29T01:14:20	Stick	74.3278641114983
2013-03-29T01:14:25	Baratron	NaN
2013-03-29T01:14:32	TLCCR	64.9592851400716
2013-03-29T01:14:32	PanelT	0
2013-03-29T01:14:35	Baratron	NaN
2013-03-29T01:14:36	freq10	50
2013-03-29T01:14:37	isisfreq	40
2013-03-29T01:14:39	phase6	8970
2013-03-29T01:14:39	phase10	14416
2013-03-29T01:14:39	Cryovalve	
2013-03-29T01:14:39	Analyser_T1	13.274
2013-03-29T01:14:39	Tank_P	2.2E-06
2013-03-29T01:14:42	freq6	50
2013-03-29T01:14:42	Sample	73.3008448702391
2013-03-29T01:14:45	Baratron	NaN
2013-03-29T01:14:47	Guide_P	0.043
2013-03-29T01:14:49	OSIRIS_magnet	False
2013-03-29T01:14:49	renamed_Stick_0	74.2961829268293
2013-03-29T01:14:50	H2_Mod_T	49.5
2013-03-29T01:14:50	Stick	74.2961829268293
2013-03-29T01:14:55	Baratron	NaN
2013-03-29T01:15:02	TLCCR	64.9478578662858
2013-03-29T01:15:02	PanelT	0
2013-03-29T01:15:06	freq10	50
2013-03-29T01:15:06	Baratron	NaN
2013-03-29T01:15:07	isisfreq	40
2013-03-29T01:15:09	phase6	8970
2013-03-29T01:15:09	phase10	14416
2013-03-29T01:15:09	Cryovalve	
2013-03-29T01:15:09	Analyser_T1	13.274
2013-03-29T01:15:09	Tank_P	2.2E-06
2013-03-29T01:15:12	freq6	50
2013-03-29T01:15:12	Sample	73.1797213859067
2013-03-29T01:15:16	Baratron	NaN
2013-03-29T01:15:17	Guide_P	0.043
2013-03-29T01:15:19	OSIRIS_magnet	False
2013-03-29T01:15:20	H2_Mod_T	49.6
2013-03-29T01:15:20	renamed_Stick_0	74.3595452961672
2013-03-29T01:15:20	Stick	74.3595452961672
2013-03-29T01:15:26	Baratron	NaN
2013-03-29T01:15:32	TLCCR	64.9478578662858
2013-03-29T01:15:32	PanelT	0
2013-03-29T01:15:36	freq10	50
2013-03-29T01:15:36	Baratron	NaN
2013-03-29T01:15:37	isisfreq	40
2013-03-29T01:15:39	phase6	8970
2013-03-29T01:15:39	phase10	14416
2013-03-29T01:15:39	Cryovalve	
2013-03-29T01:15:39	Analyser_T1	13.274
2013-03-29T01:15:39	Tank_P	2.2E-06
2013-03-29T01:15:42	freq6	50
2013-03-29T01:15:42	Sample	73.0485042778798
2013-03-29T01:15:46	Baratron	NaN
2013-03-29T01:15:47	Guide_P	0.043
2013-03-29T01:15:49	OSIRIS_magnet	False
2013-03-29T01:15:50	H2_Mod_T	49.5
2013-03-29T01:15:50	renamed_Stick_0	74.4862700348432
2013-03-29T01:15:50	Stick	74.4862700348432
2013-03-29T01:15:56	Baratron	NaN
2013-03-29T01:16:02	TLCCR	64.9935669614291
2013-03-29T01:16:02	PanelT	0
2013-03-29T01:16:06	freq10	50
2013-03-29T01:16:07	isisfreq	40
2013-03-29T01:16:07	Baratron	NaN
2013-03-29T01:16:09	phase6	8970
2013-03-29T01:16:09	phase10	14416
2013-03-29T01:16:09	Cryovalve	
2013-03-29T01:16:09	Analyser_T1	13.274
2013-03-29T01:16:09	Tank_P	2.2E-06
2013-03-29T01:16:12	freq6	50
2013-03-29T01:16:12	Sample	72.9374744172417
2013-03-29T01:16:17	Guide_P	0.043
2013-03-29T01:16:17	Baratron	NaN
2013-03-29T01:16:19	OSIRIS_magnet	False
2013-03-29T01:16:20	H2_Mod_T	49.5
2013-03-29T01:16:20	renamed_Stick_0	74.6446759581882
2013-03-29T01:16:20	Stick	74.6446759581882
2013-03-29T01:16:27	Baratron	NaN
2013-03-29T01:16:32	TLCCR	64.9478578662858
2013-03-29T01:16:32	PanelT	0
2013-03-29T01:16:36	freq10	50
2013-03-29T01:16:37	isisfreq	40
2013-03-29T01:16:37	Baratron	NaN
2013-03-29T01:16:39	phase6	8970
2013-03-29T01:16:39	phase10	14416
2013-03-29T01:16:39	Cryovalve	
2013-03-29T01:16:39	Analyser_T1	13.274
2013-03-29T01:16:39	Tank_P	2.2E-06
2013-03-29T01:16:42	freq6	50
2013-03-29T01:16:42	Sample	72.8466318039923
2013-03-29T01:16:47	Guide_P	0.043
2013-03-29T01:16:47	Baratron	NaN
2013-03-29T01:16:49	OSIRIS_magnet	False
2013-03-29T01:16:50	H2_Mod_T	49.9
2013-03-29T01:16:50	renamed_Stick_0	74.7714006968641
2013-03-29T01:16:50	Stick	74.7714006968641
2013-03-29T01:16:58	Baratron	NaN
2013-03-29T01:17:02	TLCCR	64.9707124138574
2013-03-29T01:17:02	PanelT	0
2013-03-29T01:17:06	freq10	50
2013-03-29T01:17:08	isisfreq	40
2013-03-29T01:17:08	Baratron	NaN
2013-03-29T01:17:09	phase6	8970
2013-03-29T01:17:09	phase10	14416
2013-03-29T01:17:09	Cryovalve	
2013-03-29T01:17:09	Analyser_T1	13.274
2013-03-29T01:17:09	Tank_P	2.2E-06
2013-03-29T01:17:12	Sample	72.7557891907429
2013-03-29T01:17:13	freq6	50
2013-03-29T01:17:18	Guide_P	0.043
2013-03-29T01:17:18	Baratron	NaN
2013-03-29T01:17:20	OSIRIS_magnet	False
2013-03-29T01:17:21	H2_Mod_T	49.7
2013-03-29T01:17:21	renamed_Stick_0	74.8558838559814
2013-03-29T01:17:21	Stick	74.8558838559814
2013-03-29T01:17:28	Baratron	NaN
2013-03-29T01:17:32	TLCCR	64.9478578662858
2013-03-29T01:17:32	PanelT	0
2013-03-29T01:17:36	freq10	50
2013-03-29T01:17:38	isisfreq	40
2013-03-29T01:17:38	Baratron	NaN
2013-03-29T01:17:39	phase6	8970
2013-03-29T01:17:39	phase10	14416
2013-03-29T01:17:39	Cryovalve	
2013-03-29T01:17:39	Analyser_T1	13.275
2013-03-29T01:17:39	Tank_P	2.2E-06
2013-03-29T01:17:42	Sample	72.6851338248823
2013-03-29T01:17:43	freq6	50
2013-03-29T01:17:48	Guide_P	0.043
2013-03-29T01:17:49	Baratron	NaN
2013-03-29T01:17:50	OSIRIS_magnet	False
2013-03-29T01:17:51	H2_Mod_T	49.7
2013-03-29T01:17:51	renamed_Stick_0	74.9086858304297
2013-03-29T01:17:51	Stick	74.9086858304297
2013-03-29T01:17:59	Baratron	NaN
2013-03-29T01:18:02	TLCCR	64.9592851400716
2013-03-29T01:18:02	PanelT	0
2013-03-29T01:18:06	freq10	50
2013-03-29T01:18:09	isisfreq	40
2013-03-29T01:18:09	phase6	8970
2013-03-29T01:18:09	phase10	14416
2013-03-29T01:18:09	Cryovalve	
2013-03-29T01:18:09	Analyser_T1	13.275
2013-03-29T01:18:09	Tank_P	2.2E-06
2013-03-29T01:18:09	Baratron	NaN
2013-03-29T01:18:12	Sample	72.6245720827161
2013-03-29T01:18:13	freq6	50
2013-03-29T01:18:18	Guide_P	0.043
2013-03-29T01:18:19	Baratron	NaN
2013-03-29T01:18:20	OSIRIS_magnet	False
2013-03-29T01:18:21	H2_Mod_T	49.9
2013-03-29T01:18:21	renamed_Stick_0	74.9298066202091
2013-03-29T01:18:21	Stick	74.9298066202091
2013-03-29T01:18:29	Baratron	NaN
2013-03-29T01:18:32	TLCCR	64.9592851400716
2013-03-29T01:18:32	PanelT	0
2013-03-29T01:18:36	freq10	50
2013-03-29T01:18:39	isisfreq	40
2013-03-29T01:18:39	phase6	8970
2013-03-29T01:18:39	phase10	14416
2013-03-29T01:18:39	Cryovalve	
2013-03-29T01:18:39	Analyser_T1	13.275
2013-03-29T01:18:39	Tank_P	2.2E-06
2013-03-29T01:18:39	Baratron	NaN
2013-03-29T01:18:42	Sample	72.5640103405498
2013-03-29T01:18:43	freq6	50
2013-03-29T01:18:48	Guide_P	0.043
2013-03-29T01:18:50	OSIRIS_magnet	False
2013-03-29T01:18:50	Baratron	NaN
2013-03-29T01:18:51	H2_Mod_T	49.9
2013-03-29T01:18:51	renamed_Stick_0	74.9403670150987
2013-03-29T01:18:51	Stick	74.9403670150987
2013-03-29T01:19:01	Baratron	NaN
2013-03-29T01:19:02	TLCCR	64.9592851400716
2013-03-29T01:19:02	PanelT	0
2013-03-29T01:19:06	freq10	50
2013-03-29T01:19:09	isisfreq	40
2013-03-29T01:19:09	phase6	8970
2013-03-29T01:19:09	phase10	14416
2013-03-29T01:19:09	Cryovalve	
2013-03-29T01:19:09	Analyser_T1	13.274
2013-03-29T01:19:09	Tank_P	2.2E-06
2013-03-29T01:19:11	Baratron	NaN
2013-03-29T01:19:12	Sample	72.5034485983836
2013-03-29T01:19:13	freq6	50
2013-03-29T01:19:18	Guide_P	0.043
2013-03-29T01:19:20	OSIRIS_magnet	False
2013-03-29T01:19:21	H2_Mod_T	49.7
2013-03-29T01:19:21	renamed_Stick_0	74.9403670150987
2013-03-29T01:19:21	Stick	74.9403670150987
2013-03-29T01:19:21	Baratron	NaN
2013-03-29T01:19:31	Baratron	NaN
2013-03-29T01:19:32	TLCCR	64.9707124138574
2013-03-29T01:19:32	PanelT	0
2013-03-29T01:19:36	freq10	50
2013-03-29T01:19:39	isisfreq	40
2013-03-29T01:19:39	phase6	8970
2013-03-29T01:19:39	phase10	14416
2013-03-29T01:19:39	Cryovalve	
2013-03-29T01:19:39	Analyser_T1	13.274
2013-03-29T01:19:39	Tank_P	2.2E-06
2013-03-29T01:19:41	Baratron	NaN
2013-03-29T01:19:42	Sample	72.4529804799117
2013-03-29T01:19:43	freq6	50
2013-03-29T01:19:48	Guide_P	0.043
2013-03-29T01:19:50	OSIRIS_magnet	False
2013-03-29T01:19:51	H2_Mod_T	49.9
2013-03-29T01:19:51	renamed_Stick_0	74.9509274099884
2013-03-29T01:19:51	Stick	74.9509274099884
2013-03-29T01:19:51	Baratron	NaN
2013-03-29T01:20:01	Baratron	NaN
2013-03-29T01:20:02	TLCCR	64.9592851400716
2013-03-29T01:20:02	PanelT	0
2013-03-29T01:20:06	freq10	50
